
*** Running vivado
    with args -log knightrider.vds -m64 -mode batch -messageDb vivado.pb -notrace -source knightrider.tcl


****** Vivado v2016.2 (64-bit)
  **** SW Build 1577090 on Thu Jun  2 16:32:40 MDT 2016
  **** IP Build 1577682 on Fri Jun  3 12:00:54 MDT 2016
    ** Copyright 1986-2016 Xilinx, Inc. All Rights Reserved.

source knightrider.tcl -notrace
Command: synth_design -top knightrider -part xc7a100tcsg324-1
Starting synth_design
Attempting to get a license for feature 'Synthesis' and/or device 'xc7a100t'
INFO: [Common 17-349] Got license for feature 'Synthesis' and/or device 'xc7a100t'
INFO: Launching helper process for spawning children vivado processes
INFO: Helper process launched with PID 9232 
---------------------------------------------------------------------------------
Starting RTL Elaboration : Time (s): cpu = 00:00:04 ; elapsed = 00:00:06 . Memory (MB): peak = 296.711 ; gain = 88.117
---------------------------------------------------------------------------------
INFO: [Synth 8-638] synthesizing module 'knightrider' [H:/test/project_knightrider/project_knightrider.srcs/sources_1/new/knightrider.vhd:39]
INFO: [Synth 8-3491] module 'ratecounter_source' declared at 'H:/test/project_knightrider/project_knightrider.srcs/sources_1/new/counter4.vhd:6' bound to instance 'ratecounter' of component 'ratecounter_source' [H:/test/project_knightrider/project_knightrider.srcs/sources_1/new/knightrider.vhd:76]
INFO: [Synth 8-638] synthesizing module 'ratecounter_source' [H:/test/project_knightrider/project_knightrider.srcs/sources_1/new/counter4.vhd:19]
INFO: [Synth 8-256] done synthesizing module 'ratecounter_source' (1#1) [H:/test/project_knightrider/project_knightrider.srcs/sources_1/new/counter4.vhd:19]
INFO: [Synth 8-3491] module 'addrcounter_source' declared at 'H:/test/project_knightrider/project_knightrider.srcs/sources_1/new/addrcounterreal.vhd:6' bound to instance 'addrcounter' of component 'addrcounter_source' [H:/test/project_knightrider/project_knightrider.srcs/sources_1/new/knightrider.vhd:77]
INFO: [Synth 8-638] synthesizing module 'addrcounter_source' [H:/test/project_knightrider/project_knightrider.srcs/sources_1/new/addrcounterreal.vhd:15]
INFO: [Synth 8-256] done synthesizing module 'addrcounter_source' (2#1) [H:/test/project_knightrider/project_knightrider.srcs/sources_1/new/addrcounterreal.vhd:15]
INFO: [Synth 8-3491] module 'memory_01' declared at 'H:/test/project_knightrider/project_knightrider.srcs/sources_1/new/addrcounter.vhd:7' bound to instance 'mem' of component 'memory_01' [H:/test/project_knightrider/project_knightrider.srcs/sources_1/new/knightrider.vhd:78]
INFO: [Synth 8-638] synthesizing module 'memory_01' [H:/test/project_knightrider/project_knightrider.srcs/sources_1/new/addrcounter.vhd:16]
INFO: [Synth 8-256] done synthesizing module 'memory_01' (3#1) [H:/test/project_knightrider/project_knightrider.srcs/sources_1/new/addrcounter.vhd:16]
INFO: [Synth 8-256] done synthesizing module 'knightrider' (4#1) [H:/test/project_knightrider/project_knightrider.srcs/sources_1/new/knightrider.vhd:39]
---------------------------------------------------------------------------------
Finished RTL Elaboration : Time (s): cpu = 00:00:04 ; elapsed = 00:00:08 . Memory (MB): peak = 334.129 ; gain = 125.535
---------------------------------------------------------------------------------

Report Check Netlist: 
+------+------------------+-------+---------+-------+------------------+
|      |Item              |Errors |Warnings |Status |Description       |
+------+------------------+-------+---------+-------+------------------+
|1     |multi_driven_nets |      0|        0|Passed |Multi driven nets |
+------+------------------+-------+---------+-------+------------------+
---------------------------------------------------------------------------------
Finished RTL Optimization Phase 1 : Time (s): cpu = 00:00:04 ; elapsed = 00:00:09 . Memory (MB): peak = 334.129 ; gain = 125.535
---------------------------------------------------------------------------------
INFO: [Device 21-403] Loading part xc7a100tcsg324-1
INFO: [Project 1-570] Preparing netlist for logic optimization

Processing XDC Constraints
Initializing timing engine
Parsing XDC File [H:/test/project_knightrider/project_knightrider.srcs/constrs_1/new/constr.xdc]
Finished Parsing XDC File [H:/test/project_knightrider/project_knightrider.srcs/constrs_1/new/constr.xdc]
INFO: [Project 1-236] Implementation specific constraints were found while reading constraint file [H:/test/project_knightrider/project_knightrider.srcs/constrs_1/new/constr.xdc]. These constraints will be ignored for synthesis but will be used in implementation. Impacted constraints are listed in the file [.Xil/knightrider_propImpl.xdc].
Resolution: To avoid this warning, move constraints listed in [.Xil/knightrider_propImpl.xdc] to another XDC file and exclude this new file from synthesis with the used_in_synthesis property (File Properties dialog in GUI) and re-run elaboration/synthesis.
Completed Processing XDC Constraints

INFO: [Project 1-111] Unisim Transformation Summary:
No Unisim elements were transformed.

Constraint Validation Runtime : Time (s): cpu = 00:00:00 ; elapsed = 00:00:00.015 . Memory (MB): peak = 629.137 ; gain = 0.000
---------------------------------------------------------------------------------
Finished Constraint Validation : Time (s): cpu = 00:00:11 ; elapsed = 00:00:32 . Memory (MB): peak = 629.137 ; gain = 420.543
---------------------------------------------------------------------------------
---------------------------------------------------------------------------------
Start Loading Part and Timing Information
---------------------------------------------------------------------------------
Loading part: xc7a100tcsg324-1
---------------------------------------------------------------------------------
Finished Loading Part and Timing Information : Time (s): cpu = 00:00:11 ; elapsed = 00:00:32 . Memory (MB): peak = 629.137 ; gain = 420.543
---------------------------------------------------------------------------------
---------------------------------------------------------------------------------
Start Applying 'set_property' XDC Constraints
---------------------------------------------------------------------------------
---------------------------------------------------------------------------------
Finished applying 'set_property' XDC Constraints : Time (s): cpu = 00:00:11 ; elapsed = 00:00:33 . Memory (MB): peak = 629.137 ; gain = 420.543
---------------------------------------------------------------------------------
WARNING: [Synth 8-327] inferring latch for variable 'limit_reg' [H:/test/project_knightrider/project_knightrider.srcs/sources_1/new/counter4.vhd:26]
---------------------------------------------------------------------------------
Finished RTL Optimization Phase 2 : Time (s): cpu = 00:00:11 ; elapsed = 00:00:33 . Memory (MB): peak = 629.137 ; gain = 420.543
---------------------------------------------------------------------------------

Report RTL Partitions: 
+-+--------------+------------+----------+
| |RTL Partition |Replication |Instances |
+-+--------------+------------+----------+
+-+--------------+------------+----------+
---------------------------------------------------------------------------------
Start RTL Component Statistics 
---------------------------------------------------------------------------------
Detailed RTL Component Info : 
+---Adders : 
	   2 Input      5 Bit       Adders := 1     
+---Registers : 
	               16 Bit    Registers := 1     
	                5 Bit    Registers := 1     
	                1 Bit    Registers := 1     
+---RAMs : 
	              512 Bit         RAMs := 1     
+---Muxes : 
	   2 Input     23 Bit        Muxes := 1     
	   2 Input     22 Bit        Muxes := 1     
	   2 Input     21 Bit        Muxes := 1     
	   2 Input      1 Bit        Muxes := 4     
---------------------------------------------------------------------------------
Finished RTL Component Statistics 
---------------------------------------------------------------------------------
---------------------------------------------------------------------------------
Start RTL Hierarchical Component Statistics 
---------------------------------------------------------------------------------
Hierarchical RTL Component report 
Module ratecounter_source 
Detailed RTL Component Info : 
+---Registers : 
	                1 Bit    Registers := 1     
+---Muxes : 
	   2 Input     23 Bit        Muxes := 1     
	   2 Input     22 Bit        Muxes := 1     
	   2 Input     21 Bit        Muxes := 1     
	   2 Input      1 Bit        Muxes := 4     
Module addrcounter_source 
Detailed RTL Component Info : 
+---Adders : 
	   2 Input      5 Bit       Adders := 1     
+---Registers : 
	                5 Bit    Registers := 1     
Module memory_01 
Detailed RTL Component Info : 
+---Registers : 
	               16 Bit    Registers := 1     
+---RAMs : 
	              512 Bit         RAMs := 1     
---------------------------------------------------------------------------------
Finished RTL Hierarchical Component Statistics
---------------------------------------------------------------------------------
---------------------------------------------------------------------------------
Start Part Resource Summary
---------------------------------------------------------------------------------
Part Resources:
DSPs: 240 (col length:80)
BRAMs: 270 (col length: RAMB18 80 RAMB36 40)
---------------------------------------------------------------------------------
Finished Part Resource Summary
---------------------------------------------------------------------------------
Start Parallel Synthesis Optimization  : Time (s): cpu = 00:00:11 ; elapsed = 00:00:33 . Memory (MB): peak = 629.137 ; gain = 420.543
---------------------------------------------------------------------------------
Start Cross Boundary Optimization
---------------------------------------------------------------------------------
---------------------------------------------------------------------------------
Finished Cross Boundary Optimization : Time (s): cpu = 00:00:11 ; elapsed = 00:00:33 . Memory (MB): peak = 629.137 ; gain = 420.543
---------------------------------------------------------------------------------
Finished Parallel Reinference  : Time (s): cpu = 00:00:11 ; elapsed = 00:00:33 . Memory (MB): peak = 629.137 ; gain = 420.543

Report RTL Partitions: 
+-+--------------+------------+----------+
| |RTL Partition |Replication |Instances |
+-+--------------+------------+----------+
+-+--------------+------------+----------+
---------------------------------------------------------------------------------
Start ROM, RAM, DSP and Shift Register Reporting
---------------------------------------------------------------------------------

Distributed RAM: Preliminary Mapping  Report (see note below)
+------------+-------------+-----------+----------------------+-----------------+
|Module Name | RTL Object  | Inference | Size (Depth x Width) | Primitives      | 
+------------+-------------+-----------+----------------------+-----------------+
|knightrider | mem/RAM_reg | Implied   | 32 x 16              | RAM32X1S x 16   | 
+------------+-------------+-----------+----------------------+-----------------+

Note: The table above is a preliminary report that shows the Distributed RAMs at the current stage of the synthesis flow. Some Distributed RAMs may be reimplemented as non Distributed RAM primitives later in the synthesis flow. Multiple instantiated RAMs are reported only once.
---------------------------------------------------------------------------------
Finished ROM, RAM, DSP and Shift Register Reporting
---------------------------------------------------------------------------------
---------------------------------------------------------------------------------
Start Area Optimization
---------------------------------------------------------------------------------
INFO: [Synth 8-3886] merging instance 'ratecounter/limit_reg[0]' (LD) to 'ratecounter/limit_reg[23]'
INFO: [Synth 8-3886] merging instance 'ratecounter/limit_reg[1]' (LD) to 'ratecounter/limit_reg[6]'
INFO: [Synth 8-3886] merging instance 'ratecounter/limit_reg[3]' (LD) to 'ratecounter/limit_reg[21]'
INFO: [Synth 8-3886] merging instance 'ratecounter/limit_reg[4]' (LD) to 'ratecounter/limit_reg[22]'
INFO: [Synth 8-3886] merging instance 'ratecounter/limit_reg[5]' (LD) to 'ratecounter/limit_reg[23]'
INFO: [Synth 8-3886] merging instance 'ratecounter/limit_reg[8]' (LD) to 'ratecounter/limit_reg[15]'
INFO: [Synth 8-3886] merging instance 'ratecounter/limit_reg[9]' (LD) to 'ratecounter/limit_reg[17]'
INFO: [Synth 8-3886] merging instance 'ratecounter/limit_reg[10]' (LD) to 'ratecounter/limit_reg[18]'
INFO: [Synth 8-3886] merging instance 'ratecounter/limit_reg[11]' (LD) to 'ratecounter/limit_reg[19]'
INFO: [Synth 8-3886] merging instance 'ratecounter/limit_reg[12]' (LD) to 'ratecounter/limit_reg[20]'
INFO: [Synth 8-3886] merging instance 'ratecounter/limit_reg[16]' (LD) to 'ratecounter/limit_reg[17]'
INFO: [Synth 8-3333] propagating constant 1 across sequential element (\ratecounter/limit_reg[17] )
INFO: [Synth 8-3333] propagating constant 0 across sequential element (\ratecounter/limit_reg[23] )
WARNING: [Synth 8-3332] Sequential element (ratecounter/limit_reg[23]) is unused and will be removed from module knightrider.
WARNING: [Synth 8-3332] Sequential element (ratecounter/limit_reg[17]) is unused and will be removed from module knightrider.
WARNING: [Synth 8-3332] Sequential element (ratecounter/limit_reg[16]) is unused and will be removed from module knightrider.
WARNING: [Synth 8-3332] Sequential element (ratecounter/limit_reg[12]) is unused and will be removed from module knightrider.
WARNING: [Synth 8-3332] Sequential element (ratecounter/limit_reg[11]) is unused and will be removed from module knightrider.
WARNING: [Synth 8-3332] Sequential element (ratecounter/limit_reg[10]) is unused and will be removed from module knightrider.
WARNING: [Synth 8-3332] Sequential element (ratecounter/limit_reg[9]) is unused and will be removed from module knightrider.
WARNING: [Synth 8-3332] Sequential element (ratecounter/limit_reg[8]) is unused and will be removed from module knightrider.
WARNING: [Synth 8-3332] Sequential element (ratecounter/limit_reg[5]) is unused and will be removed from module knightrider.
WARNING: [Synth 8-3332] Sequential element (ratecounter/limit_reg[4]) is unused and will be removed from module knightrider.
WARNING: [Synth 8-3332] Sequential element (ratecounter/limit_reg[3]) is unused and will be removed from module knightrider.
WARNING: [Synth 8-3332] Sequential element (ratecounter/limit_reg[1]) is unused and will be removed from module knightrider.
WARNING: [Synth 8-3332] Sequential element (ratecounter/limit_reg[0]) is unused and will be removed from module knightrider.
---------------------------------------------------------------------------------
Finished Area Optimization : Time (s): cpu = 00:00:11 ; elapsed = 00:00:33 . Memory (MB): peak = 629.137 ; gain = 420.543
---------------------------------------------------------------------------------
Finished Parallel Area Optimization  : Time (s): cpu = 00:00:11 ; elapsed = 00:00:33 . Memory (MB): peak = 629.137 ; gain = 420.543

Report RTL Partitions: 
+-+--------------+------------+----------+
| |RTL Partition |Replication |Instances |
+-+--------------+------------+----------+
+-+--------------+------------+----------+
---------------------------------------------------------------------------------
Start Timing Optimization
---------------------------------------------------------------------------------
---------------------------------------------------------------------------------
Start Applying XDC Timing Constraints
---------------------------------------------------------------------------------
---------------------------------------------------------------------------------
Finished Applying XDC Timing Constraints : Time (s): cpu = 00:00:20 ; elapsed = 00:00:43 . Memory (MB): peak = 629.137 ; gain = 420.543
---------------------------------------------------------------------------------
---------------------------------------------------------------------------------
Finished Timing Optimization : Time (s): cpu = 00:00:20 ; elapsed = 00:00:43 . Memory (MB): peak = 629.137 ; gain = 420.543
---------------------------------------------------------------------------------

Report RTL Partitions: 
+-+--------------+------------+----------+
| |RTL Partition |Replication |Instances |
+-+--------------+------------+----------+
+-+--------------+------------+----------+
---------------------------------------------------------------------------------
Start Technology Mapping
---------------------------------------------------------------------------------
---------------------------------------------------------------------------------
Finished Technology Mapping : Time (s): cpu = 00:00:20 ; elapsed = 00:00:43 . Memory (MB): peak = 629.137 ; gain = 420.543
---------------------------------------------------------------------------------
Finished Parallel Technology Mapping Optimization  : Time (s): cpu = 00:00:20 ; elapsed = 00:00:43 . Memory (MB): peak = 629.137 ; gain = 420.543

Report RTL Partitions: 
+-+--------------+------------+----------+
| |RTL Partition |Replication |Instances |
+-+--------------+------------+----------+
+-+--------------+------------+----------+
Finished Parallel Synthesis Optimization  : Time (s): cpu = 00:00:20 ; elapsed = 00:00:43 . Memory (MB): peak = 629.137 ; gain = 420.543
---------------------------------------------------------------------------------
Start IO Insertion
---------------------------------------------------------------------------------
---------------------------------------------------------------------------------
Start Flattening Before IO Insertion
---------------------------------------------------------------------------------
---------------------------------------------------------------------------------
Finished Flattening Before IO Insertion
---------------------------------------------------------------------------------
---------------------------------------------------------------------------------
Start Final Netlist Cleanup
---------------------------------------------------------------------------------
---------------------------------------------------------------------------------
Finished Final Netlist Cleanup
---------------------------------------------------------------------------------
---------------------------------------------------------------------------------
Finished IO Insertion : Time (s): cpu = 00:00:20 ; elapsed = 00:00:43 . Memory (MB): peak = 629.137 ; gain = 420.543
---------------------------------------------------------------------------------

Report Check Netlist: 
+------+------------------+-------+---------+-------+------------------+
|      |Item              |Errors |Warnings |Status |Description       |
+------+------------------+-------+---------+-------+------------------+
|1     |multi_driven_nets |      0|        0|Passed |Multi driven nets |
+------+------------------+-------+---------+-------+------------------+
---------------------------------------------------------------------------------
Start Renaming Generated Instances
---------------------------------------------------------------------------------
---------------------------------------------------------------------------------
Finished Renaming Generated Instances : Time (s): cpu = 00:00:20 ; elapsed = 00:00:43 . Memory (MB): peak = 629.137 ; gain = 420.543
---------------------------------------------------------------------------------

Report RTL Partitions: 
+-+--------------+------------+----------+
| |RTL Partition |Replication |Instances |
+-+--------------+------------+----------+
+-+--------------+------------+----------+
---------------------------------------------------------------------------------
Start Rebuilding User Hierarchy
---------------------------------------------------------------------------------
---------------------------------------------------------------------------------
Finished Rebuilding User Hierarchy : Time (s): cpu = 00:00:20 ; elapsed = 00:00:43 . Memory (MB): peak = 629.137 ; gain = 420.543
---------------------------------------------------------------------------------
---------------------------------------------------------------------------------
Start Renaming Generated Ports
---------------------------------------------------------------------------------
---------------------------------------------------------------------------------
Finished Renaming Generated Ports : Time (s): cpu = 00:00:20 ; elapsed = 00:00:43 . Memory (MB): peak = 629.137 ; gain = 420.543
---------------------------------------------------------------------------------
---------------------------------------------------------------------------------
Start Handling Custom Attributes
---------------------------------------------------------------------------------
---------------------------------------------------------------------------------
Finished Handling Custom Attributes : Time (s): cpu = 00:00:20 ; elapsed = 00:00:43 . Memory (MB): peak = 629.137 ; gain = 420.543
---------------------------------------------------------------------------------
---------------------------------------------------------------------------------
Start Renaming Generated Nets
---------------------------------------------------------------------------------
---------------------------------------------------------------------------------
Finished Renaming Generated Nets : Time (s): cpu = 00:00:20 ; elapsed = 00:00:43 . Memory (MB): peak = 629.137 ; gain = 420.543
---------------------------------------------------------------------------------
---------------------------------------------------------------------------------
Start Writing Synthesis Report
---------------------------------------------------------------------------------

Report BlackBoxes: 
+-+--------------+----------+
| |BlackBox name |Instances |
+-+--------------+----------+
+-+--------------+----------+

Report Cell Usage: 
+------+---------+------+
|      |Cell     |Count |
+------+---------+------+
|1     |BUFG     |     1|
|2     |CARRY4   |     8|
|3     |LUT1     |    26|
|4     |LUT2     |     4|
|5     |LUT3     |     8|
|6     |LUT4     |     4|
|7     |LUT5     |     5|
|8     |LUT6     |     4|
|9     |RAM32X1S |    16|
|10    |FDRE     |    46|
|11    |LD       |    11|
|12    |IBUF     |     7|
|13    |OBUF     |    16|
+------+---------+------+

Report Instance Areas: 
+------+--------------+-------------------+------+
|      |Instance      |Module             |Cells |
+------+--------------+-------------------+------+
|1     |top           |                   |   156|
|2     |  addrcounter |addrcounter_source |    11|
|3     |  mem         |memory_01          |    32|
|4     |  ratecounter |ratecounter_source |    89|
+------+--------------+-------------------+------+
---------------------------------------------------------------------------------
Finished Writing Synthesis Report : Time (s): cpu = 00:00:20 ; elapsed = 00:00:43 . Memory (MB): peak = 629.137 ; gain = 420.543
---------------------------------------------------------------------------------
Synthesis finished with 0 errors, 0 critical warnings and 14 warnings.
Synthesis Optimization Runtime : Time (s): cpu = 00:00:12 ; elapsed = 00:00:20 . Memory (MB): peak = 629.137 ; gain = 114.324
Synthesis Optimization Complete : Time (s): cpu = 00:00:20 ; elapsed = 00:00:43 . Memory (MB): peak = 629.137 ; gain = 420.543
INFO: [Project 1-571] Translating synthesized netlist
INFO: [Netlist 29-17] Analyzing 42 Unisim elements for replacement
INFO: [Netlist 29-28] Unisim Transformation completed in 0 CPU seconds
INFO: [Project 1-570] Preparing netlist for logic optimization
INFO: [Opt 31-138] Pushed 0 inverter(s) to 0 load pin(s).
INFO: [Project 1-111] Unisim Transformation Summary:
  A total of 27 instances were transformed.
  LD => LDCE: 11 instances
  RAM32X1S => RAM32X1S (RAMS32): 16 instances

INFO: [Common 17-83] Releasing license: Synthesis
36 Infos, 14 Warnings, 0 Critical Warnings and 0 Errors encountered.
synth_design completed successfully
synth_design: Time (s): cpu = 00:00:20 ; elapsed = 00:00:41 . Memory (MB): peak = 629.137 ; gain = 414.559
report_utilization: Time (s): cpu = 00:00:00 ; elapsed = 00:00:00.020 . Memory (MB): peak = 629.137 ; gain = 0.000
INFO: [Common 17-206] Exiting Vivado at Tue Feb 07 23:36:49 2017...
