Copyright 1986-2016 Xilinx, Inc. All Rights Reserved.
--------------------------------------------------------------------------------------
| Tool Version : Vivado v.2016.2 (win64) Build 1577090 Thu Jun  2 16:32:40 MDT 2016
| Date         : Sun Feb 05 18:40:08 2017
| Host         : 2002-16 running 64-bit Service Pack 1  (build 7601)
| Command      : report_control_sets -verbose -file memory_01_control_sets_placed.rpt
| Design       : memory_01
| Device       : xc7a100ti
--------------------------------------------------------------------------------------

Control Set Information

Table of Contents
-----------------
1. Summary
2. Flip-Flop Distribution
3. Detailed Control Set Information

1. Summary
----------

+----------------------------------------------------------+-------+
|                          Status                          | Count |
+----------------------------------------------------------+-------+
| Number of unique control sets                            |     2 |
| Unused register locations in slices containing registers |     0 |
+----------------------------------------------------------+-------+


2. Flip-Flop Distribution
-------------------------

+--------------+-----------------------+------------------------+-----------------+--------------+
| Clock Enable | Synchronous Set/Reset | Asynchronous Set/Reset | Total Registers | Total Slices |
+--------------+-----------------------+------------------------+-----------------+--------------+
| No           | No                    | No                     |               0 |            0 |
| No           | No                    | Yes                    |               0 |            0 |
| No           | Yes                   | No                     |               0 |            0 |
| Yes          | No                    | No                     |              16 |            4 |
| Yes          | No                    | Yes                    |               0 |            0 |
| Yes          | Yes                   | No                     |               0 |            0 |
+--------------+-----------------------+------------------------+-----------------+--------------+


3. Detailed Control Set Information
-----------------------------------

+----------------+--------------------------+------------------+------------------+----------------+
|  Clock Signal  |       Enable Signal      | Set/Reset Signal | Slice Load Count | Bel Load Count |
+----------------+--------------------------+------------------+------------------+----------------+
|  CLK_IBUF_BUFG | EN_IBUF                  |                  |                4 |             16 |
|  CLK_IBUF_BUFG | RAM_reg_0_31_0_0_i_1_n_0 |                  |                4 |             16 |
+----------------+--------------------------+------------------+------------------+----------------+


