Copyright 1986-2016 Xilinx, Inc. All Rights Reserved.
-------------------------------------------------------------------------------------------------------------------------------------------------
| Tool Version     : Vivado v.2016.2 (win64) Build 1577090 Thu Jun  2 16:32:40 MDT 2016
| Date             : Sun Feb 05 18:42:08 2017
| Host             : 2002-16 running 64-bit Service Pack 1  (build 7601)
| Command          : report_power -file memory_01_power_routed.rpt -pb memory_01_power_summary_routed.pb -rpx memory_01_power_routed.rpx
| Design           : memory_01
| Device           : xc7a100ticsg324-1L
| Design State     : routed
| Grade            : industrial
| Process          : typical
| Characterization : Advance
-------------------------------------------------------------------------------------------------------------------------------------------------

Power Report

Table of Contents
-----------------
1. Summary
1.1 On-Chip Components
1.2 Power Supply Summary
1.3 Confidence Level
2. Settings
2.1 Environment
2.2 Clock Constraints
3. Detailed Reports
3.1 By Hierarchy

1. Summary
----------

+--------------------------+-------+
| Total On-Chip Power (W)  | 4.139 |
| Dynamic (W)              | 4.049 |
| Device Static (W)        | 0.090 |
| Effective TJA (C/W)      | 4.6   |
| Max Ambient (C)          | 81.1  |
| Junction Temperature (C) | 43.9  |
| Confidence Level         | Low   |
| Setting File             | ---   |
| Simulation Activity File | ---   |
| Design Nets Matched      | NA    |
+--------------------------+-------+


1.1 On-Chip Components
----------------------

+--------------------------+-----------+----------+-----------+-----------------+
| On-Chip                  | Power (W) | Used     | Available | Utilization (%) |
+--------------------------+-----------+----------+-----------+-----------------+
| Slice Logic              |     0.020 |       35 |       --- |             --- |
|   LUT as Distributed RAM |     0.009 |       16 |     19000 |            0.08 |
|   BUFG                   |     0.005 |        1 |        32 |            3.13 |
|   Register               |     0.004 |       16 |    126800 |            0.01 |
|   LUT as Logic           |    <0.001 |        1 |     63400 |           <0.01 |
|   Others                 |     0.000 |        1 |       --- |             --- |
| Signals                  |     0.179 |       42 |       --- |             --- |
| I/O                      |     3.850 |       40 |       210 |           19.05 |
| Static Power             |     0.090 |          |           |                 |
| Total                    |     4.139 |          |           |                 |
+--------------------------+-----------+----------+-----------+-----------------+


1.2 Power Supply Summary
------------------------

+-----------+-------------+-----------+-------------+------------+
| Source    | Voltage (V) | Total (A) | Dynamic (A) | Static (A) |
+-----------+-------------+-----------+-------------+------------+
| Vccint    |       0.950 |     0.321 |       0.302 |      0.019 |
| Vccaux    |       1.800 |     0.326 |       0.308 |      0.018 |
| Vcco33    |       3.300 |     0.000 |       0.000 |      0.000 |
| Vcco25    |       2.500 |     0.000 |       0.000 |      0.000 |
| Vcco18    |       1.800 |     1.786 |       1.782 |      0.004 |
| Vcco15    |       1.500 |     0.000 |       0.000 |      0.000 |
| Vcco135   |       1.350 |     0.000 |       0.000 |      0.000 |
| Vcco12    |       1.200 |     0.000 |       0.000 |      0.000 |
| Vccaux_io |       1.800 |     0.000 |       0.000 |      0.000 |
| Vccbram   |       0.950 |     0.000 |       0.000 |      0.000 |
| MGTAVcc   |       1.000 |     0.000 |       0.000 |      0.000 |
| MGTAVtt   |       1.200 |     0.000 |       0.000 |      0.000 |
| Vccadc    |       1.800 |     0.018 |       0.000 |      0.018 |
+-----------+-------------+-----------+-------------+------------+


1.3 Confidence Level
--------------------

+-----------------------------+------------+--------------------------------------------------------+--------------------------------------------------------------------------------------------------------------------+
| User Input Data             | Confidence | Details                                                | Action                                                                                                             |
+-----------------------------+------------+--------------------------------------------------------+--------------------------------------------------------------------------------------------------------------------+
| Design implementation state | High       | Design is routed                                       |                                                                                                                    |
| Clock nodes activity        | Low        | User specified less than 75% of clocks                 | Provide missing clock activity with a constraint file, simulation results or by editing the "By Clock Domain" view |
| I/O nodes activity          | Low        | More than 75% of inputs are missing user specification | Provide missing input activity with simulation results or by editing the "By Resource Type -> I/Os" view           |
| Internal nodes activity     | Medium     | User specified less than 25% of internal nodes         | Provide missing internal nodes activity with simulation results or by editing the "By Resource Type" views         |
| Device models               | Medium     | Device models are not Production                       | Device models may change and in turn slightly affect accuracy                                                      |
|                             |            |                                                        |                                                                                                                    |
| Overall confidence level    | Low        |                                                        |                                                                                                                    |
+-----------------------------+------------+--------------------------------------------------------+--------------------------------------------------------------------------------------------------------------------+


2. Settings
-----------

2.1 Environment
---------------

+-----------------------+--------------------------+
| Ambient Temp (C)      | 25.0                     |
| ThetaJA (C/W)         | 4.6                      |
| Airflow (LFM)         | 250                      |
| Heat Sink             | medium (Medium Profile)  |
| ThetaSA (C/W)         | 4.6                      |
| Board Selection       | medium (10"x10")         |
| # of Board Layers     | 12to15 (12 to 15 Layers) |
| Board Temperature (C) | 25.0                     |
+-----------------------+--------------------------+


2.2 Clock Constraints
---------------------

+-------+--------+-----------------+
| Clock | Domain | Constraint (ns) |
+-------+--------+-----------------+


3. Detailed Reports
-------------------

3.1 By Hierarchy
----------------

+----------------------+-----------+
| Name                 | Power (W) |
+----------------------+-----------+
| memory_01            |     4.049 |
|   RAM_reg_0_31_0_0   |    <0.001 |
|   RAM_reg_0_31_10_10 |    <0.001 |
|   RAM_reg_0_31_11_11 |    <0.001 |
|   RAM_reg_0_31_12_12 |    <0.001 |
|   RAM_reg_0_31_13_13 |    <0.001 |
|   RAM_reg_0_31_14_14 |    <0.001 |
|   RAM_reg_0_31_15_15 |    <0.001 |
|   RAM_reg_0_31_1_1   |    <0.001 |
|   RAM_reg_0_31_2_2   |    <0.001 |
|   RAM_reg_0_31_3_3   |    <0.001 |
|   RAM_reg_0_31_4_4   |    <0.001 |
|   RAM_reg_0_31_5_5   |    <0.001 |
|   RAM_reg_0_31_6_6   |    <0.001 |
|   RAM_reg_0_31_7_7   |    <0.001 |
|   RAM_reg_0_31_8_8   |    <0.001 |
|   RAM_reg_0_31_9_9   |    <0.001 |
+----------------------+-----------+


