#-----------------------------------------------------------
# Vivado v2015.2 (64-bit)
# SW Build 1266856 on Fri Jun 26 16:35:25 MDT 2015
# IP Build 1264090 on Wed Jun 24 14:22:01 MDT 2015
# Start of session at: Wed Feb 08 15:22:52 2017
# Process ID: 7188
# Log file: V:/EECS 700-FPGA/Hw/project_knightrider/vivado.log
# Journal file: V:/EECS 700-FPGA/Hw/project_knightrider\vivado.jou
#-----------------------------------------------------------
start_gui
open_project {V:/EECS 700-FPGA/Hw/project_knightrider/project_knightrider.xpr}
INFO: [Project 1-313] Project file moved from 'H:/test/project_knightrider' since last save.
Scanning sources...
Finished scanning sources
CRITICAL WARNING: [Project 1-532] XML ERROR: Project Option CompiledLibDirXSim has no valid value
CRITICAL WARNING: [Project 1-505] Unrecognized Option Name CompiledLibDirModelSim
CRITICAL WARNING: [Project 1-505] Unrecognized Option Name CompiledLibDirQuesta
CRITICAL WARNING: [Project 1-505] Unrecognized Option Name CompiledLibDirIES
CRITICAL WARNING: [Project 1-505] Unrecognized Option Name CompiledLibDirVCS
CRITICAL WARNING: [Project 1-505] Unrecognized Option Name CompiledLibDirRiviera
CRITICAL WARNING: [Project 1-505] Unrecognized Option Name CompiledLibDirActivehdl
CRITICAL WARNING: [Project 1-505] Unrecognized Option Name CreateRefXciForCoreContainers
CRITICAL WARNING: [Project 1-505] Unrecognized Option Name IPUserFilesDir
CRITICAL WARNING: [Project 1-505] Unrecognized Option Name IPStaticSourceDir
CRITICAL WARNING: [Project 1-505] Unrecognized Option Name EnableBDX
CRITICAL WARNING: [Project 1-505] Unrecognized Option Name WTXSimLaunchSim
CRITICAL WARNING: [Project 1-505] Unrecognized Option Name WTModelSimLaunchSim
CRITICAL WARNING: [Project 1-505] Unrecognized Option Name WTQuestaLaunchSim
CRITICAL WARNING: [Project 1-505] Unrecognized Option Name WTIesLaunchSim
CRITICAL WARNING: [Project 1-505] Unrecognized Option Name WTVcsLaunchSim
CRITICAL WARNING: [Project 1-505] Unrecognized Option Name WTRivieraLaunchSim
CRITICAL WARNING: [Project 1-505] Unrecognized Option Name WTActivehdlLaunchSim
CRITICAL WARNING: [Project 1-505] Unrecognized Option Name WTXSimExportSim
CRITICAL WARNING: [Project 1-505] Unrecognized Option Name WTModelSimExportSim
CRITICAL WARNING: [Project 1-505] Unrecognized Option Name WTQuestaExportSim
CRITICAL WARNING: [Project 1-505] Unrecognized Option Name WTIesExportSim
CRITICAL WARNING: [Project 1-505] Unrecognized Option Name WTVcsExportSim
CRITICAL WARNING: [Project 1-505] Unrecognized Option Name WTRivieraExportSim
CRITICAL WARNING: [Project 1-505] Unrecognized Option Name WTActivehdlExportSim
WARNING: [Project 1-231] Project 'project_knightrider.xpr' was created with a future version and may or may not perform reliably with this version of Vivado. It has been opened in read-only mode for the protection of unrecognized data. Use 'File | Save Project As...' if you wish to alter a copy of the project.
INFO: [IP_Flow 19-234] Refreshing IP repositories
INFO: [IP_Flow 19-1704] No user IP repositories specified
INFO: [IP_Flow 19-2313] Loaded Vivado IP repository 'C:/Xilinx/Vivado/2015.2/data/ip'.
exit
INFO: [Common 17-206] Exiting Vivado at Wed Feb 08 15:23:55 2017...
