#-----------------------------------------------------------
# Vivado v2016.2 (64-bit)
# SW Build 1577090 on Thu Jun  2 16:32:40 MDT 2016
# IP Build 1577682 on Fri Jun  3 12:00:54 MDT 2016
# Start of session at: Sun Feb 05 14:50:47 2017
# Process ID: 2652
# Current directory: H:/Xilinxprojects/pwm_ngc_loop-tutuorial
# Command line: vivado.exe -gui_launcher_event rodinguilauncherevent6660 H:\Xilinxprojects\pwm_ngc_loop-tutuorial\pwm_ngc_loop-tutuorial.xpr
# Log file: H:/Xilinxprojects/pwm_ngc_loop-tutuorial/vivado.log
# Journal file: H:/Xilinxprojects/pwm_ngc_loop-tutuorial\vivado.jou
#-----------------------------------------------------------
start_gui
open_project H:/Xilinxprojects/pwm_ngc_loop-tutuorial/pwm_ngc_loop-tutuorial.xpr
Scanning sources...
Finished scanning sources
INFO: [IP_Flow 19-234] Refreshing IP repositories
INFO: [IP_Flow 19-1704] No user IP repositories specified
INFO: [IP_Flow 19-2313] Loaded Vivado IP repository 'C:/Xilinx/Vivado/2016.2/data/ip'.
open_project: Time (s): cpu = 00:00:10 ; elapsed = 00:00:05 . Memory (MB): peak = 768.496 ; gain = 118.617
exit
INFO: [Common 17-206] Exiting Vivado at Sun Feb 05 14:51:17 2017...
