
*** Running vivado
    with args -log awg.vds -m64 -mode batch -messageDb vivado.pb -notrace -source awg.tcl

WARNING: Default location for XILINX_VIVADO_HLS not found: 

****** Vivado v2015.2 (64-bit)
  **** SW Build 1266856 on Fri Jun 26 16:35:25 MDT 2015
  **** IP Build 1264090 on Wed Jun 24 14:22:01 MDT 2015
    ** Copyright 1986-2015 Xilinx, Inc. All Rights Reserved.

source awg.tcl -notrace
Command: synth_design -top awg -part xc7a100tcsg324-1
Starting synth_design
Attempting to get a license for feature 'Synthesis' and/or device 'xc7a100t'
INFO: [Common 17-349] Got license for feature 'Synthesis' and/or device 'xc7a100t'
INFO: [Common 17-1223] The version limit for your license is '2016.04' and will expire in -312 days. A version limit expiration means that, although you may be able to continue to use the current version of tools or IP with this license, you will not be eligible for any updates or new releases.
---------------------------------------------------------------------------------
Starting RTL Elaboration : Time (s): cpu = 00:00:04 ; elapsed = 00:00:05 . Memory (MB): peak = 266.867 ; gain = 86.695
---------------------------------------------------------------------------------
ERROR: [Synth 8-2549] positional association cannot follow named association [V:/EECS 700-FPGA/prj1/project_2/project_2.srcs/sources_1/new/knightrider.vhd:108]
INFO: [Synth 8-2810] unit behavioral ignored due to previous errors [V:/EECS 700-FPGA/prj1/project_2/project_2.srcs/sources_1/new/knightrider.vhd:39]
---------------------------------------------------------------------------------
Finished RTL Elaboration : Time (s): cpu = 00:00:05 ; elapsed = 00:00:06 . Memory (MB): peak = 300.133 ; gain = 119.961
---------------------------------------------------------------------------------
RTL Elaboration failed
INFO: [Common 17-83] Releasing license: Synthesis
4 Infos, 0 Warnings, 0 Critical Warnings and 2 Errors encountered.
synth_design failed
ERROR: [Common 17-69] Command failed: Synthesis failed - please see the console or run log file for details
INFO: [Common 17-206] Exiting Vivado at Wed Mar 08 20:11:18 2017...
