#-----------------------------------------------------------
# Vivado v2016.2 (64-bit)
# SW Build 1577090 on Thu Jun  2 16:32:40 MDT 2016
# IP Build 1577682 on Fri Jun  3 12:00:54 MDT 2016
# Start of session at: Sun Feb 26 15:12:27 2017
# Process ID: 7556
# Current directory: H:/Xilinxprojects/project_uartcontrol
# Command line: vivado.exe -gui_launcher_event rodinguilauncherevent4768 H:\Xilinxprojects\project_uartcontrol\project_uartcontrol.xpr
# Log file: H:/Xilinxprojects/project_uartcontrol/vivado.log
# Journal file: H:/Xilinxprojects/project_uartcontrol\vivado.jou
#-----------------------------------------------------------
start_gui
open_project H:/Xilinxprojects/project_uartcontrol/project_uartcontrol.xpr
Scanning sources...
Finished scanning sources
INFO: [IP_Flow 19-234] Refreshing IP repositories
INFO: [IP_Flow 19-1704] No user IP repositories specified
INFO: [IP_Flow 19-2313] Loaded Vivado IP repository 'C:/Xilinx/Vivado/2016.2/data/ip'.
open_project: Time (s): cpu = 00:00:13 ; elapsed = 00:00:11 . Memory (MB): peak = 779.754 ; gain = 153.191
update_compile_order -fileset sources_1
exit
INFO: [Common 17-206] Exiting Vivado at Sun Feb 26 15:13:09 2017...
