
*** Running vivado
    with args -log serialiser1.vds -m64 -mode batch -messageDb vivado.pb -notrace -source serialiser1.tcl

WARNING: Default location for XILINX_VIVADO_HLS not found: 

****** Vivado v2015.2 (64-bit)
  **** SW Build 1266856 on Fri Jun 26 16:35:25 MDT 2015
  **** IP Build 1264090 on Wed Jun 24 14:22:01 MDT 2015
    ** Copyright 1986-2015 Xilinx, Inc. All Rights Reserved.

source serialiser1.tcl -notrace
Command: synth_design -top serialiser1 -part xc7a100tcsg324-1
Starting synth_design
Attempting to get a license for feature 'Synthesis' and/or device 'xc7a100t'
INFO: [Common 17-349] Got license for feature 'Synthesis' and/or device 'xc7a100t'
INFO: [Common 17-1223] The version limit for your license is '2016.04' and will expire in -334 days. A version limit expiration means that, although you may be able to continue to use the current version of tools or IP with this license, you will not be eligible for any updates or new releases.
---------------------------------------------------------------------------------
Starting Synthesize : Time (s): cpu = 00:00:04 ; elapsed = 00:00:05 . Memory (MB): peak = 266.977 ; gain = 86.223
---------------------------------------------------------------------------------
INFO: [Synth 8-638] synthesizing module 'serialiser1' [V:/EECS 700-FPGA/New folder/project_serializer/project_serializer.srcs/sources_1/new/ser.vhd:17]
INFO: [Synth 8-256] done synthesizing module 'serialiser1' (1#1) [V:/EECS 700-FPGA/New folder/project_serializer/project_serializer.srcs/sources_1/new/ser.vhd:17]
WARNING: [Synth 8-3331] design serialiser1 has unconnected port data_in[15]
WARNING: [Synth 8-3331] design serialiser1 has unconnected port data_in[14]
WARNING: [Synth 8-3331] design serialiser1 has unconnected port data_in[13]
WARNING: [Synth 8-3331] design serialiser1 has unconnected port data_in[12]
WARNING: [Synth 8-3331] design serialiser1 has unconnected port data_in[11]
WARNING: [Synth 8-3331] design serialiser1 has unconnected port data_in[10]
WARNING: [Synth 8-3331] design serialiser1 has unconnected port data_in[9]
WARNING: [Synth 8-3331] design serialiser1 has unconnected port data_in[8]
WARNING: [Synth 8-3331] design serialiser1 has unconnected port data_in[7]
WARNING: [Synth 8-3331] design serialiser1 has unconnected port data_in[6]
WARNING: [Synth 8-3331] design serialiser1 has unconnected port data_in[5]
WARNING: [Synth 8-3331] design serialiser1 has unconnected port data_in[4]
WARNING: [Synth 8-3331] design serialiser1 has unconnected port data_in[3]
WARNING: [Synth 8-3331] design serialiser1 has unconnected port data_in[2]
WARNING: [Synth 8-3331] design serialiser1 has unconnected port data_in[1]
WARNING: [Synth 8-3331] design serialiser1 has unconnected port data_in[0]
---------------------------------------------------------------------------------
Finished Synthesize : Time (s): cpu = 00:00:05 ; elapsed = 00:00:06 . Memory (MB): peak = 301.258 ; gain = 120.504
---------------------------------------------------------------------------------
---------------------------------------------------------------------------------
Finished Constraint Validation : Time (s): cpu = 00:00:05 ; elapsed = 00:00:06 . Memory (MB): peak = 301.258 ; gain = 120.504
---------------------------------------------------------------------------------
---------------------------------------------------------------------------------
Start Loading Part and Timing Information
---------------------------------------------------------------------------------
Loading part: xc7a100tcsg324-1
---------------------------------------------------------------------------------
Finished Loading Part and Timing Information : Time (s): cpu = 00:00:05 ; elapsed = 00:00:06 . Memory (MB): peak = 301.258 ; gain = 120.504
INFO: [Device 21-403] Loading part xc7a100tcsg324-1
---------------------------------------------------------------------------------
---------------------------------------------------------------------------------
Finished RTL Optimization Phase 2 : Time (s): cpu = 00:00:05 ; elapsed = 00:00:06 . Memory (MB): peak = 309.227 ; gain = 128.473
---------------------------------------------------------------------------------

Report RTL Partitions: 
+-+--------------+------------+----------+
| |RTL Partition |Replication |Instances |
+-+--------------+------------+----------+
+-+--------------+------------+----------+
No constraint files found.
---------------------------------------------------------------------------------
Start RTL Component Statistics 
---------------------------------------------------------------------------------
Detailed RTL Component Info : 
+---Registers : 
	               16 Bit    Registers := 1     
	                1 Bit    Registers := 1     
---------------------------------------------------------------------------------
Finished RTL Component Statistics 
---------------------------------------------------------------------------------
---------------------------------------------------------------------------------
Start RTL Hierarchical Component Statistics 
---------------------------------------------------------------------------------
Hierarchical RTL Component report 
Module serialiser1 
Detailed RTL Component Info : 
+---Registers : 
	               16 Bit    Registers := 1     
	                1 Bit    Registers := 1     
---------------------------------------------------------------------------------
Finished RTL Hierarchical Component Statistics
---------------------------------------------------------------------------------
---------------------------------------------------------------------------------
Start Part Resource Summary
---------------------------------------------------------------------------------
Part Resources:
DSPs: 240 (col length:80)
BRAMs: 270 (col length: RAMB18 80 RAMB36 40)
---------------------------------------------------------------------------------
Finished Part Resource Summary
---------------------------------------------------------------------------------
Start Parallel Synthesis Optimization  : Time (s): cpu = 00:00:07 ; elapsed = 00:00:09 . Memory (MB): peak = 437.266 ; gain = 256.512
---------------------------------------------------------------------------------
Start Cross Boundary Optimization
---------------------------------------------------------------------------------
WARNING: [Synth 8-3331] design serialiser1 has unconnected port data_in[15]
WARNING: [Synth 8-3331] design serialiser1 has unconnected port data_in[14]
WARNING: [Synth 8-3331] design serialiser1 has unconnected port data_in[13]
WARNING: [Synth 8-3331] design serialiser1 has unconnected port data_in[12]
WARNING: [Synth 8-3331] design serialiser1 has unconnected port data_in[11]
WARNING: [Synth 8-3331] design serialiser1 has unconnected port data_in[10]
WARNING: [Synth 8-3331] design serialiser1 has unconnected port data_in[9]
WARNING: [Synth 8-3331] design serialiser1 has unconnected port data_in[8]
WARNING: [Synth 8-3331] design serialiser1 has unconnected port data_in[7]
WARNING: [Synth 8-3331] design serialiser1 has unconnected port data_in[6]
WARNING: [Synth 8-3331] design serialiser1 has unconnected port data_in[5]
WARNING: [Synth 8-3331] design serialiser1 has unconnected port data_in[4]
WARNING: [Synth 8-3331] design serialiser1 has unconnected port data_in[3]
WARNING: [Synth 8-3331] design serialiser1 has unconnected port data_in[2]
WARNING: [Synth 8-3331] design serialiser1 has unconnected port data_in[1]
WARNING: [Synth 8-3331] design serialiser1 has unconnected port data_in[0]
---------------------------------------------------------------------------------
Finished Cross Boundary Optimization : Time (s): cpu = 00:00:07 ; elapsed = 00:00:09 . Memory (MB): peak = 438.535 ; gain = 257.781
---------------------------------------------------------------------------------
Finished Parallel Reinference  : Time (s): cpu = 00:00:07 ; elapsed = 00:00:09 . Memory (MB): peak = 438.535 ; gain = 257.781

Report RTL Partitions: 
+-+--------------+------------+----------+
| |RTL Partition |Replication |Instances |
+-+--------------+------------+----------+
+-+--------------+------------+----------+
No constraint files found.
---------------------------------------------------------------------------------
Start Area Optimization
---------------------------------------------------------------------------------
---------------------------------------------------------------------------------
Finished Area Optimization : Time (s): cpu = 00:00:07 ; elapsed = 00:00:09 . Memory (MB): peak = 438.535 ; gain = 257.781
---------------------------------------------------------------------------------
Finished Parallel Area Optimization  : Time (s): cpu = 00:00:07 ; elapsed = 00:00:09 . Memory (MB): peak = 438.535 ; gain = 257.781

Report RTL Partitions: 
+-+--------------+------------+----------+
| |RTL Partition |Replication |Instances |
+-+--------------+------------+----------+
+-+--------------+------------+----------+
Finished Parallel Synthesis Optimization  : Time (s): cpu = 00:00:07 ; elapsed = 00:00:09 . Memory (MB): peak = 438.535 ; gain = 257.781
---------------------------------------------------------------------------------
Start Timing Optimization
---------------------------------------------------------------------------------
No constraint files found.
---------------------------------------------------------------------------------
Finished Timing Optimization : Time (s): cpu = 00:00:07 ; elapsed = 00:00:09 . Memory (MB): peak = 438.535 ; gain = 257.781
---------------------------------------------------------------------------------

Report RTL Partitions: 
+-+--------------+------------+----------+
| |RTL Partition |Replication |Instances |
+-+--------------+------------+----------+
+-+--------------+------------+----------+
---------------------------------------------------------------------------------
Start Technology Mapping
---------------------------------------------------------------------------------
WARNING: [Synth 8-3332] Sequential element (\shiftreg_reg[15] ) is unused and will be removed from module serialiser1.
WARNING: [Synth 8-3332] Sequential element (\shiftreg_reg[14] ) is unused and will be removed from module serialiser1.
WARNING: [Synth 8-3332] Sequential element (\shiftreg_reg[13] ) is unused and will be removed from module serialiser1.
WARNING: [Synth 8-3332] Sequential element (\shiftreg_reg[12] ) is unused and will be removed from module serialiser1.
WARNING: [Synth 8-3332] Sequential element (\shiftreg_reg[11] ) is unused and will be removed from module serialiser1.
WARNING: [Synth 8-3332] Sequential element (\shiftreg_reg[10] ) is unused and will be removed from module serialiser1.
WARNING: [Synth 8-3332] Sequential element (\shiftreg_reg[9] ) is unused and will be removed from module serialiser1.
WARNING: [Synth 8-3332] Sequential element (\shiftreg_reg[8] ) is unused and will be removed from module serialiser1.
WARNING: [Synth 8-3332] Sequential element (\shiftreg_reg[7] ) is unused and will be removed from module serialiser1.
WARNING: [Synth 8-3332] Sequential element (\shiftreg_reg[6] ) is unused and will be removed from module serialiser1.
WARNING: [Synth 8-3332] Sequential element (\shiftreg_reg[5] ) is unused and will be removed from module serialiser1.
WARNING: [Synth 8-3332] Sequential element (\shiftreg_reg[4] ) is unused and will be removed from module serialiser1.
WARNING: [Synth 8-3332] Sequential element (\shiftreg_reg[3] ) is unused and will be removed from module serialiser1.
WARNING: [Synth 8-3332] Sequential element (\shiftreg_reg[2] ) is unused and will be removed from module serialiser1.
WARNING: [Synth 8-3332] Sequential element (\shiftreg_reg[1] ) is unused and will be removed from module serialiser1.
WARNING: [Synth 8-3332] Sequential element (\shiftreg_reg[0] ) is unused and will be removed from module serialiser1.
WARNING: [Synth 8-3332] Sequential element (data_out_reg) is unused and will be removed from module serialiser1.
---------------------------------------------------------------------------------
Finished Technology Mapping : Time (s): cpu = 00:00:07 ; elapsed = 00:00:09 . Memory (MB): peak = 447.680 ; gain = 266.926
---------------------------------------------------------------------------------

Report RTL Partitions: 
+-+--------------+------------+----------+
| |RTL Partition |Replication |Instances |
+-+--------------+------------+----------+
+-+--------------+------------+----------+
---------------------------------------------------------------------------------
Start IO Insertion
---------------------------------------------------------------------------------
---------------------------------------------------------------------------------
Start Final Netlist Cleanup
---------------------------------------------------------------------------------
---------------------------------------------------------------------------------
Finished Final Netlist Cleanup
---------------------------------------------------------------------------------
---------------------------------------------------------------------------------
Finished IO Insertion : Time (s): cpu = 00:00:07 ; elapsed = 00:00:09 . Memory (MB): peak = 447.680 ; gain = 266.926
---------------------------------------------------------------------------------

Report Check Netlist: 
+------+------------------+-------+---------+-------+------------------+
|      |Item              |Errors |Warnings |Status |Description       |
+------+------------------+-------+---------+-------+------------------+
|1     |multi_driven_nets |      0|        0|Passed |Multi driven nets |
+------+------------------+-------+---------+-------+------------------+
---------------------------------------------------------------------------------
Start Renaming Generated Instances
---------------------------------------------------------------------------------
---------------------------------------------------------------------------------
Finished Renaming Generated Instances : Time (s): cpu = 00:00:07 ; elapsed = 00:00:09 . Memory (MB): peak = 447.680 ; gain = 266.926
---------------------------------------------------------------------------------

Report RTL Partitions: 
+-+--------------+------------+----------+
| |RTL Partition |Replication |Instances |
+-+--------------+------------+----------+
+-+--------------+------------+----------+
---------------------------------------------------------------------------------
Start Rebuilding User Hierarchy
---------------------------------------------------------------------------------
---------------------------------------------------------------------------------
Finished Rebuilding User Hierarchy : Time (s): cpu = 00:00:07 ; elapsed = 00:00:09 . Memory (MB): peak = 447.680 ; gain = 266.926
---------------------------------------------------------------------------------
---------------------------------------------------------------------------------
Start Renaming Generated Ports : Time (s): cpu = 00:00:07 ; elapsed = 00:00:09 . Memory (MB): peak = 447.680 ; gain = 266.926
---------------------------------------------------------------------------------
---------------------------------------------------------------------------------
Finished Renaming Generated Ports : Time (s): cpu = 00:00:07 ; elapsed = 00:00:09 . Memory (MB): peak = 447.680 ; gain = 266.926
---------------------------------------------------------------------------------
---------------------------------------------------------------------------------
Start Writing Synthesis Report
---------------------------------------------------------------------------------

Report BlackBoxes: 
+-+--------------+----------+
| |BlackBox name |Instances |
+-+--------------+----------+
+-+--------------+----------+

Report Cell Usage: 
+------+-----+------+
|      |Cell |Count |
+------+-----+------+
|1     |OBUF |    17|
+------+-----+------+

Report Instance Areas: 
+------+---------+-------+------+
|      |Instance |Module |Cells |
+------+---------+-------+------+
|1     |top      |       |    17|
+------+---------+-------+------+
---------------------------------------------------------------------------------
Finished Writing Synthesis Report : Time (s): cpu = 00:00:07 ; elapsed = 00:00:09 . Memory (MB): peak = 447.680 ; gain = 266.926
---------------------------------------------------------------------------------
Synthesis finished with 0 errors, 0 critical warnings and 49 warnings.
Synthesis Optimization Runtime : Time (s): cpu = 00:00:05 ; elapsed = 00:00:06 . Memory (MB): peak = 447.680 ; gain = 231.367
Synthesis Optimization Complete : Time (s): cpu = 00:00:07 ; elapsed = 00:00:09 . Memory (MB): peak = 447.680 ; gain = 266.926
INFO: [Project 1-571] Translating synthesized netlist
INFO: [Project 1-570] Preparing netlist for logic optimization
INFO: [Opt 31-138] Pushed 0 inverter(s) to 0 load pin(s).
INFO: [Project 1-111] Unisim Transformation Summary:
No Unisim elements were transformed.

INFO: [Common 17-83] Releasing license: Synthesis
10 Infos, 49 Warnings, 0 Critical Warnings and 0 Errors encountered.
synth_design completed successfully
synth_design: Time (s): cpu = 00:00:06 ; elapsed = 00:00:08 . Memory (MB): peak = 513.820 ; gain = 300.684
report_utilization: Time (s): cpu = 00:00:00 ; elapsed = 00:00:00.050 . Memory (MB): peak = 513.820 ; gain = 0.000
INFO: [Common 17-206] Exiting Vivado at Thu Mar 30 22:51:05 2017...
