#
# A fatal error has been detected by the Java Runtime Environment:
#
#  Internal Error (0xc000000d), pid=7200, tid=1820
#
# JRE version: Java(TM) SE Runtime Environment (8.0_66-b18) (build 1.8.0_66-b18)
# Java VM: Java HotSpot(TM) 64-Bit Server VM (25.66-b18 mixed mode windows-amd64 compressed oops)
# Problematic frame:
# C  [ntdll.dll+0x96ccf]
#
# Failed to write core dump. Minidumps are not enabled by default on client versions of Windows
#
# If you would like to submit a bug report, please visit:
#   http://bugreport.java.com/bugreport/crash.jsp
#

---------------  T H R E A D  ---------------

Current thread (0x0000000013e91000):  VMThread [stack: 0x0000000015f60000,0x0000000016060000] [id=1820]

siginfo: ExceptionCode=0xc000000d

Registers:
RAX=0x0000000035568a7e, RBX=0x0000000000000000, RCX=0x000000001605ef10, RDX=0x0000000000000000
RSP=0x000000001605f520, RBP=0x000000002903cb10, RSI=0x000007fef9ca7408, RDI=0x000000001605f668
R8 =0x0000000000000000, R9 =0x0000000000000000, R10=0x0000000000000000, R11=0x0000000000000246
R12=0x00000000003b2520, R13=0x00000000003b24f0, R14=0x000000002903cc18, R15=0x0000000000000000
RIP=0x0000000077b36ccf, EFLAGS=0x0000000000000206

Top of Stack: (sp=0x000000001605f520)
0x000000001605f520:   0000000000000000 000007fef9ca7408
0x000000001605f530:   000000001605f668 0000000000000000
0x000000001605f540:   0000000000000050 00000000002f0000
0x000000001605f550:   0000000000000000 0000000000000000
0x000000001605f560:   0000000000000002 0000000077aedd48
0x000000001605f570:   00000000c000000d 0000000000000000
0x000000001605f580:   0000000077b36ccf 0000000000000000
0x000000001605f590:   0000000000000000 0000000000000000
0x000000001605f5a0:   0000000000000000 0000000000000000
0x000000001605f5b0:   0000000000000000 0000000000000000
0x000000001605f5c0:   0000000000000000 0000000000000000
0x000000001605f5d0:   0000000000000000 0000000000000000
0x000000001605f5e0:   0000000000000000 0000000000000000
0x000000001605f5f0:   0000000000000000 0000000000000000
0x000000001605f600:   0000000000000000 00000000003b2520
0x000000001605f610:   0000000000000d88 00000000779c34a8 

Instructions: (pc=0x0000000077b36ccf)
0x0000000077b36caf:   5d 6c fb ff b9 57 00 00 00 c7 44 24 50 0d 00 00
0x0000000077b36cbf:   c0 e8 4b 6f fb ff 48 8d 4c 24 50 e8 41 1c f8 ff
0x0000000077b36ccf:   4c 8b 1d 02 67 09 00 4d 85 db 74 5b 65 48 8b 04
0x0000000077b36cdf:   25 30 00 00 00 f6 80 ee 17 00 00 08 74 12 65 48 


Register to memory mapping:

RAX=0x0000000035568a7e is an unknown value
RBX=0x0000000000000000 is an unknown value
RCX=0x000000001605ef10 is an unknown value
RDX=0x0000000000000000 is an unknown value
RSP=0x000000001605f520 is an unknown value
RBP=0x000000002903cb10 is an unknown value
RSI=0x000007fef9ca7408 is an unknown value
RDI=0x000000001605f668 is an unknown value
R8 =0x0000000000000000 is an unknown value
R9 =0x0000000000000000 is an unknown value
R10=0x0000000000000000 is an unknown value
R11=0x0000000000000246 is an unknown value
R12=0x00000000003b2520 is an unknown value
R13=0x00000000003b24f0 is an unknown value
R14=0x000000002903cc18 is an unknown value
R15=0x0000000000000000 is an unknown value


Stack: [0x0000000015f60000,0x0000000016060000],  sp=0x000000001605f520,  free space=1021k
Native frames: (J=compiled Java code, j=interpreted, Vv=VM code, C=native code)
C  [ntdll.dll+0x96ccf]
C  [kernel32.dll+0x434a8]
C  [MSVCR110.dll+0x752d]
C  [MSVCR110.dll+0x73c6]
C  [MSVCR110.dll+0x14cca]
C  [MSVCR110.dll+0x13edc]
C  [MSVCR110.dll+0x239e]
C  [MSVCR110.dll+0xaf9e]
C  [MSVCP110.dll+0x397b9]
C  [librdi_common.dll+0x182316]
C  [librdi_common.dll+0x180fab]
C  [librdi_target_manager.dll+0x2400]
C  [librdi_target_manager.dll+0x2682]
C  [ntdll.dll+0x22ac1]
C  [ntdll.dll+0x228d0]
C  [MSVCR100.dll+0x20ccd]
V  [jvm.dll+0x210cc5]
V  [jvm.dll+0x249897]
V  [jvm.dll+0x248b36]
V  [jvm.dll+0x248fd1]
V  [jvm.dll+0x2491ee]
V  [jvm.dll+0x29a0fa]
C  [MSVCR100.dll+0x21d9f]
C  [MSVCR100.dll+0x21e3b]
C  [kernel32.dll+0x159cd]
C  [ntdll.dll+0x2a561]

VM_Operation (0x000000000012f4c0): Exit, mode: safepoint, requested by thread 0x00000000024aa000


---------------  P R O C E S S  ---------------

Java Threads: ( => current thread )
  0x000000001e8fb000 JavaThread "Spawner Reaper" daemon [_thread_in_native, id=4908, stack(0x0000000024bc0000,0x0000000024cc0000)]
  0x0000000017dbc000 JavaThread "Thread-38" daemon [_thread_blocked, id=10356, stack(0x00000000271a0000,0x00000000272a0000)]
  0x0000000017db6000 JavaThread "TCF Channel Transmitter" daemon [_thread_blocked, id=13684, stack(0x0000000024710000,0x0000000024810000)]
  0x0000000017db5000 JavaThread "TCF Channel Receiver" daemon [_thread_in_native, id=5712, stack(0x0000000024450000,0x0000000024550000)]
  0x0000000017db4000 JavaThread "Process monitor" daemon [_thread_in_native, id=12760, stack(0x0000000026210000,0x0000000026310000)]
  0x0000000017db3800 JavaThread "Input Stream Monitor" daemon [_thread_blocked, id=11580, stack(0x0000000026110000,0x0000000026210000)]
  0x0000000017db2800 JavaThread "Output Stream Monitor" daemon [_thread_in_native, id=5096, stack(0x0000000026010000,0x0000000026110000)]
  0x0000000016feb000 JavaThread "Output Stream Monitor" daemon [_thread_in_native, id=9928, stack(0x0000000025f10000,0x0000000026010000)]
  0x0000000016fef000 JavaThread "TCF Locator DNS Lookup" daemon [_thread_blocked, id=7400, stack(0x0000000023090000,0x0000000023190000)]
  0x0000000016fee000 JavaThread "TCF Locator Timer" daemon [_thread_blocked, id=7768, stack(0x0000000022f90000,0x0000000023090000)]
  0x0000000016fed800 JavaThread "TCF Locator Receiver" daemon [_thread_in_native, id=13604, stack(0x0000000022e90000,0x0000000022f90000)]
  0x0000000016fe8000 JavaThread "TCF Timer Dispatcher" daemon [_thread_blocked, id=6504, stack(0x0000000022c90000,0x0000000022d90000)]
  0x0000000016fe7800 JavaThread "EMF Reference Cleaner" daemon [_thread_blocked, id=13588, stack(0x0000000019c80000,0x0000000019d80000)]
  0x00000000153a6800 JavaThread "SeedGenerator Thread" daemon [_thread_blocked, id=13284, stack(0x00000000173e0000,0x00000000174e0000)]
  0x0000000015113800 JavaThread "Service Thread" daemon [_thread_blocked, id=9640, stack(0x0000000016920000,0x0000000016a20000)]
  0x0000000015067000 JavaThread "C1 CompilerThread3" daemon [_thread_blocked, id=2868, stack(0x0000000016820000,0x0000000016920000)]
  0x0000000015066800 JavaThread "C2 CompilerThread2" daemon [_thread_blocked, id=14092, stack(0x0000000016720000,0x0000000016820000)]
  0x0000000015065800 JavaThread "C2 CompilerThread1" daemon [_thread_blocked, id=9024, stack(0x0000000016620000,0x0000000016720000)]
  0x0000000015070000 JavaThread "C2 CompilerThread0" daemon [_thread_blocked, id=5920, stack(0x0000000016520000,0x0000000016620000)]
  0x000000001506d000 JavaThread "Attach Listener" daemon [_thread_blocked, id=1712, stack(0x0000000016420000,0x0000000016520000)]
  0x000000001506c000 JavaThread "Signal Dispatcher" daemon [_thread_blocked, id=7444, stack(0x0000000016320000,0x0000000016420000)]
  0x0000000013e9d000 JavaThread "Finalizer" daemon [_thread_blocked, id=11796, stack(0x0000000016160000,0x0000000016260000)]
  0x0000000013e96000 JavaThread "Reference Handler" daemon [_thread_blocked, id=8300, stack(0x0000000016060000,0x0000000016160000)]
  0x00000000024aa000 JavaThread "main" [_thread_blocked, id=11600, stack(0x0000000000030000,0x0000000000130000)]

Other Threads:
=>0x0000000013e91000 VMThread [stack: 0x0000000015f60000,0x0000000016060000] [id=1820]

VM state:at safepoint (shutting down)

VM Mutex/Monitor currently owned by a thread:  ([mutex/lock_event])
[0x00000000024a8980] Threads_lock - owner thread: 0x0000000013e91000

Heap:
 PSYoungGen      total 125440K, used 59006K [0x00000000f5580000, 0x00000000fd200000, 0x0000000100000000)
  eden space 123392K, 47% used [0x00000000f5580000,0x00000000f8f1fab8,0x00000000fce00000)
  from space 2048K, 0% used [0x00000000fd000000,0x00000000fd000000,0x00000000fd200000)
  to   space 2048K, 0% used [0x00000000fce00000,0x00000000fce00000,0x00000000fd000000)
 ParOldGen       total 103424K, used 53852K [0x00000000e0000000, 0x00000000e6500000, 0x00000000f5580000)
  object space 103424K, 52% used [0x00000000e0000000,0x00000000e3497198,0x00000000e6500000)
 Metaspace       used 94194K, capacity 101588K, committed 101784K, reserved 1136640K
  class space    used 11099K, capacity 13628K, committed 13744K, reserved 1048576K

Card table byte_map: [0x0000000002610000,0x0000000002720000] byte_map_base: 0x0000000001f10000

Marking Bits: (ParMarkBitMap*) 0x000000005170a5b0
 Begin Bits: [0x00000000123b0000, 0x0000000012bb0000)
 End Bits:   [0x0000000012bb0000, 0x00000000133b0000)

Polling page: 0x0000000000620000

CodeCache: size=245760Kb used=55872Kb max_used=56196Kb free=189887Kb
 bounds [0x00000000027f0000, 0x0000000005f30000, 0x00000000117f0000]
 total_blobs=14948 nmethods=14037 adapters=817
 compilation: enabled

Compilation events (10 events):
Event: 3602.007 Thread 0x0000000015067000 18122   !   3       org.eclipse.osgi.internal.serviceregistry.ServiceRegistrationImpl::unregister (267 bytes)
Event: 3602.008 Thread 0x0000000015067000 nmethod 18122 0x0000000005b4a290 code [0x0000000005b4a680, 0x0000000005b4cbf8]
Event: 3602.008 Thread 0x0000000015067000 18127  s!   3       org.eclipse.osgi.storage.bundlefile.ZipBundleFile::close (64 bytes)
Event: 3602.008 Thread 0x0000000015066800 nmethod 18097 0x0000000004ccb5d0 code [0x0000000004ccb9c0, 0x0000000004ccf000]
Event: 3602.009 Thread 0x0000000015067000 nmethod 18127 0x0000000005885bd0 code [0x0000000005885da0, 0x0000000005886738]
Event: 3602.009 Thread 0x0000000015067000 18128       3       java.util.TimSort::mergeLo (659 bytes)
Event: 3602.010 Thread 0x0000000015066800 18139       4       org.eclipse.osgi.container.ModuleDatabase::readLock (11 bytes)
Event: 3602.011 Thread 0x0000000015067000 nmethod 18128 0x0000000005b46f50 code [0x0000000005b47280, 0x0000000005b49418]
Event: 3602.012 Thread 0x0000000015066800 nmethod 18139 0x00000000059fa590 code [0x00000000059fa6e0, 0x00000000059fa7a8]
Event: 3602.012 Thread 0x0000000015067000 18129       3       org.eclipse.osgi.container.Module::holdsTransitionEventLock (25 bytes)

GC Heap History (10 events):
Event: 3460.388 GC heap before
{Heap before GC invocations=127 (full 57):
 PSYoungGen      total 124928K, used 192K [0x00000000f5580000, 0x00000000fd200000, 0x0000000100000000)
  eden space 123392K, 0% used [0x00000000f5580000,0x00000000f5580000,0x00000000fce00000)
  from space 1536K, 12% used [0x00000000fd080000,0x00000000fd0b0000,0x00000000fd200000)
  to   space 2048K, 0% used [0x00000000fce00000,0x00000000fce00000,0x00000000fd000000)
 ParOldGen       total 103424K, used 53852K [0x00000000e0000000, 0x00000000e6500000, 0x00000000f5580000)
  object space 103424K, 52% used [0x00000000e0000000,0x00000000e3497198,0x00000000e6500000)
 Metaspace       used 93440K, capacity 100718K, committed 100888K, reserved 1136640K
  class space    used 11015K, capacity 13559K, committed 13616K, reserved 1048576K
Event: 3460.481 GC heap after
Heap after GC invocations=127 (full 57):
 PSYoungGen      total 124928K, used 0K [0x00000000f5580000, 0x00000000fd200000, 0x0000000100000000)
  eden space 123392K, 0% used [0x00000000f5580000,0x00000000f5580000,0x00000000fce00000)
  from space 1536K, 0% used [0x00000000fd080000,0x00000000fd080000,0x00000000fd200000)
  to   space 2048K, 0% used [0x00000000fce00000,0x00000000fce00000,0x00000000fd000000)
 ParOldGen       total 103424K, used 53852K [0x00000000e0000000, 0x00000000e6500000, 0x00000000f5580000)
  object space 103424K, 52% used [0x00000000e0000000,0x00000000e3497198,0x00000000e6500000)
 Metaspace       used 93440K, capacity 100718K, committed 100888K, reserved 1136640K
  class space    used 11015K, capacity 13559K, committed 13616K, reserved 1048576K
}
Event: 3520.398 GC heap before
{Heap before GC invocations=128 (full 57):
 PSYoungGen      total 124928K, used 3012K [0x00000000f5580000, 0x00000000fd200000, 0x0000000100000000)
  eden space 123392K, 2% used [0x00000000f5580000,0x00000000f5871318,0x00000000fce00000)
  from space 1536K, 0% used [0x00000000fd080000,0x00000000fd080000,0x00000000fd200000)
  to   space 2048K, 0% used [0x00000000fce00000,0x00000000fce00000,0x00000000fd000000)
 ParOldGen       total 103424K, used 53852K [0x00000000e0000000, 0x00000000e6500000, 0x00000000f5580000)
  object space 103424K, 52% used [0x00000000e0000000,0x00000000e3497198,0x00000000e6500000)
 Metaspace       used 93440K, capacity 100718K, committed 100888K, reserved 1136640K
  class space    used 11015K, capacity 13559K, committed 13616K, reserved 1048576K
Event: 3520.401 GC heap after
Heap after GC invocations=128 (full 57):
 PSYoungGen      total 125440K, used 224K [0x00000000f5580000, 0x00000000fd200000, 0x0000000100000000)
  eden space 123392K, 0% used [0x00000000f5580000,0x00000000f5580000,0x00000000fce00000)
  from space 2048K, 10% used [0x00000000fce00000,0x00000000fce38000,0x00000000fd000000)
  to   space 2048K, 0% used [0x00000000fd000000,0x00000000fd000000,0x00000000fd200000)
 ParOldGen       total 103424K, used 53852K [0x00000000e0000000, 0x00000000e6500000, 0x00000000f5580000)
  object space 103424K, 52% used [0x00000000e0000000,0x00000000e3497198,0x00000000e6500000)
 Metaspace       used 93440K, capacity 100718K, committed 100888K, reserved 1136640K
  class space    used 11015K, capacity 13559K, committed 13616K, reserved 1048576K
}
Event: 3520.401 GC heap before
{Heap before GC invocations=129 (full 58):
 PSYoungGen      total 125440K, used 224K [0x00000000f5580000, 0x00000000fd200000, 0x0000000100000000)
  eden space 123392K, 0% used [0x00000000f5580000,0x00000000f5580000,0x00000000fce00000)
  from space 2048K, 10% used [0x00000000fce00000,0x00000000fce38000,0x00000000fd000000)
  to   space 2048K, 0% used [0x00000000fd000000,0x00000000fd000000,0x00000000fd200000)
 ParOldGen       total 103424K, used 53852K [0x00000000e0000000, 0x00000000e6500000, 0x00000000f5580000)
  object space 103424K, 52% used [0x00000000e0000000,0x00000000e3497198,0x00000000e6500000)
 Metaspace       used 93440K, capacity 100718K, committed 100888K, reserved 1136640K
  class space    used 11015K, capacity 13559K, committed 13616K, reserved 1048576K
Event: 3520.501 GC heap after
Heap after GC invocations=129 (full 58):
 PSYoungGen      total 125440K, used 0K [0x00000000f5580000, 0x00000000fd200000, 0x0000000100000000)
  eden space 123392K, 0% used [0x00000000f5580000,0x00000000f5580000,0x00000000fce00000)
  from space 2048K, 0% used [0x00000000fce00000,0x00000000fce00000,0x00000000fd000000)
  to   space 2048K, 0% used [0x00000000fd000000,0x00000000fd000000,0x00000000fd200000)
 ParOldGen       total 103424K, used 53852K [0x00000000e0000000, 0x00000000e6500000, 0x00000000f5580000)
  object space 103424K, 52% used [0x00000000e0000000,0x00000000e3497198,0x00000000e6500000)
 Metaspace       used 93440K, capacity 100718K, committed 100888K, reserved 1136640K
  class space    used 11015K, capacity 13559K, committed 13616K, reserved 1048576K
}
Event: 3580.411 GC heap before
{Heap before GC invocations=130 (full 58):
 PSYoungGen      total 125440K, used 3043K [0x00000000f5580000, 0x00000000fd200000, 0x0000000100000000)
  eden space 123392K, 2% used [0x00000000f5580000,0x00000000f5878ed8,0x00000000fce00000)
  from space 2048K, 0% used [0x00000000fce00000,0x00000000fce00000,0x00000000fd000000)
  to   space 2048K, 0% used [0x00000000fd000000,0x00000000fd000000,0x00000000fd200000)
 ParOldGen       total 103424K, used 53852K [0x00000000e0000000, 0x00000000e6500000, 0x00000000f5580000)
  object space 103424K, 52% used [0x00000000e0000000,0x00000000e3497198,0x00000000e6500000)
 Metaspace       used 93441K, capacity 100718K, committed 100888K, reserved 1136640K
  class space    used 11015K, capacity 13559K, committed 13616K, reserved 1048576K
Event: 3580.414 GC heap after
Heap after GC invocations=130 (full 58):
 PSYoungGen      total 125440K, used 224K [0x00000000f5580000, 0x00000000fd200000, 0x0000000100000000)
  eden space 123392K, 0% used [0x00000000f5580000,0x00000000f5580000,0x00000000fce00000)
  from space 2048K, 10% used [0x00000000fd000000,0x00000000fd038000,0x00000000fd200000)
  to   space 2048K, 0% used [0x00000000fce00000,0x00000000fce00000,0x00000000fd000000)
 ParOldGen       total 103424K, used 53852K [0x00000000e0000000, 0x00000000e6500000, 0x00000000f5580000)
  object space 103424K, 52% used [0x00000000e0000000,0x00000000e3497198,0x00000000e6500000)
 Metaspace       used 93441K, capacity 100718K, committed 100888K, reserved 1136640K
  class space    used 11015K, capacity 13559K, committed 13616K, reserved 1048576K
}
Event: 3580.414 GC heap before
{Heap before GC invocations=131 (full 59):
 PSYoungGen      total 125440K, used 224K [0x00000000f5580000, 0x00000000fd200000, 0x0000000100000000)
  eden space 123392K, 0% used [0x00000000f5580000,0x00000000f5580000,0x00000000fce00000)
  from space 2048K, 10% used [0x00000000fd000000,0x00000000fd038000,0x00000000fd200000)
  to   space 2048K, 0% used [0x00000000fce00000,0x00000000fce00000,0x00000000fd000000)
 ParOldGen       total 103424K, used 53852K [0x00000000e0000000, 0x00000000e6500000, 0x00000000f5580000)
  object space 103424K, 52% used [0x00000000e0000000,0x00000000e3497198,0x00000000e6500000)
 Metaspace       used 93441K, capacity 100718K, committed 100888K, reserved 1136640K
  class space    used 11015K, capacity 13559K, committed 13616K, reserved 1048576K
Event: 3580.507 GC heap after
Heap after GC invocations=131 (full 59):
 PSYoungGen      total 125440K, used 0K [0x00000000f5580000, 0x00000000fd200000, 0x0000000100000000)
  eden space 123392K, 0% used [0x00000000f5580000,0x00000000f5580000,0x00000000fce00000)
  from space 2048K, 0% used [0x00000000fd000000,0x00000000fd000000,0x00000000fd200000)
  to   space 2048K, 0% used [0x00000000fce00000,0x00000000fce00000,0x00000000fd000000)
 ParOldGen       total 103424K, used 53852K [0x00000000e0000000, 0x00000000e6500000, 0x00000000f5580000)
  object space 103424K, 52% used [0x00000000e0000000,0x00000000e3497198,0x00000000e6500000)
 Metaspace       used 93441K, capacity 100718K, committed 100888K, reserved 1136640K
  class space    used 11015K, capacity 13559K, committed 13616K, reserved 1048576K
}

Deoptimization events (10 events):
Event: 3601.922 Thread 0x0000000018703800 Uncommon trap: reason=bimorphic action=maybe_recompile pc=0x000000000486bb8c method=org.eclipse.core.internal.dtree.AbstractDataTreeNode.assembleWith([Lorg/eclipse/core/internal/dtree/AbstractDataTreeNode;[Lorg/eclipse/core/internal/dtree/AbstractDataTreeNîÁ§Ô×#¬@
Event: 3601.922 Thread 0x0000000018703800 Uncommon trap: reason=bimorphic action=maybe_recompile pc=0x000000000486bb8c method=org.eclipse.core.internal.dtree.AbstractDataTreeNode.assembleWith([Lorg/eclipse/core/internal/dtree/AbstractDataTreeNode;[Lorg/eclipse/core/internal/dtree/AbstractDataTreeN%Æè÷#¬@
Event: 3601.984 Thread 0x000000001e8fc800 Uncommon trap: reason=unstable_if action=reinterpret pc=0x00000000052f59e0 method=org.eclipse.core.internal.jobs.JobManager.nextJob()Lorg/eclipse/core/runtime/jobs/Job; @ 80
Event: 3601.984 Thread 0x000000001e8fc800 Uncommon trap: reason=unstable_if action=reinterpret pc=0x0000000005d2a0a0 method=org.eclipse.core.internal.jobs.WorkerPool.startJob(Lorg/eclipse/core/internal/jobs/Worker;)Lorg/eclipse/core/internal/jobs/InternalJob; @ 177
Event: 3601.987 Thread 0x0000000016ff3800 Uncommon trap: reason=unstable_if action=reinterpret pc=0x0000000005d2a0a0 method=org.eclipse.core.internal.jobs.WorkerPool.startJob(Lorg/eclipse/core/internal/jobs/Worker;)Lorg/eclipse/core/internal/jobs/InternalJob; @ 177
Event: 3601.987 Thread 0x0000000018701800 Uncommon trap: reason=unstable_if action=reinterpret pc=0x0000000005d2a0a0 method=org.eclipse.core.internal.jobs.WorkerPool.startJob(Lorg/eclipse/core/internal/jobs/Worker;)Lorg/eclipse/core/internal/jobs/InternalJob; @ 177
Event: 3601.987 Thread 0x0000000018704800 Uncommon trap: reason=unstable_if action=reinterpret pc=0x0000000005d2a0a0 method=org.eclipse.core.internal.jobs.WorkerPool.startJob(Lorg/eclipse/core/internal/jobs/Worker;)Lorg/eclipse/core/internal/jobs/InternalJob; @ 177
Event: 3601.988 Thread 0x0000000016fef800 Uncommon trap: reason=unstable_if action=reinterpret pc=0x0000000005d2a0a0 method=org.eclipse.core.internal.jobs.WorkerPool.startJob(Lorg/eclipse/core/internal/jobs/Worker;)Lorg/eclipse/core/internal/jobs/InternalJob; @ 177
Event: 3601.988 Thread 0x0000000017db0800 Uncommon trap: reason=unstable_if action=reinterpret pc=0x0000000005d2a0a0 method=org.eclipse.core.internal.jobs.WorkerPool.startJob(Lorg/eclipse/core/internal/jobs/Worker;)Lorg/eclipse/core/internal/jobs/InternalJob; @ 177
Event: 3602.002 Thread 0x0000000018703800 Uncommon trap: reason=unstable_if action=reinterpret pc=0x00000000042e689c method=sun.reflect.UnsafeStaticObjectFieldAccessorImpl.set(Ljava/lang/Object;Ljava/lang/Object;)V @ 13

Internal exceptions (10 events):
Event: 3598.636 Thread 0x00000000024aa000 Implicit null exception at 0x00000000038df911 to 0x00000000038dfbe1
Event: 3601.155 Thread 0x00000000024aa000 Implicit null exception at 0x0000000002d5fb8a to 0x0000000002d623cd
Event: 3601.237 Thread 0x0000000017db8000 Exception <a 'java/lang/InterruptedException'> (0x00000000f88fdf40) thrown at [C:\re\workspace\8-2-build-windows-amd64-cygwin\jdk8u66\5298\hotspot\src\share\vm\runtime\objectMonitor.cpp, line 1683]
Event: 3601.239 Thread 0x0000000016fef800 Implicit null exception at 0x0000000005b2443b to 0x0000000005b2626d
Event: 3601.980 Thread 0x0000000016fe9800 Exception <a 'java/lang/InterruptedException'> (0x00000000f8475468) thrown at [C:\re\workspace\8-2-build-windows-amd64-cygwin\jdk8u66\5298\hotspot\src\share\vm\runtime\objectMonitor.cpp, line 1683]
Event: 3602.002 Thread 0x0000000018703800 Implicit null exception at 0x00000000042e6577 to 0x00000000042e6889
Event: 3602.002 Thread 0x0000000017cea000 Exception <a 'java/lang/InterruptedException'> (0x00000000f8c97578) thrown at [C:\re\workspace\8-2-build-windows-amd64-cygwin\jdk8u66\5298\hotspot\src\share\vm\runtime\objectMonitor.cpp, line 1683]
Event: 3602.007 Thread 0x0000000016fe9000 Exception <a 'java/lang/InterruptedException'> (0x00000000f7db03e0) thrown at [C:\re\workspace\8-2-build-windows-amd64-cygwin\jdk8u66\5298\hotspot\src\share\vm\runtime\objectMonitor.cpp, line 1683]
Event: 3602.009 Thread 0x0000000017d75000 Exception <a 'java/lang/InterruptedException'> (0x00000000f8e96cd8) thrown at [C:\re\workspace\8-2-build-windows-amd64-cygwin\jdk8u66\5298\hotspot\src\share\vm\runtime\objectMonitor.cpp, line 1683]
Event: 3602.012 Thread 0x0000000018703800 Exception <a 'java/io/IOException'> (0x00000000f8ef3b20) thrown at [C:\re\workspace\8-2-build-windows-amd64-cygwin\jdk8u66\5298\hotspot\src\share\vm\prims\jni.cpp, line 709]

Events (10 events):
Event: 3602.011 Executing VM operation: RevokeBias
Event: 3602.012 Executing VM operation: RevokeBias done
Event: 3602.012 Executing VM operation: RevokeBias
Event: 3602.012 Executing VM operation: RevokeBias done
Event: 3602.012 Executing VM operation: RevokeBias
Event: 3602.012 Executing VM operation: RevokeBias done
Event: 3602.012 Executing VM operation: RevokeBias
Event: 3602.012 Executing VM operation: RevokeBias done
Event: 3602.012 Thread 0x0000000018703800 Thread exited: 0x0000000018703800
Event: 3602.012 Executing VM operation: Exit


Dynamic libraries:
0x0000000000400000 - 0x000000000044f000 	C:\Xilinx\SDK\2016.2\eclipse\win64.o\eclipse.exe
0x0000000077aa0000 - 0x0000000077c4a000 	C:\WINDOWS\SYSTEM32\ntdll.dll
0x0000000077980000 - 0x0000000077a9f000 	C:\WINDOWS\system32\kernel32.dll
0x000007fefd970000 - 0x000007fefd9da000 	C:\WINDOWS\system32\KERNELBASE.dll
0x0000000077880000 - 0x000000007797a000 	C:\WINDOWS\system32\USER32.dll
0x000007feff9e0000 - 0x000007feffa47000 	C:\WINDOWS\system32\GDI32.dll
0x000007fefedb0000 - 0x000007fefedbe000 	C:\WINDOWS\system32\LPK.dll
0x000007feff210000 - 0x000007feff2da000 	C:\WINDOWS\system32\USP10.dll
0x000007feff830000 - 0x000007feff8cf000 	C:\WINDOWS\system32\msvcrt.dll
0x000007fefbc20000 - 0x000007fefbe14000 	C:\WINDOWS\WinSxS\amd64_microsoft.windows.common-controls_6595b64144ccf1df_6.0.7601.18837_none_fa3b1e3d17594757\COMCTL32.dll
0x000007fefea60000 - 0x000007fefead1000 	C:\WINDOWS\system32\SHLWAPI.dll
0x000007feff6d0000 - 0x000007feff6fe000 	C:\WINDOWS\system32\IMM32.DLL
0x000007feff8d0000 - 0x000007feff9d9000 	C:\WINDOWS\system32\MSCTF.dll
0x0000000073630000 - 0x0000000073669000 	C:\PROGRA~2\Sophos\SOPHOS~1\SOPHOS~2.DLL
0x0000000077c60000 - 0x0000000077c67000 	C:\WINDOWS\system32\PSAPI.DLL
0x0000000072000000 - 0x0000000072012000 	C:\Xilinx\SDK\2016.2\eclipse\win64.o\plugins\org.eclipse.equinox.launcher.win32.win32.x86_64_1.1.300.v20150602-1417\eclipse_1611.dll
0x000007fefdbf0000 - 0x000007fefdccb000 	C:\WINDOWS\system32\ADVAPI32.dll
0x000007feff2e0000 - 0x000007feff2ff000 	C:\WINDOWS\SYSTEM32\sechost.dll
0x000007feff700000 - 0x000007feff82d000 	C:\WINDOWS\system32\RPCRT4.dll
0x000007fefc9c0000 - 0x000007fefc9cc000 	C:\WINDOWS\system32\VERSION.dll
0x000007fefb820000 - 0x000007fefb876000 	C:\WINDOWS\system32\uxtheme.dll
0x0000000050f00000 - 0x0000000051789000 	C:\Xilinx\SDK\2016.2\tps\win64\jre\bin\server\jvm.dll
0x000007feeeed0000 - 0x000007feeeed9000 	C:\WINDOWS\system32\WSOCK32.dll
0x000007feffb60000 - 0x000007feffbad000 	C:\WINDOWS\system32\WS2_32.dll
0x000007feffa50000 - 0x000007feffa58000 	C:\WINDOWS\system32\NSI.dll
0x000007fefb4c0000 - 0x000007fefb4fb000 	C:\WINDOWS\system32\WINMM.dll
0x000000006e3b0000 - 0x000000006e482000 	C:\WINDOWS\system32\MSVCR100.dll
0x00000000742e0000 - 0x00000000742ef000 	C:\Xilinx\SDK\2016.2\tps\win64\jre\bin\verify.dll
0x0000000072e70000 - 0x0000000072e99000 	C:\Xilinx\SDK\2016.2\tps\win64\jre\bin\java.dll
0x0000000072eb0000 - 0x0000000072ec6000 	C:\Xilinx\SDK\2016.2\tps\win64\jre\bin\zip.dll
0x000007fefdcd0000 - 0x000007fefea5c000 	C:\WINDOWS\system32\SHELL32.dll
0x000007feffbb0000 - 0x000007feffdac000 	C:\WINDOWS\system32\ole32.dll
0x000007fefd7a0000 - 0x000007fefd7af000 	C:\WINDOWS\system32\profapi.dll
0x000007fefcf80000 - 0x000007fefcf98000 	C:\WINDOWS\system32\CRYPTSP.dll
0x000007fefcc80000 - 0x000007fefccc7000 	C:\WINDOWS\system32\rsaenh.dll
0x000007fefdac0000 - 0x000007fefdade000 	C:\WINDOWS\system32\USERENV.dll
0x0000000069160000 - 0x000000006917a000 	C:\Xilinx\SDK\2016.2\tps\win64\jre\bin\net.dll
0x000007fefc8c0000 - 0x000007fefc8f0000 	C:\ProgramData\Sophos\Web Intelligence\swi_ifslsp_64.dll
0x000007fefcf20000 - 0x000007fefcf75000 	C:\WINDOWS\system32\mswsock.dll
0x000007fefcf10000 - 0x000007fefcf17000 	C:\WINDOWS\System32\wship6.dll
0x000007fefc610000 - 0x000007fefc637000 	C:\WINDOWS\system32\IPHLPAPI.DLL
0x000007fefc8b0000 - 0x000007fefc8bb000 	C:\WINDOWS\system32\WINNSI.DLL
0x000007fef9950000 - 0x000007fef9961000 	C:\WINDOWS\system32\dhcpcsvc6.DLL
0x000007fef9810000 - 0x000007fef9828000 	C:\WINDOWS\system32\dhcpcsvc.DLL
0x0000000069f90000 - 0x0000000069fa1000 	C:\Xilinx\SDK\2016.2\tps\win64\jre\bin\nio.dll
0x000007fefd5f0000 - 0x000007fefd5ff000 	C:\WINDOWS\system32\CRYPTBASE.dll
0x000007fefbe30000 - 0x000007fefbe45000 	C:\WINDOWS\system32\NLAapi.dll
0x000007fef94f0000 - 0x000007fef9505000 	C:\WINDOWS\system32\napinsp.dll
0x000007fef9510000 - 0x000007fef9529000 	C:\WINDOWS\system32\pnrpnsp.dll
0x000007fefcda0000 - 0x000007fefcdfb000 	C:\WINDOWS\system32\DNSAPI.dll
0x000007fef2e80000 - 0x000007fef2e8b000 	C:\WINDOWS\System32\winrnr.dll
0x0000000002560000 - 0x000000000258e000 	C:\Program Files\Agilent\IO Libraries Suite\LxiMdnsNsp.dll
0x000007fefc8a0000 - 0x000007fefc8a7000 	C:\WINDOWS\System32\wshtcpip.dll
0x000007fef94e0000 - 0x000007fef94e8000 	C:\WINDOWS\system32\rasadhlp.dll
0x000007fef99e0000 - 0x000007fef9a33000 	C:\WINDOWS\System32\fwpuclnt.dll
0x0000000018e00000 - 0x0000000018ea8000 	C:\Users\madhikar\.Xilinx\SDK\2016.2\org.eclipse.osgi\312\0\.cp\swt-win32-4527.dll
0x000007feffa80000 - 0x000007feffb5a000 	C:\WINDOWS\system32\OLEAUT32.dll
0x000007fefdb50000 - 0x000007fefdbe7000 	C:\WINDOWS\system32\comdlg32.dll
0x000007fefa180000 - 0x000007fefa1f1000 	C:\WINDOWS\system32\WINSPOOL.DRV
0x000007fefee60000 - 0x000007feff181000 	C:\WINDOWS\system32\WININET.dll
0x000007fefda90000 - 0x000007fefda94000 	C:\WINDOWS\system32\api-ms-win-downlevel-user32-l1-1-0.dll
0x000007fefdab0000 - 0x000007fefdab4000 	C:\WINDOWS\system32\api-ms-win-downlevel-shlwapi-l1-1-0.dll
0x000007fefdaa0000 - 0x000007fefdaa4000 	C:\WINDOWS\system32\api-ms-win-downlevel-version-l1-1-0.dll
0x000007fefd9e0000 - 0x000007fefd9e3000 	C:\WINDOWS\system32\api-ms-win-downlevel-normaliz-l1-1-0.dll
0x0000000077c70000 - 0x0000000077c73000 	C:\WINDOWS\system32\normaliz.DLL
0x000007fefeae0000 - 0x000007fefedaa000 	C:\WINDOWS\system32\iertutil.dll
0x000007fefdb00000 - 0x000007fefdb05000 	C:\WINDOWS\system32\api-ms-win-downlevel-advapi32-l1-1-0.dll
0x000007fefd7b0000 - 0x000007fefd91d000 	C:\WINDOWS\system32\CRYPT32.dll
0x000007fefd790000 - 0x000007fefd79f000 	C:\WINDOWS\system32\MSASN1.dll
0x000007fefb3c0000 - 0x000007fefb3d8000 	C:\WINDOWS\system32\dwmapi.dll
0x000007fefc3b0000 - 0x000007fefc4dc000 	C:\WINDOWS\system32\propsys.dll
0x000007fefedc0000 - 0x000007fefee59000 	C:\WINDOWS\system32\CLBCatQ.DLL
0x00000000175a0000 - 0x00000000175be000 	C:\Users\madhikar\.Xilinx\SDK\2016.2\org.eclipse.osgi\312\0\.cp\swt-gdip-win32-4527.dll
0x000007fefb600000 - 0x000007fefb816000 	C:\WINDOWS\WinSxS\amd64_microsoft.windows.gdiplus_6595b64144ccf1df_1.1.7601.23721_none_1457f4f68b936a93\gdiplus.dll
0x000007fef0160000 - 0x000007fef02c1000 	C:\WINDOWS\system32\WindowsCodecs.dll
0x0000000180000000 - 0x0000000180012000 	C:\Users\madhikar\.Xilinx\SDK\2016.2\org.eclipse.osgi\126\0\.cp\os\win32\x86_64\localfile_1_0_0.dll
0x000007fefabd0000 - 0x000007fefac24000 	C:\WINDOWS\system32\oleacc.dll
0x000007fefbef0000 - 0x000007fefbef7000 	C:\WINDOWS\system32\msimg32.dll
0x000007fefd640000 - 0x000007fefd654000 	C:\WINDOWS\system32\RpcRtRemote.dll
0x000007fefd590000 - 0x000007fefd5e7000 	C:\WINDOWS\system32\apphelp.dll
0x000007feefc00000 - 0x000007feefc11000 	C:\Users\madhikar\.Xilinx\SDK\2016.2\org.eclipse.osgi\129\0\.cp\jWinHttp-1.0.0.dll
0x000007fef5f90000 - 0x000007fef6001000 	C:\WINDOWS\system32\WINHTTP.dll
0x000007fef5f20000 - 0x000007fef5f85000 	C:\WINDOWS\system32\webio.dll
0x000007fefb410000 - 0x000007fefb41f000 	C:\Xilinx\SDK\2016.2\lib\win64.o\librdi_repo_manager.dll
0x000007feefc70000 - 0x000007feefc9a000 	C:\Xilinx\SDK\2016.2\lib\win64.o\libisl_sysinfo.dll
0x000007fef9ca0000 - 0x000007fef9d74000 	C:\WINDOWS\system32\MSVCR110.dll
0x000007fefa040000 - 0x000007fefa0e7000 	C:\WINDOWS\system32\MSVCP110.dll
0x000007febb200000 - 0x000007febbc40000 	C:\Xilinx\SDK\2016.2\lib\win64.o\librdi_common.dll
0x000007febd930000 - 0x000007febdc9e000 	C:\Xilinx\SDK\2016.2\lib\win64.o\libCOIN-all.dll
0x000007febd710000 - 0x000007febd92f000 	C:\Xilinx\SDK\2016.2\lib\win64.o\libXil_lmgr11.dll
0x000007fefbea0000 - 0x000007fefbeb6000 	C:\WINDOWS\system32\NETAPI32.dll
0x000007fefcbb0000 - 0x000007fefcbbc000 	C:\WINDOWS\system32\netutils.dll
0x000007fefd190000 - 0x000007fefd1b3000 	C:\WINDOWS\system32\srvcli.dll
0x000007fefbe60000 - 0x000007fefbe75000 	C:\WINDOWS\system32\wkscli.dll
0x000007fefd930000 - 0x000007fefd96b000 	C:\WINDOWS\system32\WINTRUST.dll
0x000007fefb120000 - 0x000007fefb130000 	C:\Xilinx\SDK\2016.2\lib\win64.o\libboost_date_time.dll
0x000007feefc40000 - 0x000007feefc64000 	C:\Xilinx\SDK\2016.2\lib\win64.o\libboost_filesystem.dll
0x000007fefafa0000 - 0x000007fefafa9000 	C:\Xilinx\SDK\2016.2\lib\win64.o\libboost_system.dll
0x000007feefad0000 - 0x000007feefb47000 	C:\Xilinx\SDK\2016.2\lib\win64.o\libboost_program_options.dll
0x000007febd600000 - 0x000007febd706000 	C:\Xilinx\SDK\2016.2\lib\win64.o\libboost_regex.dll
0x000007feefcc0000 - 0x000007feefcd3000 	C:\Xilinx\SDK\2016.2\lib\win64.o\libboost_signals.dll
0x000007feefc20000 - 0x000007feefc3d000 	C:\Xilinx\SDK\2016.2\lib\win64.o\libboost_thread.dll
0x000007fefa3a0000 - 0x000007fefa3ab000 	C:\Xilinx\SDK\2016.2\lib\win64.o\libboost_chrono.dll
0x000007fef9da0000 - 0x000007fef9dab000 	C:\Xilinx\SDK\2016.2\lib\win64.o\libboost_xilinx.dll
0x000007fee92c0000 - 0x000007fee9340000 	C:\Xilinx\SDK\2016.2\lib\win64.o\libhdlpsolve.dll
0x000007fee6c70000 - 0x000007fee6d0a000 	C:\Xilinx\SDK\2016.2\lib\win64.o\libhdxml.dll
0x000007febad90000 - 0x000007febb1f5e00 	C:\Xilinx\SDK\2016.2\lib\win64.o\libisl_iostreams.dll
0x000007feefab0000 - 0x000007feefac6000 	C:\Xilinx\SDK\2016.2\lib\win64.o\libboost_iostreams.dll
0x000007feecbd0000 - 0x000007feecbf3000 	C:\Xilinx\SDK\2016.2\lib\win64.o\librdizlib.dll
0x000007fee9100000 - 0x000007fee9123000 	C:\Xilinx\SDK\2016.2\lib\win64.o\libisl_iosutils.dll
0x000007feee290000 - 0x000007feee2a5000 	C:\Xilinx\SDK\2016.2\lib\win64.o\pthreadVC2.dll
0x000007fee8890000 - 0x000007fee88e4000 	C:\Xilinx\SDK\2016.2\lib\win64.o\librdi_commonxillic.dll
0x000007febfe50000 - 0x000007febff80000 	C:\Xilinx\SDK\2016.2\lib\win64.o\librdi_curl.dll
0x000007feee190000 - 0x000007feee1a8000 	C:\Xilinx\SDK\2016.2\lib\win64.o\librdiconfig.dll
0x000000005c820000 - 0x000000005c947000 	C:\Xilinx\SDK\2016.2\lib\win64.o\tcl85t.dll
0x0000000025930000 - 0x0000000025b93000 	C:\Xilinx\SDK\2016.2\lib\win64.o\xerces-c_3_1.dll
0x000007feff540000 - 0x000007feff6c5000 	C:\WINDOWS\system32\urlmon.dll
0x000007fefd920000 - 0x000007fefd924000 	C:\WINDOWS\system32\api-ms-win-downlevel-ole32-l1-1-0.dll
0x000007fef99a0000 - 0x000007fef99c3000 	C:\WINDOWS\system32\VCOMP110.DLL
0x000007feb9070000 - 0x000007feb9262000 	C:\Xilinx\SDK\2016.2\lib\win64.o\librdi_hsm.dll
0x000007fee6fa0000 - 0x000007fee6fe3000 	C:\Xilinx\SDK\2016.2\lib\win64.o\librdi_hdf.dll
0x000007feb8de0000 - 0x000007feb9061000 	C:\Xilinx\SDK\2016.2\lib\win64.o\librdi_ippcw.dll
0x000007feed360000 - 0x000007feed376000 	C:\Xilinx\SDK\2016.2\eclipse\win64.o\plugins\org.eclipse.cdt.core.win32.x86_64_5.4.0.201509131935\os\win32\x86_64\spawner.dll
0x000007fef04f0000 - 0x000007fef04fa000 	C:\Xilinx\SDK\2016.2\lib\win64.o\librdi_jtag_settings.dll
0x000007fee7d80000 - 0x000007fee7da9000 	C:\Xilinx\SDK\2016.2\lib\win64.o\librdi_debug_dialog.dll
0x000007fef2e50000 - 0x000007fef2e58000 	C:\Xilinx\SDK\2016.2\lib\win64.o\librdi_target_manager.dll
0x000007fea0fe0000 - 0x000007fea17f0000 	C:\Xilinx\SDK\2016.2\lib\win64.o\libXil_lmgr11FNP.dll
0x000007fef1610000 - 0x000007fef161b000 	C:\WINDOWS\system32\snmpapi.dll

VM Arguments:
jvm_args: -Dcom.xilinx.sdk.args.hwspec=H:/project_dft/project_dft.sdk/mcs_top.hdf -Xms64m -Xmx512m & 
java_command: <unknown>
java_class_path (initial): C:\Xilinx\SDK\2016.2\eclipse\win64.o\\plugins/org.eclipse.equinox.launcher_1.3.100.v20150511-1540.jar
Launcher Type: generic

Environment Variables:
USERNAME=madhikar
OS=Windows_NT
PROCESSOR_IDENTIFIER=Intel64 Family 6 Model 60 Stepping 3, GenuineIntel



---------------  S Y S T E M  ---------------

OS: Windows 7 , 64 bit Build 7601 (6.1.7601.23714)

CPU:total 8 (4 cores per cpu, 2 threads per core) family 6 model 60 stepping 3, cmov, cx8, fxsr, mmx, sse, sse2, sse3, ssse3, sse4.1, sse4.2, popcnt, avx, avx2, aes, clmul, erms, lzcnt, ht, tsc, tscinvbit, bmi1, bmi2

Memory: 4k page, physical 16717872k(6698408k free), swap 33433884k(21877976k free)

vm_info: Java HotSpot(TM) 64-Bit Server VM (25.66-b18) for windows-amd64 JRE (1.8.0_66-b18), built on Nov  9 2015 10:51:13 by "java_re" with MS VC++ 10.0 (VS2010)

time: Wed May 03 21:46:56 2017
elapsed time: 3602 seconds (0d 1h 0m 2s)

