#
# A fatal error has been detected by the Java Runtime Environment:
#
#  Internal Error (0xc000000d), pid=7920, tid=1416
#
# JRE version: Java(TM) SE Runtime Environment (8.0_66-b18) (build 1.8.0_66-b18)
# Java VM: Java HotSpot(TM) 64-Bit Server VM (25.66-b18 mixed mode windows-amd64 compressed oops)
# Problematic frame:
# C  [ntdll.dll+0x96ccf]
#
# Failed to write core dump. Minidumps are not enabled by default on client versions of Windows
#
# If you would like to submit a bug report, please visit:
#   http://bugreport.java.com/bugreport/crash.jsp
#

---------------  T H R E A D  ---------------

Current thread (0x0000000013f31000):  VMThread [stack: 0x0000000016000000,0x0000000016100000] [id=1416]

siginfo: ExceptionCode=0xc000000d

Registers:
RAX=0x0000000034d7e9d3, RBX=0x0000000000000000, RCX=0x00000000160fef10, RDX=0x0000000000000000
RSP=0x00000000160ff520, RBP=0x0000000017bac480, RSI=0x000007fef9ca7408, RDI=0x00000000160ff668
R8 =0x0000000000000000, R9 =0x0000000000000000, R10=0x0000000000000000, R11=0x0000000000000246
R12=0x0000000017b24f80, R13=0x0000000017b24f50, R14=0x0000000017bac588, R15=0x0000000000000000
RIP=0x0000000077b36ccf, EFLAGS=0x0000000000000202

Top of Stack: (sp=0x00000000160ff520)
0x00000000160ff520:   0000000000000000 000007fef9ca7408
0x00000000160ff530:   00000000160ff668 0000000000000000
0x00000000160ff540:   0000000000000050 0000000000160000
0x00000000160ff550:   0000000000000000 0000000000000000
0x00000000160ff560:   0000000000000002 0000000077aedd48
0x00000000160ff570:   00000000c000000d 0000000000000000
0x00000000160ff580:   0000000077b36ccf 0000000000000000
0x00000000160ff590:   0000000000000000 0000000000000000
0x00000000160ff5a0:   0000000000000000 0000000000000000
0x00000000160ff5b0:   0000000000000000 0000000000000000
0x00000000160ff5c0:   0000000000000000 0000000000000000
0x00000000160ff5d0:   0000000000000000 0000000000000000
0x00000000160ff5e0:   0000000000000000 0000000000000000
0x00000000160ff5f0:   0000000000000000 0000000000000000
0x00000000160ff600:   0000000000000000 0000000017b24f80
0x00000000160ff610:   0000000000000714 00000000779c34a8 

Instructions: (pc=0x0000000077b36ccf)
0x0000000077b36caf:   5d 6c fb ff b9 57 00 00 00 c7 44 24 50 0d 00 00
0x0000000077b36cbf:   c0 e8 4b 6f fb ff 48 8d 4c 24 50 e8 41 1c f8 ff
0x0000000077b36ccf:   4c 8b 1d 02 67 09 00 4d 85 db 74 5b 65 48 8b 04
0x0000000077b36cdf:   25 30 00 00 00 f6 80 ee 17 00 00 08 74 12 65 48 


Register to memory mapping:

RAX=0x0000000034d7e9d3 is an unknown value
RBX=0x0000000000000000 is an unknown value
RCX=0x00000000160fef10 is an unknown value
RDX=0x0000000000000000 is an unknown value
RSP=0x00000000160ff520 is an unknown value
RBP=0x0000000017bac480 is an unknown value
RSI=0x000007fef9ca7408 is an unknown value
RDI=0x00000000160ff668 is an unknown value
R8 =0x0000000000000000 is an unknown value
R9 =0x0000000000000000 is an unknown value
R10=0x0000000000000000 is an unknown value
R11=0x0000000000000246 is an unknown value
R12=0x0000000017b24f80 is an unknown value
R13=0x0000000017b24f50 is an unknown value
R14=0x0000000017bac588 is an unknown value
R15=0x0000000000000000 is an unknown value


Stack: [0x0000000016000000,0x0000000016100000],  sp=0x00000000160ff520,  free space=1021k
Native frames: (J=compiled Java code, j=interpreted, Vv=VM code, C=native code)
C  [ntdll.dll+0x96ccf]
C  [kernel32.dll+0x434a8]
C  [MSVCR110.dll+0x752d]
C  [MSVCR110.dll+0x73c6]
C  [MSVCR110.dll+0x14cca]
C  [MSVCR110.dll+0x13edc]
C  [MSVCR110.dll+0x239e]
C  [MSVCR110.dll+0xaf9e]
C  [MSVCP110.dll+0x397b9]
C  [librdi_common.dll+0x182316]
C  [librdi_common.dll+0x180fab]
C  [librdi_target_manager.dll+0x2400]
C  [librdi_target_manager.dll+0x2682]
C  [ntdll.dll+0x22ac1]
C  [ntdll.dll+0x228d0]
C  [MSVCR100.dll+0x20ccd]
V  [jvm.dll+0x210cc5]
V  [jvm.dll+0x249897]
V  [jvm.dll+0x248b36]
V  [jvm.dll+0x248fd1]
V  [jvm.dll+0x2491ee]
V  [jvm.dll+0x29a0fa]
C  [MSVCR100.dll+0x21d9f]
C  [MSVCR100.dll+0x21e3b]
C  [kernel32.dll+0x159cd]
C  [ntdll.dll+0x2a561]

VM_Operation (0x000000000012f4c0): Exit, mode: safepoint, requested by thread 0x000000000258a000


---------------  P R O C E S S  ---------------

Java Threads: ( => current thread )
  0x000000001fc15000 JavaThread "Thread-35" daemon [_thread_blocked, id=7572, stack(0x0000000026ab0000,0x0000000026bb0000)]
  0x000000001fc10000 JavaThread "TCF Channel Transmitter" daemon [_thread_blocked, id=5728, stack(0x0000000025fc0000,0x00000000260c0000)]
  0x000000001fc0f000 JavaThread "TCF Channel Receiver" daemon [_thread_in_native, id=2416, stack(0x0000000024160000,0x0000000024260000)]
  0x000000001eaac800 JavaThread "Process monitor" daemon [_thread_in_native, id=13552, stack(0x0000000025cb0000,0x0000000025db0000)]
  0x000000001eaab000 JavaThread "Input Stream Monitor" daemon [_thread_blocked, id=2744, stack(0x0000000025bb0000,0x0000000025cb0000)]
  0x000000001eaac000 JavaThread "Output Stream Monitor" daemon [_thread_in_native, id=11856, stack(0x0000000025ab0000,0x0000000025bb0000)]
  0x000000001eaaa800 JavaThread "Output Stream Monitor" daemon [_thread_in_native, id=12132, stack(0x0000000024860000,0x0000000024960000)]
  0x00000000153f9000 JavaThread "TCF Locator DNS Lookup" daemon [_thread_blocked, id=9144, stack(0x0000000022320000,0x0000000022420000)]
  0x00000000153f8800 JavaThread "TCF Locator Timer" daemon [_thread_blocked, id=9408, stack(0x0000000022220000,0x0000000022320000)]
  0x00000000153f7800 JavaThread "TCF Locator Receiver" daemon [_thread_in_native, id=8796, stack(0x0000000021a00000,0x0000000021b00000)]
  0x00000000153f6000 JavaThread "TCF Timer Dispatcher" daemon [_thread_blocked, id=13632, stack(0x000000001f920000,0x000000001fa20000)]
  0x00000000153f4000 JavaThread "EMF Reference Cleaner" daemon [_thread_blocked, id=11556, stack(0x0000000019b10000,0x0000000019c10000)]
  0x00000000153e0000 JavaThread "SeedGenerator Thread" daemon [_thread_blocked, id=5004, stack(0x0000000017480000,0x0000000017580000)]
  0x00000000151a3000 JavaThread "Service Thread" daemon [_thread_blocked, id=3520, stack(0x00000000169c0000,0x0000000016ac0000)]
  0x000000001511d800 JavaThread "C1 CompilerThread3" daemon [_thread_blocked, id=8384, stack(0x00000000168c0000,0x00000000169c0000)]
  0x0000000015116000 JavaThread "C2 CompilerThread2" daemon [_thread_blocked, id=10916, stack(0x00000000167c0000,0x00000000168c0000)]
  0x0000000015107000 JavaThread "C2 CompilerThread1" daemon [_thread_blocked, id=11800, stack(0x00000000166c0000,0x00000000167c0000)]
  0x0000000015110800 JavaThread "C2 CompilerThread0" daemon [_thread_blocked, id=5932, stack(0x00000000165c0000,0x00000000166c0000)]
  0x000000001510f000 JavaThread "Attach Listener" daemon [_thread_blocked, id=6700, stack(0x00000000164c0000,0x00000000165c0000)]
  0x000000001510e000 JavaThread "Signal Dispatcher" daemon [_thread_blocked, id=6360, stack(0x00000000163c0000,0x00000000164c0000)]
  0x0000000013f3d000 JavaThread "Finalizer" daemon [_thread_blocked, id=8516, stack(0x0000000016200000,0x0000000016300000)]
  0x0000000013f36000 JavaThread "Reference Handler" daemon [_thread_blocked, id=10268, stack(0x0000000016100000,0x0000000016200000)]
  0x000000000258a000 JavaThread "main" [_thread_blocked, id=12924, stack(0x0000000000030000,0x0000000000130000)]

Other Threads:
=>0x0000000013f31000 VMThread [stack: 0x0000000016000000,0x0000000016100000] [id=1416]

VM state:at safepoint (shutting down)

VM Mutex/Monitor currently owned by a thread:  ([mutex/lock_event])
[0x0000000002588980] Threads_lock - owner thread: 0x0000000013f31000

Heap:
 PSYoungGen      total 103424K, used 37788K [0x00000000f5580000, 0x00000000fcf80000, 0x0000000100000000)
  eden space 102400K, 36% used [0x00000000f5580000,0x00000000f7a67278,0x00000000fb980000)
  from space 1024K, 0% used [0x00000000fb980000,0x00000000fb980000,0x00000000fba80000)
  to   space 11264K, 0% used [0x00000000fc480000,0x00000000fc480000,0x00000000fcf80000)
 ParOldGen       total 106496K, used 44395K [0x00000000e0000000, 0x00000000e6800000, 0x00000000f5580000)
  object space 106496K, 41% used [0x00000000e0000000,0x00000000e2b5ae08,0x00000000e6800000)
 Metaspace       used 85968K, capacity 93074K, committed 93336K, reserved 1130496K
  class space    used 10086K, capacity 12424K, committed 12464K, reserved 1048576K

Card table byte_map: [0x0000000011a90000,0x0000000011ba0000] byte_map_base: 0x0000000011390000

Marking Bits: (ParMarkBitMap*) 0x000000005170a5b0
 Begin Bits: [0x0000000012450000, 0x0000000012c50000)
 End Bits:   [0x0000000012c50000, 0x0000000013450000)

Polling page: 0x00000000003d0000

CodeCache: size=245760Kb used=41638Kb max_used=41684Kb free=204121Kb
 bounds [0x00000000026d0000, 0x0000000004fe0000, 0x00000000116d0000]
 total_blobs=11977 nmethods=11078 adapters=808
 compilation: enabled

Compilation events (10 events):
Event: 1615.774 Thread 0x000000001511d800 nmethod 13691 0x0000000002ef6b90 code [0x0000000002ef6de0, 0x0000000002ef84f8]
Event: 1615.774 Thread 0x000000001511d800 13684       3       org.eclipse.osgi.container.ModuleWiring::unload (6 bytes)
Event: 1615.774 Thread 0x000000001511d800 nmethod 13684 0x0000000004fb4510 code [0x0000000004fb4680, 0x0000000004fb4808]
Event: 1615.774 Thread 0x000000001511d800 13685       3       org.eclipse.osgi.container.ModuleWiring::invalidate0 (52 bytes)
Event: 1615.775 Thread 0x000000001511d800 nmethod 13685 0x0000000002ef5d90 code [0x0000000002ef5f40, 0x0000000002ef68e8]
Event: 1615.775 Thread 0x000000001511d800 13686       3       org.eclipse.osgi.internal.container.AtomicLazyInitializer::getAndClear (9 bytes)
Event: 1615.776 Thread 0x000000001511d800 nmethod 13686 0x0000000004fb4090 code [0x0000000004fb4200, 0x0000000004fb4450]
Event: 1615.776 Thread 0x000000001511d800 13687       3       java.util.concurrent.atomic.AtomicReference::getAndSet (12 bytes)
Event: 1615.776 Thread 0x000000001511d800 nmethod 13687 0x0000000003ef8450 code [0x0000000003ef85a0, 0x0000000003ef8710]
Event: 1615.776 Thread 0x000000001511d800 13688       3       sun.misc.Unsafe::getAndSetObject (24 bytes)

GC Heap History (10 events):
Event: 1444.042 GC heap before
{Heap before GC invocations=58 (full 25):
 PSYoungGen      total 103424K, used 800K [0x00000000f5580000, 0x00000000fd380000, 0x0000000100000000)
  eden space 102400K, 0% used [0x00000000f5580000,0x00000000f5580000,0x00000000fb980000)
  from space 1024K, 78% used [0x00000000fb980000,0x00000000fba48000,0x00000000fba80000)
  to   space 13312K, 0% used [0x00000000fc680000,0x00000000fc680000,0x00000000fd380000)
 ParOldGen       total 106496K, used 43945K [0x00000000e0000000, 0x00000000e6800000, 0x00000000f5580000)
  object space 106496K, 41% used [0x00000000e0000000,0x00000000e2aea5b8,0x00000000e6800000)
 Metaspace       used 84692K, capacity 91788K, committed 91928K, reserved 1128448K
  class space    used 9949K, capacity 12294K, committed 12336K, reserved 1048576K
Event: 1444.151 GC heap after
Heap after GC invocations=58 (full 25):
 PSYoungGen      total 103424K, used 0K [0x00000000f5580000, 0x00000000fd380000, 0x0000000100000000)
  eden space 102400K, 0% used [0x00000000f5580000,0x00000000f5580000,0x00000000fb980000)
  from space 1024K, 0% used [0x00000000fb980000,0x00000000fb980000,0x00000000fba80000)
  to   space 13312K, 0% used [0x00000000fc680000,0x00000000fc680000,0x00000000fd380000)
 ParOldGen       total 106496K, used 43988K [0x00000000e0000000, 0x00000000e6800000, 0x00000000f5580000)
  object space 106496K, 41% used [0x00000000e0000000,0x00000000e2af53d8,0x00000000e6800000)
 Metaspace       used 84692K, capacity 91788K, committed 91928K, reserved 1128448K
  class space    used 9949K, capacity 12294K, committed 12336K, reserved 1048576K
}
Event: 1508.654 GC heap before
{Heap before GC invocations=59 (full 25):
 PSYoungGen      total 103424K, used 30218K [0x00000000f5580000, 0x00000000fd380000, 0x0000000100000000)
  eden space 102400K, 29% used [0x00000000f5580000,0x00000000f73029a8,0x00000000fb980000)
  from space 1024K, 0% used [0x00000000fb980000,0x00000000fb980000,0x00000000fba80000)
  to   space 13312K, 0% used [0x00000000fc680000,0x00000000fc680000,0x00000000fd380000)
 ParOldGen       total 106496K, used 43988K [0x00000000e0000000, 0x00000000e6800000, 0x00000000f5580000)
  object space 106496K, 41% used [0x00000000e0000000,0x00000000e2af53d8,0x00000000e6800000)
 Metaspace       used 84857K, capacity 91980K, committed 92184K, reserved 1128448K
  class space    used 9962K, capacity 12294K, committed 12336K, reserved 1048576K
Event: 1508.657 GC heap after
Heap after GC invocations=59 (full 25):
 PSYoungGen      total 113664K, used 946K [0x00000000f5580000, 0x00000000fd180000, 0x0000000100000000)
  eden space 102400K, 0% used [0x00000000f5580000,0x00000000f5580000,0x00000000fb980000)
  from space 11264K, 8% used [0x00000000fc680000,0x00000000fc76c920,0x00000000fd180000)
  to   space 12288K, 0% used [0x00000000fb980000,0x00000000fb980000,0x00000000fc580000)
 ParOldGen       total 106496K, used 43988K [0x00000000e0000000, 0x00000000e6800000, 0x00000000f5580000)
  object space 106496K, 41% used [0x00000000e0000000,0x00000000e2af53d8,0x00000000e6800000)
 Metaspace       used 84857K, capacity 91980K, committed 92184K, reserved 1128448K
  class space    used 9962K, capacity 12294K, committed 12336K, reserved 1048576K
}
Event: 1508.657 GC heap before
{Heap before GC invocations=60 (full 26):
 PSYoungGen      total 113664K, used 946K [0x00000000f5580000, 0x00000000fd180000, 0x0000000100000000)
  eden space 102400K, 0% used [0x00000000f5580000,0x00000000f5580000,0x00000000fb980000)
  from space 11264K, 8% used [0x00000000fc680000,0x00000000fc76c920,0x00000000fd180000)
  to   space 12288K, 0% used [0x00000000fb980000,0x00000000fb980000,0x00000000fc580000)
 ParOldGen       total 106496K, used 43988K [0x00000000e0000000, 0x00000000e6800000, 0x00000000f5580000)
  object space 106496K, 41% used [0x00000000e0000000,0x00000000e2af53d8,0x00000000e6800000)
 Metaspace       used 84857K, capacity 91980K, committed 92184K, reserved 1128448K
  class space    used 9962K, capacity 12294K, committed 12336K, reserved 1048576K
Event: 1508.771 GC heap after
Heap after GC invocations=60 (full 26):
 PSYoungGen      total 113664K, used 0K [0x00000000f5580000, 0x00000000fd180000, 0x0000000100000000)
  eden space 102400K, 0% used [0x00000000f5580000,0x00000000f5580000,0x00000000fb980000)
  from space 11264K, 0% used [0x00000000fc680000,0x00000000fc680000,0x00000000fd180000)
  to   space 12288K, 0% used [0x00000000fb980000,0x00000000fb980000,0x00000000fc580000)
 ParOldGen       total 106496K, used 44391K [0x00000000e0000000, 0x00000000e6800000, 0x00000000f5580000)
  object space 106496K, 41% used [0x00000000e0000000,0x00000000e2b59d28,0x00000000e6800000)
 Metaspace       used 84857K, capacity 91980K, committed 92184K, reserved 1128448K
  class space    used 9962K, capacity 12294K, committed 12336K, reserved 1048576K
}
Event: 1582.613 GC heap before
{Heap before GC invocations=61 (full 26):
 PSYoungGen      total 113664K, used 48215K [0x00000000f5580000, 0x00000000fd180000, 0x0000000100000000)
  eden space 102400K, 47% used [0x00000000f5580000,0x00000000f8495fe0,0x00000000fb980000)
  from space 11264K, 0% used [0x00000000fc680000,0x00000000fc680000,0x00000000fd180000)
  to   space 12288K, 0% used [0x00000000fb980000,0x00000000fb980000,0x00000000fc580000)
 ParOldGen       total 106496K, used 44391K [0x00000000e0000000, 0x00000000e6800000, 0x00000000f5580000)
  object space 106496K, 41% used [0x00000000e0000000,0x00000000e2b59d28,0x00000000e6800000)
 Metaspace       used 85065K, capacity 92108K, committed 92440K, reserved 1130496K
  class space    used 9970K, capacity 12294K, committed 12336K, reserved 1048576K
Event: 1582.616 GC heap after
Heap after GC invocations=61 (full 26):
 PSYoungGen      total 103424K, used 1024K [0x00000000f5580000, 0x00000000fcf80000, 0x0000000100000000)
  eden space 102400K, 0% used [0x00000000f5580000,0x00000000f5580000,0x00000000fb980000)
  from space 1024K, 100% used [0x00000000fb980000,0x00000000fba80000,0x00000000fba80000)
  to   space 11264K, 0% used [0x00000000fc480000,0x00000000fc480000,0x00000000fcf80000)
 ParOldGen       total 106496K, used 44399K [0x00000000e0000000, 0x00000000e6800000, 0x00000000f5580000)
  object space 106496K, 41% used [0x00000000e0000000,0x00000000e2b5bd28,0x00000000e6800000)
 Metaspace       used 85065K, capacity 92108K, committed 92440K, reserved 1130496K
  class space    used 9970K, capacity 12294K, committed 12336K, reserved 1048576K
}
Event: 1582.616 GC heap before
{Heap before GC invocations=62 (full 27):
 PSYoungGen      total 103424K, used 1024K [0x00000000f5580000, 0x00000000fcf80000, 0x0000000100000000)
  eden space 102400K, 0% used [0x00000000f5580000,0x00000000f5580000,0x00000000fb980000)
  from space 1024K, 100% used [0x00000000fb980000,0x00000000fba80000,0x00000000fba80000)
  to   space 11264K, 0% used [0x00000000fc480000,0x00000000fc480000,0x00000000fcf80000)
 ParOldGen       total 106496K, used 44399K [0x00000000e0000000, 0x00000000e6800000, 0x00000000f5580000)
  object space 106496K, 41% used [0x00000000e0000000,0x00000000e2b5bd28,0x00000000e6800000)
 Metaspace       used 85065K, capacity 92108K, committed 92440K, reserved 1130496K
  class space    used 9970K, capacity 12294K, committed 12336K, reserved 1048576K
Event: 1582.779 GC heap after
Heap after GC invocations=62 (full 27):
 PSYoungGen      total 103424K, used 0K [0x00000000f5580000, 0x00000000fcf80000, 0x0000000100000000)
  eden space 102400K, 0% used [0x00000000f5580000,0x00000000f5580000,0x00000000fb980000)
  from space 1024K, 0% used [0x00000000fb980000,0x00000000fb980000,0x00000000fba80000)
  to   space 11264K, 0% used [0x00000000fc480000,0x00000000fc480000,0x00000000fcf80000)
 ParOldGen       total 106496K, used 44395K [0x00000000e0000000, 0x00000000e6800000, 0x00000000f5580000)
  object space 106496K, 41% used [0x00000000e0000000,0x00000000e2b5ae08,0x00000000e6800000)
 Metaspace       used 85065K, capacity 92108K, committed 92440K, reserved 1130496K
  class space    used 9970K, capacity 12294K, committed 12336K, reserved 1048576K
}

Deoptimization events (10 events):
Event: 1614.963 Thread 0x00000000153fa000 Uncommon trap: reason=class_check action=maybe_recompile pc=0x0000000004f786c4 method=org.eclipse.e4.core.internal.contexts.ContextObjectSupplier$ContextInjectionListener.update(Lorg/eclipse/e4/core/contexts/IEclipseContext;I[Ljava/lang/Object;)Z @ 173
Event: 1615.016 Thread 0x000000001fc14800 Uncommon trap: reason=unstable_if action=reinterpret pc=0x000000000284ef64 method=sun.nio.cs.SingleByte$Encoder.encode(C)I @ 13
Event: 1615.065 Thread 0x00000000153fa000 Uncommon trap: reason=unstable_if action=reinterpret pc=0x0000000004d63a60 method=org.eclipse.core.internal.localstore.FileSystemResourceManager.getStoreRoot(Lorg/eclipse/core/resources/IResource;)Lorg/eclipse/core/internal/localstore/FileStoreRoot; @ 17
Event: 1615.071 Thread 0x00000000153fa000 Uncommon trap: reason=unstable_if action=reinterpret pc=0x00000000049aaaa4 method=org.eclipse.swt.graphics.Resource.dispose()V @ 15
Event: 1615.649 Thread 0x00000000153fa000 Uncommon trap: reason=unstable_if action=reinterpret pc=0x00000000030832b8 method=org.eclipse.osgi.internal.hooks.EclipseLazyStarter.shouldActivateFor(Ljava/lang/String;Lorg/eclipse/osgi/container/Module;Lorg/eclipse/osgi/container/ModuleRevision;Lorg/ecli¬Ä¾›>™@
Event: 1615.652 Thread 0x000000001eaa7800 Uncommon trap: reason=unstable_if action=reinterpret pc=0x000000000473a8c4 method=org.eclipse.core.internal.jobs.JobManager.startJob(Lorg/eclipse/core/internal/jobs/Worker;)Lorg/eclipse/core/runtime/jobs/Job; @ 20
Event: 1615.743 Thread 0x00000000153ef800 Uncommon trap: reason=unstable_if action=reinterpret pc=0x00000000032570d8 method=org.eclipse.osgi.internal.framework.BundleContextImpl.dispatchEvent(Ljava/lang/Object;Ljava/lang/Object;ILjava/lang/Object;)V @ 16
Event: 1615.753 Thread 0x000000001eaa7800 Uncommon trap: reason=unstable_if action=reinterpret pc=0x00000000047376c4 method=org.eclipse.core.internal.jobs.JobManager.nextJob()Lorg/eclipse/core/runtime/jobs/Job; @ 80
Event: 1615.753 Thread 0x000000001eaa6800 Uncommon trap: reason=unstable_if action=reinterpret pc=0x00000000047376c4 method=org.eclipse.core.internal.jobs.JobManager.nextJob()Lorg/eclipse/core/runtime/jobs/Job; @ 80
Event: 1615.753 Thread 0x000000001eaa6000 Uncommon trap: reason=unstable_if action=reinterpret pc=0x00000000047376c4 method=org.eclipse.core.internal.jobs.JobManager.nextJob()Lorg/eclipse/core/runtime/jobs/Job; @ 80

Internal exceptions (10 events):
Event: 1523.246 Thread 0x000000001eaa9000 Implicit null exception at 0x0000000003fcfe9f to 0x0000000003fd04c5
Event: 1523.254 Thread 0x000000000258a000 Implicit null exception at 0x0000000004ea6015 to 0x0000000004ea70c9
Event: 1614.267 Thread 0x000000000258a000 Implicit null exception at 0x0000000002ecf953 to 0x0000000002ecf9ee
Event: 1614.365 Thread 0x000000000258a000 Implicit null exception at 0x00000000049e87d5 to 0x00000000049e8a9d
Event: 1614.947 Thread 0x000000000258a000 Implicit null exception at 0x0000000002c6424a to 0x0000000002c66a91
Event: 1615.016 Thread 0x000000001fc11800 Exception <a 'java/lang/InterruptedException'> (0x00000000f7473f70) thrown at [C:\re\workspace\8-2-build-windows-amd64-cygwin\jdk8u66\5298\hotspot\src\share\vm\runtime\objectMonitor.cpp, line 1683]
Event: 1615.752 Thread 0x00000000153f5800 Exception <a 'java/lang/InterruptedException'> (0x00000000f6f74c18) thrown at [C:\re\workspace\8-2-build-windows-amd64-cygwin\jdk8u66\5298\hotspot\src\share\vm\runtime\objectMonitor.cpp, line 1683]
Event: 1615.769 Thread 0x00000000153ef800 Exception <a 'java/lang/InterruptedException'> (0x00000000f7832c88) thrown at [C:\re\workspace\8-2-build-windows-amd64-cygwin\jdk8u66\5298\hotspot\src\share\vm\runtime\objectMonitor.cpp, line 1683]
Event: 1615.772 Thread 0x00000000153f3000 Exception <a 'java/lang/InterruptedException'> (0x00000000f6cc59e8) thrown at [C:\re\workspace\8-2-build-windows-amd64-cygwin\jdk8u66\5298\hotspot\src\share\vm\runtime\objectMonitor.cpp, line 1683]
Event: 1615.772 Thread 0x00000000153f0000 Exception <a 'java/lang/InterruptedException'> (0x00000000f79fc040) thrown at [C:\re\workspace\8-2-build-windows-amd64-cygwin\jdk8u66\5298\hotspot\src\share\vm\runtime\objectMonitor.cpp, line 1683]

Events (10 events):
Event: 1615.774 loading class java/util/IdentityHashMap$KeyIterator done
Event: 1615.774 Thread 0x00000000153fa000 Thread added: 0x00000000153fa000
Event: 1615.774 Executing VM operation: RevokeBias
Event: 1615.775 Executing VM operation: RevokeBias done
Event: 1615.775 Executing VM operation: RevokeBias
Event: 1615.775 Executing VM operation: RevokeBias done
Event: 1615.775 Executing VM operation: RevokeBias
Event: 1615.776 Executing VM operation: RevokeBias done
Event: 1615.776 Thread 0x00000000153fa000 Thread exited: 0x00000000153fa000
Event: 1615.776 Executing VM operation: Exit


Dynamic libraries:
0x0000000000400000 - 0x000000000044f000 	C:\Xilinx\SDK\2016.2\eclipse\win64.o\eclipse.exe
0x0000000077aa0000 - 0x0000000077c4a000 	C:\WINDOWS\SYSTEM32\ntdll.dll
0x0000000077980000 - 0x0000000077a9f000 	C:\WINDOWS\system32\kernel32.dll
0x000007fefd970000 - 0x000007fefd9da000 	C:\WINDOWS\system32\KERNELBASE.dll
0x0000000077880000 - 0x000000007797a000 	C:\WINDOWS\system32\USER32.dll
0x000007feff9e0000 - 0x000007feffa47000 	C:\WINDOWS\system32\GDI32.dll
0x000007fefedb0000 - 0x000007fefedbe000 	C:\WINDOWS\system32\LPK.dll
0x000007feff210000 - 0x000007feff2da000 	C:\WINDOWS\system32\USP10.dll
0x000007feff830000 - 0x000007feff8cf000 	C:\WINDOWS\system32\msvcrt.dll
0x000007fefbc20000 - 0x000007fefbe14000 	C:\WINDOWS\WinSxS\amd64_microsoft.windows.common-controls_6595b64144ccf1df_6.0.7601.18837_none_fa3b1e3d17594757\COMCTL32.dll
0x000007fefea60000 - 0x000007fefead1000 	C:\WINDOWS\system32\SHLWAPI.dll
0x000007feff6d0000 - 0x000007feff6fe000 	C:\WINDOWS\system32\IMM32.DLL
0x000007feff8d0000 - 0x000007feff9d9000 	C:\WINDOWS\system32\MSCTF.dll
0x0000000073630000 - 0x0000000073669000 	C:\PROGRA~2\Sophos\SOPHOS~1\SOPHOS~2.DLL
0x0000000077c60000 - 0x0000000077c67000 	C:\WINDOWS\system32\PSAPI.DLL
0x0000000072000000 - 0x0000000072012000 	C:\Xilinx\SDK\2016.2\eclipse\win64.o\plugins\org.eclipse.equinox.launcher.win32.win32.x86_64_1.1.300.v20150602-1417\eclipse_1611.dll
0x000007fefdbf0000 - 0x000007fefdccb000 	C:\WINDOWS\system32\ADVAPI32.dll
0x000007feff2e0000 - 0x000007feff2ff000 	C:\WINDOWS\SYSTEM32\sechost.dll
0x000007feff700000 - 0x000007feff82d000 	C:\WINDOWS\system32\RPCRT4.dll
0x000007fefc9c0000 - 0x000007fefc9cc000 	C:\WINDOWS\system32\VERSION.dll
0x000007fefb820000 - 0x000007fefb876000 	C:\WINDOWS\system32\uxtheme.dll
0x0000000050f00000 - 0x0000000051789000 	C:\Xilinx\SDK\2016.2\tps\win64\jre\bin\server\jvm.dll
0x000007feeeed0000 - 0x000007feeeed9000 	C:\WINDOWS\system32\WSOCK32.dll
0x000007feffb60000 - 0x000007feffbad000 	C:\WINDOWS\system32\WS2_32.dll
0x000007feffa50000 - 0x000007feffa58000 	C:\WINDOWS\system32\NSI.dll
0x000007fefb4c0000 - 0x000007fefb4fb000 	C:\WINDOWS\system32\WINMM.dll
0x000000006e3b0000 - 0x000000006e482000 	C:\WINDOWS\system32\MSVCR100.dll
0x00000000742e0000 - 0x00000000742ef000 	C:\Xilinx\SDK\2016.2\tps\win64\jre\bin\verify.dll
0x0000000072e70000 - 0x0000000072e99000 	C:\Xilinx\SDK\2016.2\tps\win64\jre\bin\java.dll
0x0000000072eb0000 - 0x0000000072ec6000 	C:\Xilinx\SDK\2016.2\tps\win64\jre\bin\zip.dll
0x000007fefdcd0000 - 0x000007fefea5c000 	C:\WINDOWS\system32\SHELL32.dll
0x000007feffbb0000 - 0x000007feffdac000 	C:\WINDOWS\system32\ole32.dll
0x000007fefd7a0000 - 0x000007fefd7af000 	C:\WINDOWS\system32\profapi.dll
0x000007fefcf80000 - 0x000007fefcf98000 	C:\WINDOWS\system32\CRYPTSP.dll
0x000007fefcc80000 - 0x000007fefccc7000 	C:\WINDOWS\system32\rsaenh.dll
0x000007fefdac0000 - 0x000007fefdade000 	C:\WINDOWS\system32\USERENV.dll
0x0000000069160000 - 0x000000006917a000 	C:\Xilinx\SDK\2016.2\tps\win64\jre\bin\net.dll
0x000007fefc8c0000 - 0x000007fefc8f0000 	C:\ProgramData\Sophos\Web Intelligence\swi_ifslsp_64.dll
0x000007fefcf20000 - 0x000007fefcf75000 	C:\WINDOWS\system32\mswsock.dll
0x000007fefcf10000 - 0x000007fefcf17000 	C:\WINDOWS\System32\wship6.dll
0x000007fefc610000 - 0x000007fefc637000 	C:\WINDOWS\system32\IPHLPAPI.DLL
0x000007fefc8b0000 - 0x000007fefc8bb000 	C:\WINDOWS\system32\WINNSI.DLL
0x000007fef9950000 - 0x000007fef9961000 	C:\WINDOWS\system32\dhcpcsvc6.DLL
0x000007fef9810000 - 0x000007fef9828000 	C:\WINDOWS\system32\dhcpcsvc.DLL
0x0000000069f90000 - 0x0000000069fa1000 	C:\Xilinx\SDK\2016.2\tps\win64\jre\bin\nio.dll
0x000007fefd5f0000 - 0x000007fefd5ff000 	C:\WINDOWS\system32\CRYPTBASE.dll
0x000007fefbe30000 - 0x000007fefbe45000 	C:\WINDOWS\system32\NLAapi.dll
0x000007fef94f0000 - 0x000007fef9505000 	C:\WINDOWS\system32\napinsp.dll
0x000007fef9510000 - 0x000007fef9529000 	C:\WINDOWS\system32\pnrpnsp.dll
0x000007fefcda0000 - 0x000007fefcdfb000 	C:\WINDOWS\system32\DNSAPI.dll
0x000007fef2e80000 - 0x000007fef2e8b000 	C:\WINDOWS\System32\winrnr.dll
0x0000000001da0000 - 0x0000000001dce000 	C:\Program Files\Agilent\IO Libraries Suite\LxiMdnsNsp.dll
0x000007fefc8a0000 - 0x000007fefc8a7000 	C:\WINDOWS\System32\wshtcpip.dll
0x000007fef94e0000 - 0x000007fef94e8000 	C:\WINDOWS\system32\rasadhlp.dll
0x000007fef99e0000 - 0x000007fef9a33000 	C:\WINDOWS\System32\fwpuclnt.dll
0x0000000017880000 - 0x0000000017928000 	C:\Users\madhikar\.Xilinx\SDK\2016.2\org.eclipse.osgi\312\0\.cp\swt-win32-4527.dll
0x000007feffa80000 - 0x000007feffb5a000 	C:\WINDOWS\system32\OLEAUT32.dll
0x000007fefdb50000 - 0x000007fefdbe7000 	C:\WINDOWS\system32\comdlg32.dll
0x000007fefa180000 - 0x000007fefa1f1000 	C:\WINDOWS\system32\WINSPOOL.DRV
0x000007fefee60000 - 0x000007feff181000 	C:\WINDOWS\system32\WININET.dll
0x000007fefda90000 - 0x000007fefda94000 	C:\WINDOWS\system32\api-ms-win-downlevel-user32-l1-1-0.dll
0x000007fefdab0000 - 0x000007fefdab4000 	C:\WINDOWS\system32\api-ms-win-downlevel-shlwapi-l1-1-0.dll
0x000007fefdaa0000 - 0x000007fefdaa4000 	C:\WINDOWS\system32\api-ms-win-downlevel-version-l1-1-0.dll
0x000007fefd9e0000 - 0x000007fefd9e3000 	C:\WINDOWS\system32\api-ms-win-downlevel-normaliz-l1-1-0.dll
0x0000000077c70000 - 0x0000000077c73000 	C:\WINDOWS\system32\normaliz.DLL
0x000007fefeae0000 - 0x000007fefedaa000 	C:\WINDOWS\system32\iertutil.dll
0x000007fefdb00000 - 0x000007fefdb05000 	C:\WINDOWS\system32\api-ms-win-downlevel-advapi32-l1-1-0.dll
0x000007fefd7b0000 - 0x000007fefd91d000 	C:\WINDOWS\system32\CRYPT32.dll
0x000007fefd790000 - 0x000007fefd79f000 	C:\WINDOWS\system32\MSASN1.dll
0x000007fefb3c0000 - 0x000007fefb3d8000 	C:\WINDOWS\system32\dwmapi.dll
0x000007fefc3b0000 - 0x000007fefc4dc000 	C:\WINDOWS\system32\propsys.dll
0x000007fefedc0000 - 0x000007fefee59000 	C:\WINDOWS\system32\CLBCatQ.DLL
0x0000000002670000 - 0x000000000268e000 	C:\Users\madhikar\.Xilinx\SDK\2016.2\org.eclipse.osgi\312\0\.cp\swt-gdip-win32-4527.dll
0x000007fefb600000 - 0x000007fefb816000 	C:\WINDOWS\WinSxS\amd64_microsoft.windows.gdiplus_6595b64144ccf1df_1.1.7601.23721_none_1457f4f68b936a93\gdiplus.dll
0x000007fef0160000 - 0x000007fef02c1000 	C:\WINDOWS\system32\WindowsCodecs.dll
0x0000000180000000 - 0x0000000180012000 	C:\Users\madhikar\.Xilinx\SDK\2016.2\org.eclipse.osgi\126\0\.cp\os\win32\x86_64\localfile_1_0_0.dll
0x000007fefabd0000 - 0x000007fefac24000 	C:\WINDOWS\system32\oleacc.dll
0x000007fefbef0000 - 0x000007fefbef7000 	C:\WINDOWS\system32\msimg32.dll
0x000007fefd640000 - 0x000007fefd654000 	C:\WINDOWS\system32\RpcRtRemote.dll
0x000007fefd590000 - 0x000007fefd5e7000 	C:\WINDOWS\system32\apphelp.dll
0x000007feefc00000 - 0x000007feefc11000 	C:\Users\madhikar\.Xilinx\SDK\2016.2\org.eclipse.osgi\129\0\.cp\jWinHttp-1.0.0.dll
0x000007fef5f90000 - 0x000007fef6001000 	C:\WINDOWS\system32\WINHTTP.dll
0x000007fef5f20000 - 0x000007fef5f85000 	C:\WINDOWS\system32\webio.dll
0x000007fefb410000 - 0x000007fefb41f000 	C:\Xilinx\SDK\2016.2\lib\win64.o\librdi_repo_manager.dll
0x000007feefc70000 - 0x000007feefc9a000 	C:\Xilinx\SDK\2016.2\lib\win64.o\libisl_sysinfo.dll
0x000007fef9ca0000 - 0x000007fef9d74000 	C:\WINDOWS\system32\MSVCR110.dll
0x000007fefa040000 - 0x000007fefa0e7000 	C:\WINDOWS\system32\MSVCP110.dll
0x000007febb200000 - 0x000007febbc40000 	C:\Xilinx\SDK\2016.2\lib\win64.o\librdi_common.dll
0x000007febd930000 - 0x000007febdc9e000 	C:\Xilinx\SDK\2016.2\lib\win64.o\libCOIN-all.dll
0x000007febd710000 - 0x000007febd92f000 	C:\Xilinx\SDK\2016.2\lib\win64.o\libXil_lmgr11.dll
0x000007fefbea0000 - 0x000007fefbeb6000 	C:\WINDOWS\system32\NETAPI32.dll
0x000007fefcbb0000 - 0x000007fefcbbc000 	C:\WINDOWS\system32\netutils.dll
0x000007fefd190000 - 0x000007fefd1b3000 	C:\WINDOWS\system32\srvcli.dll
0x000007fefbe60000 - 0x000007fefbe75000 	C:\WINDOWS\system32\wkscli.dll
0x000007fefd930000 - 0x000007fefd96b000 	C:\WINDOWS\system32\WINTRUST.dll
0x000007fefb120000 - 0x000007fefb130000 	C:\Xilinx\SDK\2016.2\lib\win64.o\libboost_date_time.dll
0x000007feefc40000 - 0x000007feefc64000 	C:\Xilinx\SDK\2016.2\lib\win64.o\libboost_filesystem.dll
0x000007fefafa0000 - 0x000007fefafa9000 	C:\Xilinx\SDK\2016.2\lib\win64.o\libboost_system.dll
0x000007feefad0000 - 0x000007feefb47000 	C:\Xilinx\SDK\2016.2\lib\win64.o\libboost_program_options.dll
0x000007febd600000 - 0x000007febd706000 	C:\Xilinx\SDK\2016.2\lib\win64.o\libboost_regex.dll
0x000007feefcc0000 - 0x000007feefcd3000 	C:\Xilinx\SDK\2016.2\lib\win64.o\libboost_signals.dll
0x000007feefc20000 - 0x000007feefc3d000 	C:\Xilinx\SDK\2016.2\lib\win64.o\libboost_thread.dll
0x000007fefa3a0000 - 0x000007fefa3ab000 	C:\Xilinx\SDK\2016.2\lib\win64.o\libboost_chrono.dll
0x000007fef9da0000 - 0x000007fef9dab000 	C:\Xilinx\SDK\2016.2\lib\win64.o\libboost_xilinx.dll
0x000007fee92c0000 - 0x000007fee9340000 	C:\Xilinx\SDK\2016.2\lib\win64.o\libhdlpsolve.dll
0x000007fee6c70000 - 0x000007fee6d0a000 	C:\Xilinx\SDK\2016.2\lib\win64.o\libhdxml.dll
0x000007febad90000 - 0x000007febb1f5e00 	C:\Xilinx\SDK\2016.2\lib\win64.o\libisl_iostreams.dll
0x000007feefab0000 - 0x000007feefac6000 	C:\Xilinx\SDK\2016.2\lib\win64.o\libboost_iostreams.dll
0x000007feecbd0000 - 0x000007feecbf3000 	C:\Xilinx\SDK\2016.2\lib\win64.o\librdizlib.dll
0x000007fee9100000 - 0x000007fee9123000 	C:\Xilinx\SDK\2016.2\lib\win64.o\libisl_iosutils.dll
0x000007feee290000 - 0x000007feee2a5000 	C:\Xilinx\SDK\2016.2\lib\win64.o\pthreadVC2.dll
0x000007fee8890000 - 0x000007fee88e4000 	C:\Xilinx\SDK\2016.2\lib\win64.o\librdi_commonxillic.dll
0x000007febfe50000 - 0x000007febff80000 	C:\Xilinx\SDK\2016.2\lib\win64.o\librdi_curl.dll
0x000007feee190000 - 0x000007feee1a8000 	C:\Xilinx\SDK\2016.2\lib\win64.o\librdiconfig.dll
0x000000005c820000 - 0x000000005c947000 	C:\Xilinx\SDK\2016.2\lib\win64.o\tcl85t.dll
0x0000000025640000 - 0x00000000258a3000 	C:\Xilinx\SDK\2016.2\lib\win64.o\xerces-c_3_1.dll
0x000007feff540000 - 0x000007feff6c5000 	C:\WINDOWS\system32\urlmon.dll
0x000007fefd920000 - 0x000007fefd924000 	C:\WINDOWS\system32\api-ms-win-downlevel-ole32-l1-1-0.dll
0x000007fef99a0000 - 0x000007fef99c3000 	C:\WINDOWS\system32\VCOMP110.DLL
0x000007feb9070000 - 0x000007feb9262000 	C:\Xilinx\SDK\2016.2\lib\win64.o\librdi_hsm.dll
0x000007fee6fa0000 - 0x000007fee6fe3000 	C:\Xilinx\SDK\2016.2\lib\win64.o\librdi_hdf.dll
0x000007feb8de0000 - 0x000007feb9061000 	C:\Xilinx\SDK\2016.2\lib\win64.o\librdi_ippcw.dll
0x000007fef2e50000 - 0x000007fef2e5a000 	C:\Xilinx\SDK\2016.2\lib\win64.o\librdi_jtag_settings.dll
0x000007feefbd0000 - 0x000007feefbf9000 	C:\Xilinx\SDK\2016.2\lib\win64.o\librdi_debug_dialog.dll
0x000007fefb5f0000 - 0x000007fefb5f8000 	C:\Xilinx\SDK\2016.2\lib\win64.o\librdi_target_manager.dll
0x000007feed360000 - 0x000007feed376000 	C:\Xilinx\SDK\2016.2\eclipse\win64.o\plugins\org.eclipse.cdt.core.win32.x86_64_5.4.0.201509131935\os\win32\x86_64\spawner.dll
0x000007fe9fb70000 - 0x000007fea0380000 	C:\Xilinx\SDK\2016.2\lib\win64.o\libXil_lmgr11FNP.dll
0x000007fef1610000 - 0x000007fef161b000 	C:\WINDOWS\system32\snmpapi.dll

VM Arguments:
jvm_args: -Dcom.xilinx.sdk.args.hwspec=H:/project_dft/project_dft.sdk/mcs_top.hdf -Xms64m -Xmx512m & 
java_command: <unknown>
java_class_path (initial): C:\Xilinx\SDK\2016.2\eclipse\win64.o\\plugins/org.eclipse.equinox.launcher_1.3.100.v20150511-1540.jar
Launcher Type: generic

Environment Variables:
USERNAME=madhikar
OS=Windows_NT
PROCESSOR_IDENTIFIER=Intel64 Family 6 Model 60 Stepping 3, GenuineIntel



---------------  S Y S T E M  ---------------

OS: Windows 7 , 64 bit Build 7601 (6.1.7601.23714)

CPU:total 8 (4 cores per cpu, 2 threads per core) family 6 model 60 stepping 3, cmov, cx8, fxsr, mmx, sse, sse2, sse3, ssse3, sse4.1, sse4.2, popcnt, avx, avx2, aes, clmul, erms, lzcnt, ht, tsc, tscinvbit, bmi1, bmi2

Memory: 4k page, physical 16717872k(6761480k free), swap 33433884k(22027832k free)

vm_info: Java HotSpot(TM) 64-Bit Server VM (25.66-b18) for windows-amd64 JRE (1.8.0_66-b18), built on Nov  9 2015 10:51:13 by "java_re" with MS VC++ 10.0 (VS2010)

time: Wed May 03 23:24:12 2017
elapsed time: 1616 seconds (0d 0h 26m 56s)

