#
# A fatal error has been detected by the Java Runtime Environment:
#
#  Internal Error (0xc000000d), pid=7816, tid=6076
#
# JRE version: Java(TM) SE Runtime Environment (8.0_66-b18) (build 1.8.0_66-b18)
# Java VM: Java HotSpot(TM) 64-Bit Server VM (25.66-b18 mixed mode windows-amd64 compressed oops)
# Problematic frame:
# C  [ntdll.dll+0x96ccf]
#
# Failed to write core dump. Minidumps are not enabled by default on client versions of Windows
#
# If you would like to submit a bug report, please visit:
#   http://bugreport.java.com/bugreport/crash.jsp
#

---------------  T H R E A D  ---------------

Current thread (0x0000000013f01000):  VMThread [stack: 0x0000000015fd0000,0x00000000160d0000] [id=6076]

siginfo: ExceptionCode=0xc000000d

Registers:
RAX=0x000000003485ae8a, RBX=0x0000000000000000, RCX=0x00000000160cef10, RDX=0x0000000000000000
RSP=0x00000000160cf520, RBP=0x00000000261fbb60, RSI=0x000007fef9ca7408, RDI=0x00000000160cf668
R8 =0x0000000000000000, R9 =0x0000000000000000, R10=0x0000000000000000, R11=0x0000000000000246
R12=0x000000000037cf20, R13=0x000000000037cef0, R14=0x00000000261fbc68, R15=0x0000000000000000
RIP=0x0000000077b36ccf, EFLAGS=0x0000000000000202

Top of Stack: (sp=0x00000000160cf520)
0x00000000160cf520:   0000000000000000 000007fef9ca7408
0x00000000160cf530:   00000000160cf668 0000000000000000
0x00000000160cf540:   0000000000000050 00000000002b0000
0x00000000160cf550:   0000000000000000 0000000000000000
0x00000000160cf560:   0000000000000002 0000000077aedd48
0x00000000160cf570:   00000000c000000d 0000000000000000
0x00000000160cf580:   0000000077b36ccf 0000000000000000
0x00000000160cf590:   0000000000000000 0000000000000000
0x00000000160cf5a0:   0000000000000000 0000000000000000
0x00000000160cf5b0:   0000000000000000 0000000000000000
0x00000000160cf5c0:   0000000000000000 0000000000000000
0x00000000160cf5d0:   0000000000000000 0000000000000000
0x00000000160cf5e0:   0000000000000000 0000000000000000
0x00000000160cf5f0:   0000000000000000 0000000000000000
0x00000000160cf600:   0000000000000000 000000000037cf20
0x00000000160cf610:   0000000000000ddc 00000000779c34a8 

Instructions: (pc=0x0000000077b36ccf)
0x0000000077b36caf:   5d 6c fb ff b9 57 00 00 00 c7 44 24 50 0d 00 00
0x0000000077b36cbf:   c0 e8 4b 6f fb ff 48 8d 4c 24 50 e8 41 1c f8 ff
0x0000000077b36ccf:   4c 8b 1d 02 67 09 00 4d 85 db 74 5b 65 48 8b 04
0x0000000077b36cdf:   25 30 00 00 00 f6 80 ee 17 00 00 08 74 12 65 48 


Register to memory mapping:

RAX=0x000000003485ae8a is an unknown value
RBX=0x0000000000000000 is an unknown value
RCX=0x00000000160cef10 is an unknown value
RDX=0x0000000000000000 is an unknown value
RSP=0x00000000160cf520 is an unknown value
RBP=0x00000000261fbb60 is an unknown value
RSI=0x000007fef9ca7408 is an unknown value
RDI=0x00000000160cf668 is an unknown value
R8 =0x0000000000000000 is an unknown value
R9 =0x0000000000000000 is an unknown value
R10=0x0000000000000000 is an unknown value
R11=0x0000000000000246 is an unknown value
R12=0x000000000037cf20 is an unknown value
R13=0x000000000037cef0 is an unknown value
R14=0x00000000261fbc68 is an unknown value
R15=0x0000000000000000 is an unknown value


Stack: [0x0000000015fd0000,0x00000000160d0000],  sp=0x00000000160cf520,  free space=1021k
Native frames: (J=compiled Java code, j=interpreted, Vv=VM code, C=native code)
C  [ntdll.dll+0x96ccf]
C  [kernel32.dll+0x434a8]
C  [MSVCR110.dll+0x752d]
C  [MSVCR110.dll+0x73c6]
C  [MSVCR110.dll+0x14cca]
C  [MSVCR110.dll+0x13edc]
C  [MSVCR110.dll+0x239e]
C  [MSVCR110.dll+0xaf9e]
C  [MSVCP110.dll+0x397b9]
C  [librdi_common.dll+0x182316]
C  [librdi_common.dll+0x180fab]
C  [librdi_target_manager.dll+0x2400]
C  [librdi_target_manager.dll+0x2682]
C  [ntdll.dll+0x22ac1]
C  [ntdll.dll+0x228d0]
C  [MSVCR100.dll+0x20ccd]
V  [jvm.dll+0x210cc5]
V  [jvm.dll+0x249897]
V  [jvm.dll+0x248b36]
V  [jvm.dll+0x248fd1]
V  [jvm.dll+0x2491ee]
V  [jvm.dll+0x29a0fa]
C  [MSVCR100.dll+0x21d9f]
C  [MSVCR100.dll+0x21e3b]
C  [kernel32.dll+0x159cd]
C  [ntdll.dll+0x2a561]

VM_Operation (0x000000000012f4c0): Exit, mode: safepoint, requested by thread 0x000000000260a000


---------------  P R O C E S S  ---------------

Java Threads: ( => current thread )
  0x0000000016be9000 JavaThread "Spawner Reaper" daemon [_thread_in_native, id=9140, stack(0x00000000294c0000,0x00000000295c0000)]
  0x00000000204b7000 JavaThread "Thread-37" daemon [_thread_blocked, id=13496, stack(0x0000000028280000,0x0000000028380000)]
  0x00000000204b1000 JavaThread "TCF Channel Transmitter" daemon [_thread_blocked, id=11560, stack(0x0000000025660000,0x0000000025760000)]
  0x00000000204b0000 JavaThread "TCF Channel Receiver" daemon [_thread_in_native, id=6992, stack(0x0000000026960000,0x0000000026a60000)]
  0x000000001acd8800 JavaThread "Process monitor" daemon [_thread_in_native, id=7032, stack(0x0000000025e70000,0x0000000025f70000)]
  0x000000001acd7800 JavaThread "Input Stream Monitor" daemon [_thread_blocked, id=12096, stack(0x0000000025940000,0x0000000025a40000)]
  0x000000001acd7000 JavaThread "Output Stream Monitor" daemon [_thread_in_native, id=8716, stack(0x0000000025840000,0x0000000025940000)]
  0x000000001acd6000 JavaThread "Output Stream Monitor" daemon [_thread_in_native, id=13272, stack(0x0000000025350000,0x0000000025450000)]
  0x00000000153ae800 JavaThread "TCF Locator DNS Lookup" daemon [_thread_blocked, id=4704, stack(0x0000000023ff0000,0x00000000240f0000)]
  0x00000000153ad800 JavaThread "TCF Locator Timer" daemon [_thread_blocked, id=13968, stack(0x0000000023ef0000,0x0000000023ff0000)]
  0x00000000153ad000 JavaThread "TCF Locator Receiver" daemon [_thread_in_native, id=3084, stack(0x0000000023df0000,0x0000000023ef0000)]
  0x00000000153a2000 JavaThread "TCF Timer Dispatcher" daemon [_thread_blocked, id=1692, stack(0x000000001f3b0000,0x000000001f4b0000)]
  0x00000000153aa000 JavaThread "EMF Reference Cleaner" daemon [_thread_blocked, id=13708, stack(0x0000000019d70000,0x0000000019e70000)]
  0x00000000153c8000 JavaThread "SeedGenerator Thread" daemon [_thread_blocked, id=1364, stack(0x0000000017450000,0x0000000017550000)]
  0x0000000015171000 JavaThread "Service Thread" daemon [_thread_blocked, id=6952, stack(0x0000000016990000,0x0000000016a90000)]
  0x00000000150f3000 JavaThread "C1 CompilerThread3" daemon [_thread_blocked, id=4756, stack(0x0000000016890000,0x0000000016990000)]
  0x00000000150e9800 JavaThread "C2 CompilerThread2" daemon [_thread_blocked, id=8564, stack(0x0000000016790000,0x0000000016890000)]
  0x00000000150e2800 JavaThread "C2 CompilerThread1" daemon [_thread_blocked, id=13756, stack(0x0000000016690000,0x0000000016790000)]
  0x00000000150e0000 JavaThread "C2 CompilerThread0" daemon [_thread_blocked, id=12124, stack(0x0000000016590000,0x0000000016690000)]
  0x00000000150dd000 JavaThread "Attach Listener" daemon [_thread_blocked, id=4540, stack(0x0000000016490000,0x0000000016590000)]
  0x00000000150dc000 JavaThread "Signal Dispatcher" daemon [_thread_blocked, id=9344, stack(0x0000000016390000,0x0000000016490000)]
  0x0000000013f0d000 JavaThread "Finalizer" daemon [_thread_blocked, id=11752, stack(0x00000000161d0000,0x00000000162d0000)]
  0x0000000013f06000 JavaThread "Reference Handler" daemon [_thread_blocked, id=8568, stack(0x00000000160d0000,0x00000000161d0000)]
  0x000000000260a000 JavaThread "main" [_thread_blocked, id=8696, stack(0x0000000000030000,0x0000000000130000)]

Other Threads:
=>0x0000000013f01000 VMThread [stack: 0x0000000015fd0000,0x00000000160d0000] [id=6076]

VM state:at safepoint (shutting down)

VM Mutex/Monitor currently owned by a thread:  ([mutex/lock_event])
[0x0000000002608980] Threads_lock - owner thread: 0x0000000013f01000

Heap:
 PSYoungGen      total 149504K, used 37771K [0x00000000f5580000, 0x00000000ffd80000, 0x0000000100000000)
  eden space 128000K, 29% used [0x00000000f5580000,0x00000000f7a62fa0,0x00000000fd280000)
  from space 21504K, 0% used [0x00000000fd280000,0x00000000fd280000,0x00000000fe780000)
  to   space 22016K, 0% used [0x00000000fe800000,0x00000000fe800000,0x00000000ffd80000)
 ParOldGen       total 87552K, used 64957K [0x00000000e0000000, 0x00000000e5580000, 0x00000000f5580000)
  object space 87552K, 74% used [0x00000000e0000000,0x00000000e3f6f580,0x00000000e5580000)
 Metaspace       used 88020K, capacity 95066K, committed 95384K, reserved 1132544K
  class space    used 10493K, capacity 12898K, committed 12976K, reserved 1048576K

Card table byte_map: [0x0000000011a60000,0x0000000011b70000] byte_map_base: 0x0000000011360000

Marking Bits: (ParMarkBitMap*) 0x000000005170a5b0
 Begin Bits: [0x0000000012420000, 0x0000000012c20000)
 End Bits:   [0x0000000012c20000, 0x0000000013420000)

Polling page: 0x0000000000250000

CodeCache: size=245760Kb used=41566Kb max_used=42140Kb free=204193Kb
 bounds [0x00000000026a0000, 0x0000000005030000, 0x00000000116a0000]
 total_blobs=12063 nmethods=11160 adapters=810
 compilation: enabled

Compilation events (10 events):
Event: 374.926 Thread 0x00000000150f3000 nmethod 13809 0x0000000003324cd0 code [0x0000000003324e80, 0x0000000003325828]
Event: 374.926 Thread 0x00000000150f3000 13810       3       org.eclipse.osgi.internal.container.AtomicLazyInitializer::getAndClear (9 bytes)
Event: 374.926 Thread 0x00000000150e2800 13817       4       java.util.concurrent.locks.AbstractQueuedSynchronizer::release (33 bytes)
Event: 374.926 Thread 0x00000000150f3000 nmethod 13810 0x000000000307d090 code [0x000000000307d200, 0x000000000307d450]
Event: 374.926 Thread 0x00000000150f3000 13811       3       java.util.concurrent.atomic.AtomicReference::getAndSet (12 bytes)
Event: 374.926 Thread 0x00000000150f3000 nmethod 13811 0x0000000003e4f450 code [0x0000000003e4f5a0, 0x0000000003e4f710]
Event: 374.926 Thread 0x00000000150f3000 13812       3       sun.misc.Unsafe::getAndSetObject (24 bytes)
Event: 374.926 Thread 0x00000000150f3000 nmethod 13812 0x000000000325e790 code [0x000000000325e900, 0x000000000325eb10]
Event: 374.926 Thread 0x00000000150f3000 13813       3       org.eclipse.osgi.internal.framework.EquinoxContainerAdaptor::invalidateWiring (186 bytes)
Event: 374.927 Thread 0x00000000150e2800 nmethod 13817 0x00000000045e8290 code [0x00000000045e83e0, 0x00000000045e84a8]

GC Heap History (10 events):
Event: 292.809 GC heap before
{Heap before GC invocations=20 (full 5):
 PSYoungGen      total 148480K, used 136462K [0x00000000f5580000, 0x00000000ffe00000, 0x0000000100000000)
  eden space 125440K, 100% used [0x00000000f5580000,0x00000000fd000000,0x00000000fd000000)
  from space 23040K, 47% used [0x00000000fe780000,0x00000000ff243a70,0x00000000ffe00000)
  to   space 23552K, 0% used [0x00000000fd000000,0x00000000fd000000,0x00000000fe700000)
 ParOldGen       total 87552K, used 54843K [0x00000000e0000000, 0x00000000e5580000, 0x00000000f5580000)
  object space 87552K, 62% used [0x00000000e0000000,0x00000000e358ec88,0x00000000e5580000)
 Metaspace       used 85546K, capacity 92376K, committed 92568K, reserved 1128448K
  class space    used 10331K, capacity 12604K, committed 12720K, reserved 1048576K
Event: 292.820 GC heap after
Heap after GC invocations=20 (full 5):
 PSYoungGen      total 148992K, used 11575K [0x00000000f5580000, 0x00000000ffe80000, 0x0000000100000000)
  eden space 125440K, 0% used [0x00000000f5580000,0x00000000f5580000,0x00000000fd000000)
  from space 23552K, 49% used [0x00000000fd000000,0x00000000fdb4dd60,0x00000000fe700000)
  to   space 22528K, 0% used [0x00000000fe880000,0x00000000fe880000,0x00000000ffe80000)
 ParOldGen       total 87552K, used 54851K [0x00000000e0000000, 0x00000000e5580000, 0x00000000f5580000)
  object space 87552K, 62% used [0x00000000e0000000,0x00000000e3590c88,0x00000000e5580000)
 Metaspace       used 85546K, capacity 92376K, committed 92568K, reserved 1128448K
  class space    used 10331K, capacity 12604K, committed 12720K, reserved 1048576K
}
Event: 297.963 GC heap before
{Heap before GC invocations=21 (full 5):
 PSYoungGen      total 148992K, used 71468K [0x00000000f5580000, 0x00000000ffe80000, 0x0000000100000000)
  eden space 125440K, 47% used [0x00000000f5580000,0x00000000f8ffd2c0,0x00000000fd000000)
  from space 23552K, 49% used [0x00000000fd000000,0x00000000fdb4dd60,0x00000000fe700000)
  to   space 22528K, 0% used [0x00000000fe880000,0x00000000fe880000,0x00000000ffe80000)
 ParOldGen       total 87552K, used 54851K [0x00000000e0000000, 0x00000000e5580000, 0x00000000f5580000)
  object space 87552K, 62% used [0x00000000e0000000,0x00000000e3590c88,0x00000000e5580000)
 Metaspace       used 85922K, capacity 92888K, committed 93080K, reserved 1130496K
  class space    used 10341K, capacity 12604K, committed 12720K, reserved 1048576K
Event: 297.970 GC heap after
Heap after GC invocations=21 (full 5):
 PSYoungGen      total 148480K, used 10131K [0x00000000f5580000, 0x00000000ffc80000, 0x0000000100000000)
  eden space 128000K, 0% used [0x00000000f5580000,0x00000000f5580000,0x00000000fd280000)
  from space 20480K, 49% used [0x00000000fe880000,0x00000000ff264ea0,0x00000000ffc80000)
  to   space 21504K, 0% used [0x00000000fd280000,0x00000000fd280000,0x00000000fe780000)
 ParOldGen       total 87552K, used 54859K [0x00000000e0000000, 0x00000000e5580000, 0x00000000f5580000)
  object space 87552K, 62% used [0x00000000e0000000,0x00000000e3592c88,0x00000000e5580000)
 Metaspace       used 85922K, capacity 92888K, committed 93080K, reserved 1130496K
  class space    used 10341K, capacity 12604K, committed 12720K, reserved 1048576K
}
Event: 297.970 GC heap before
{Heap before GC invocations=22 (full 6):
 PSYoungGen      total 148480K, used 10131K [0x00000000f5580000, 0x00000000ffc80000, 0x0000000100000000)
  eden space 128000K, 0% used [0x00000000f5580000,0x00000000f5580000,0x00000000fd280000)
  from space 20480K, 49% used [0x00000000fe880000,0x00000000ff264ea0,0x00000000ffc80000)
  to   space 21504K, 0% used [0x00000000fd280000,0x00000000fd280000,0x00000000fe780000)
 ParOldGen       total 87552K, used 54859K [0x00000000e0000000, 0x00000000e5580000, 0x00000000f5580000)
  object space 87552K, 62% used [0x00000000e0000000,0x00000000e3592c88,0x00000000e5580000)
 Metaspace       used 85922K, capacity 92888K, committed 93080K, reserved 1130496K
  class space    used 10341K, capacity 12604K, committed 12720K, reserved 1048576K
Event: 298.359 GC heap after
Heap after GC invocations=22 (full 6):
 PSYoungGen      total 148480K, used 0K [0x00000000f5580000, 0x00000000ffc80000, 0x0000000100000000)
  eden space 128000K, 0% used [0x00000000f5580000,0x00000000f5580000,0x00000000fd280000)
  from space 20480K, 0% used [0x00000000fe880000,0x00000000fe880000,0x00000000ffc80000)
  to   space 21504K, 0% used [0x00000000fd280000,0x00000000fd280000,0x00000000fe780000)
 ParOldGen       total 87552K, used 63929K [0x00000000e0000000, 0x00000000e5580000, 0x00000000f5580000)
  object space 87552K, 73% used [0x00000000e0000000,0x00000000e3e6e450,0x00000000e5580000)
 Metaspace       used 85922K, capacity 92888K, committed 93080K, reserved 1130496K
  class space    used 10341K, capacity 12604K, committed 12720K, reserved 1048576K
}
Event: 357.970 GC heap before
{Heap before GC invocations=23 (full 6):
 PSYoungGen      total 148480K, used 92111K [0x00000000f5580000, 0x00000000ffc80000, 0x0000000100000000)
  eden space 128000K, 71% used [0x00000000f5580000,0x00000000faf73dd0,0x00000000fd280000)
  from space 20480K, 0% used [0x00000000fe880000,0x00000000fe880000,0x00000000ffc80000)
  to   space 21504K, 0% used [0x00000000fd280000,0x00000000fd280000,0x00000000fe780000)
 ParOldGen       total 87552K, used 63929K [0x00000000e0000000, 0x00000000e5580000, 0x00000000f5580000)
  object space 87552K, 73% used [0x00000000e0000000,0x00000000e3e6e450,0x00000000e5580000)
 Metaspace       used 87046K, capacity 94110K, committed 94360K, reserved 1130496K
  class space    used 10391K, capacity 12669K, committed 12720K, reserved 1048576K
Event: 357.974 GC heap after
Heap after GC invocations=23 (full 6):
 PSYoungGen      total 149504K, used 2473K [0x00000000f5580000, 0x00000000ffd80000, 0x0000000100000000)
  eden space 128000K, 0% used [0x00000000f5580000,0x00000000f5580000,0x00000000fd280000)
  from space 21504K, 11% used [0x00000000fd280000,0x00000000fd4ea5b0,0x00000000fe780000)
  to   space 22016K, 0% used [0x00000000fe800000,0x00000000fe800000,0x00000000ffd80000)
 ParOldGen       total 87552K, used 63937K [0x00000000e0000000, 0x00000000e5580000, 0x00000000f5580000)
  object space 87552K, 73% used [0x00000000e0000000,0x00000000e3e70450,0x00000000e5580000)
 Metaspace       used 87046K, capacity 94110K, committed 94360K, reserved 1130496K
  class space    used 10391K, capacity 12669K, committed 12720K, reserved 1048576K
}
Event: 357.974 GC heap before
{Heap before GC invocations=24 (full 7):
 PSYoungGen      total 149504K, used 2473K [0x00000000f5580000, 0x00000000ffd80000, 0x0000000100000000)
  eden space 128000K, 0% used [0x00000000f5580000,0x00000000f5580000,0x00000000fd280000)
  from space 21504K, 11% used [0x00000000fd280000,0x00000000fd4ea5b0,0x00000000fe780000)
  to   space 22016K, 0% used [0x00000000fe800000,0x00000000fe800000,0x00000000ffd80000)
 ParOldGen       total 87552K, used 63937K [0x00000000e0000000, 0x00000000e5580000, 0x00000000f5580000)
  object space 87552K, 73% used [0x00000000e0000000,0x00000000e3e70450,0x00000000e5580000)
 Metaspace       used 87046K, capacity 94110K, committed 94360K, reserved 1130496K
  class space    used 10391K, capacity 12669K, committed 12720K, reserved 1048576K
Event: 358.260 GC heap after
Heap after GC invocations=24 (full 7):
 PSYoungGen      total 149504K, used 0K [0x00000000f5580000, 0x00000000ffd80000, 0x0000000100000000)
  eden space 128000K, 0% used [0x00000000f5580000,0x00000000f5580000,0x00000000fd280000)
  from space 21504K, 0% used [0x00000000fd280000,0x00000000fd280000,0x00000000fe780000)
  to   space 22016K, 0% used [0x00000000fe800000,0x00000000fe800000,0x00000000ffd80000)
 ParOldGen       total 87552K, used 64957K [0x00000000e0000000, 0x00000000e5580000, 0x00000000f5580000)
  object space 87552K, 74% used [0x00000000e0000000,0x00000000e3f6f580,0x00000000e5580000)
 Metaspace       used 87046K, capacity 94110K, committed 94360K, reserved 1130496K
  class space    used 10391K, capacity 12669K, committed 12720K, reserved 1048576K
}

Deoptimization events (10 events):
Event: 374.131 Thread 0x0000000016be6000 Uncommon trap: reason=class_check action=maybe_recompile pc=0x0000000004f9e2d0 method=org.eclipse.e4.core.internal.contexts.TrackableComputationExt.update(Lorg/eclipse/e4/core/internal/contexts/ContextChangeEvent;)Z @ 62
Event: 374.131 Thread 0x0000000016be6000 Uncommon trap: reason=class_check action=maybe_recompile pc=0x0000000004f9e2d0 method=org.eclipse.e4.core.internal.contexts.TrackableComputationExt.update(Lorg/eclipse/e4/core/internal/contexts/ContextChangeEvent;)Z @ 62
Event: 374.173 Thread 0x00000000204b6000 Uncommon trap: reason=unstable_if action=reinterpret pc=0x000000000281cde4 method=sun.nio.cs.SingleByte$Encoder.encode(C)I @ 13
Event: 374.174 Thread 0x00000000204b6000 Uncommon trap: reason=unstable_if action=reinterpret pc=0x00000000041500c4 method=java.nio.charset.CharsetEncoder.encode(Ljava/nio/CharBuffer;Ljava/nio/ByteBuffer;Z)Ljava/nio/charset/CoderResult; @ 105
Event: 374.184 Thread 0x0000000016be6000 Uncommon trap: reason=predicate action=maybe_recompile pc=0x0000000004f971f0 method=java.io.OutputStream.write([BII)V @ 62
Event: 374.225 Thread 0x0000000016be6000 Uncommon trap: reason=predicate action=maybe_recompile pc=0x0000000004353ac4 method=java.util.concurrent.CopyOnWriteArrayList.indexOf(Ljava/lang/Object;[Ljava/lang/Object;II)I @ 41
Event: 374.230 Thread 0x0000000016be6000 Uncommon trap: reason=unstable_if action=reinterpret pc=0x0000000002926be4 method=org.eclipse.swt.graphics.Resource.dispose()V @ 15
Event: 374.815 Thread 0x0000000016be6000 Uncommon trap: reason=unstable_if action=reinterpret pc=0x000000000350c82c method=org.eclipse.osgi.internal.hooks.EclipseLazyStarter.shouldActivateFor(Ljava/lang/String;Lorg/eclipse/osgi/container/Module;Lorg/eclipse/osgi/container/ModuleRevision;Lorg/ecliº]‚nw@
Event: 374.907 Thread 0x0000000016be4800 Uncommon trap: reason=unstable_if action=reinterpret pc=0x00000000047b4f5c method=org.eclipse.core.internal.jobs.JobManager.nextJob()Lorg/eclipse/core/runtime/jobs/Job; @ 80
Event: 374.907 Thread 0x000000001acd1800 Uncommon trap: reason=unstable_if action=reinterpret pc=0x000000000488dfb4 method=org.eclipse.core.internal.jobs.JobManager.nextJob()Lorg/eclipse/core/runtime/jobs/Job; @ 80

Internal exceptions (10 events):
Event: 372.010 Thread 0x000000000260a000 Exception <a 'java/io/IOException'> (0x00000000f5d00488) thrown at [C:\re\workspace\8-2-build-windows-amd64-cygwin\jdk8u66\5298\hotspot\src\share\vm\prims\jni.cpp, line 709]
Event: 372.010 Thread 0x000000000260a000 Exception <a 'java/io/IOException'> (0x00000000f5d00ae8) thrown at [C:\re\workspace\8-2-build-windows-amd64-cygwin\jdk8u66\5298\hotspot\src\share\vm\prims\jni.cpp, line 709]
Event: 372.010 Thread 0x000000000260a000 Exception <a 'java/io/IOException'> (0x00000000f5d01118) thrown at [C:\re\workspace\8-2-build-windows-amd64-cygwin\jdk8u66\5298\hotspot\src\share\vm\prims\jni.cpp, line 709]
Event: 373.171 Thread 0x000000000260a000 Implicit null exception at 0x0000000004576991 to 0x0000000004576c61
Event: 374.173 Thread 0x00000000204b4800 Exception <a 'java/lang/InterruptedException'> (0x00000000f743b800) thrown at [C:\re\workspace\8-2-build-windows-amd64-cygwin\jdk8u66\5298\hotspot\src\share\vm\runtime\objectMonitor.cpp, line 1683]
Event: 374.906 Thread 0x00000000153a6000 Exception <a 'java/lang/InterruptedException'> (0x00000000f59d5c70) thrown at [C:\re\workspace\8-2-build-windows-amd64-cygwin\jdk8u66\5298\hotspot\src\share\vm\runtime\objectMonitor.cpp, line 1683]
Event: 374.922 Thread 0x00000000153a4800 Exception <a 'java/lang/InterruptedException'> (0x00000000f77e3b20) thrown at [C:\re\workspace\8-2-build-windows-amd64-cygwin\jdk8u66\5298\hotspot\src\share\vm\runtime\objectMonitor.cpp, line 1683]
Event: 374.924 Thread 0x00000000153aa800 Exception <a 'java/lang/InterruptedException'> (0x00000000f7419eb0) thrown at [C:\re\workspace\8-2-build-windows-amd64-cygwin\jdk8u66\5298\hotspot\src\share\vm\runtime\objectMonitor.cpp, line 1683]
Event: 374.924 Thread 0x00000000153a5000 Exception <a 'java/lang/InterruptedException'> (0x00000000f79e43b8) thrown at [C:\re\workspace\8-2-build-windows-amd64-cygwin\jdk8u66\5298\hotspot\src\share\vm\runtime\objectMonitor.cpp, line 1683]
Event: 374.928 Thread 0x0000000016be6000 Exception <a 'java/io/IOException'> (0x00000000f7a44988) thrown at [C:\re\workspace\8-2-build-windows-amd64-cygwin\jdk8u66\5298\hotspot\src\share\vm\prims\jni.cpp, line 709]

Events (10 events):
Event: 374.927 Executing VM operation: RevokeBias
Event: 374.927 Executing VM operation: RevokeBias done
Event: 374.927 Executing VM operation: RevokeBias
Event: 374.927 Executing VM operation: RevokeBias done
Event: 374.927 Executing VM operation: RevokeBias
Event: 374.927 Executing VM operation: RevokeBias done
Event: 374.928 Executing VM operation: RevokeBias
Event: 374.928 Executing VM operation: RevokeBias done
Event: 374.928 Thread 0x0000000016be6000 Thread exited: 0x0000000016be6000
Event: 374.928 Executing VM operation: Exit


Dynamic libraries:
0x0000000000400000 - 0x000000000044f000 	C:\Xilinx\SDK\2016.2\eclipse\win64.o\eclipse.exe
0x0000000077aa0000 - 0x0000000077c4a000 	C:\WINDOWS\SYSTEM32\ntdll.dll
0x0000000077980000 - 0x0000000077a9f000 	C:\WINDOWS\system32\kernel32.dll
0x000007fefd970000 - 0x000007fefd9da000 	C:\WINDOWS\system32\KERNELBASE.dll
0x0000000077880000 - 0x000000007797a000 	C:\WINDOWS\system32\USER32.dll
0x000007feff9e0000 - 0x000007feffa47000 	C:\WINDOWS\system32\GDI32.dll
0x000007fefedb0000 - 0x000007fefedbe000 	C:\WINDOWS\system32\LPK.dll
0x000007feff210000 - 0x000007feff2da000 	C:\WINDOWS\system32\USP10.dll
0x000007feff830000 - 0x000007feff8cf000 	C:\WINDOWS\system32\msvcrt.dll
0x000007fefbc20000 - 0x000007fefbe14000 	C:\WINDOWS\WinSxS\amd64_microsoft.windows.common-controls_6595b64144ccf1df_6.0.7601.18837_none_fa3b1e3d17594757\COMCTL32.dll
0x000007fefea60000 - 0x000007fefead1000 	C:\WINDOWS\system32\SHLWAPI.dll
0x000007feff6d0000 - 0x000007feff6fe000 	C:\WINDOWS\system32\IMM32.DLL
0x000007feff8d0000 - 0x000007feff9d9000 	C:\WINDOWS\system32\MSCTF.dll
0x0000000073630000 - 0x0000000073669000 	C:\PROGRA~2\Sophos\SOPHOS~1\SOPHOS~2.DLL
0x0000000077c60000 - 0x0000000077c67000 	C:\WINDOWS\system32\PSAPI.DLL
0x0000000072000000 - 0x0000000072012000 	C:\Xilinx\SDK\2016.2\eclipse\win64.o\plugins\org.eclipse.equinox.launcher.win32.win32.x86_64_1.1.300.v20150602-1417\eclipse_1611.dll
0x000007fefdbf0000 - 0x000007fefdccb000 	C:\WINDOWS\system32\ADVAPI32.dll
0x000007feff2e0000 - 0x000007feff2ff000 	C:\WINDOWS\SYSTEM32\sechost.dll
0x000007feff700000 - 0x000007feff82d000 	C:\WINDOWS\system32\RPCRT4.dll
0x000007fefc9c0000 - 0x000007fefc9cc000 	C:\WINDOWS\system32\VERSION.dll
0x000007fefb820000 - 0x000007fefb876000 	C:\WINDOWS\system32\uxtheme.dll
0x0000000050f00000 - 0x0000000051789000 	C:\Xilinx\SDK\2016.2\tps\win64\jre\bin\server\jvm.dll
0x000007feeeed0000 - 0x000007feeeed9000 	C:\WINDOWS\system32\WSOCK32.dll
0x000007feffb60000 - 0x000007feffbad000 	C:\WINDOWS\system32\WS2_32.dll
0x000007feffa50000 - 0x000007feffa58000 	C:\WINDOWS\system32\NSI.dll
0x000007fefb4c0000 - 0x000007fefb4fb000 	C:\WINDOWS\system32\WINMM.dll
0x000000006e3b0000 - 0x000000006e482000 	C:\WINDOWS\system32\MSVCR100.dll
0x00000000742e0000 - 0x00000000742ef000 	C:\Xilinx\SDK\2016.2\tps\win64\jre\bin\verify.dll
0x0000000072e70000 - 0x0000000072e99000 	C:\Xilinx\SDK\2016.2\tps\win64\jre\bin\java.dll
0x0000000072eb0000 - 0x0000000072ec6000 	C:\Xilinx\SDK\2016.2\tps\win64\jre\bin\zip.dll
0x000007fefdcd0000 - 0x000007fefea5c000 	C:\WINDOWS\system32\SHELL32.dll
0x000007feffbb0000 - 0x000007feffdac000 	C:\WINDOWS\system32\ole32.dll
0x000007fefd7a0000 - 0x000007fefd7af000 	C:\WINDOWS\system32\profapi.dll
0x000007fefcf80000 - 0x000007fefcf98000 	C:\WINDOWS\system32\CRYPTSP.dll
0x000007fefcc80000 - 0x000007fefccc7000 	C:\WINDOWS\system32\rsaenh.dll
0x000007fefdac0000 - 0x000007fefdade000 	C:\WINDOWS\system32\USERENV.dll
0x0000000069160000 - 0x000000006917a000 	C:\Xilinx\SDK\2016.2\tps\win64\jre\bin\net.dll
0x000007fefc8c0000 - 0x000007fefc8f0000 	C:\ProgramData\Sophos\Web Intelligence\swi_ifslsp_64.dll
0x000007fefcf20000 - 0x000007fefcf75000 	C:\WINDOWS\system32\mswsock.dll
0x000007fefcf10000 - 0x000007fefcf17000 	C:\WINDOWS\System32\wship6.dll
0x000007fefc610000 - 0x000007fefc637000 	C:\WINDOWS\system32\IPHLPAPI.DLL
0x000007fefc8b0000 - 0x000007fefc8bb000 	C:\WINDOWS\system32\WINNSI.DLL
0x000007fef9950000 - 0x000007fef9961000 	C:\WINDOWS\system32\dhcpcsvc6.DLL
0x000007fef9810000 - 0x000007fef9828000 	C:\WINDOWS\system32\dhcpcsvc.DLL
0x0000000069f90000 - 0x0000000069fa1000 	C:\Xilinx\SDK\2016.2\tps\win64\jre\bin\nio.dll
0x000007fefd5f0000 - 0x000007fefd5ff000 	C:\WINDOWS\system32\CRYPTBASE.dll
0x000007fefbe30000 - 0x000007fefbe45000 	C:\WINDOWS\system32\NLAapi.dll
0x000007fef94f0000 - 0x000007fef9505000 	C:\WINDOWS\system32\napinsp.dll
0x000007fef9510000 - 0x000007fef9529000 	C:\WINDOWS\system32\pnrpnsp.dll
0x000007fefcda0000 - 0x000007fefcdfb000 	C:\WINDOWS\system32\DNSAPI.dll
0x000007fef2e80000 - 0x000007fef2e8b000 	C:\WINDOWS\System32\winrnr.dll
0x00000000003c0000 - 0x00000000003ee000 	C:\Program Files\Agilent\IO Libraries Suite\LxiMdnsNsp.dll
0x000007fefc8a0000 - 0x000007fefc8a7000 	C:\WINDOWS\System32\wshtcpip.dll
0x000007fef94e0000 - 0x000007fef94e8000 	C:\WINDOWS\system32\rasadhlp.dll
0x000007fef99e0000 - 0x000007fef9a33000 	C:\WINDOWS\System32\fwpuclnt.dll
0x0000000017860000 - 0x0000000017908000 	C:\Users\madhikar\.Xilinx\SDK\2016.2\org.eclipse.osgi\312\0\.cp\swt-win32-4527.dll
0x000007feffa80000 - 0x000007feffb5a000 	C:\WINDOWS\system32\OLEAUT32.dll
0x000007fefdb50000 - 0x000007fefdbe7000 	C:\WINDOWS\system32\comdlg32.dll
0x000007fefa180000 - 0x000007fefa1f1000 	C:\WINDOWS\system32\WINSPOOL.DRV
0x000007fefee60000 - 0x000007feff181000 	C:\WINDOWS\system32\WININET.dll
0x000007fefda90000 - 0x000007fefda94000 	C:\WINDOWS\system32\api-ms-win-downlevel-user32-l1-1-0.dll
0x000007fefdab0000 - 0x000007fefdab4000 	C:\WINDOWS\system32\api-ms-win-downlevel-shlwapi-l1-1-0.dll
0x000007fefdaa0000 - 0x000007fefdaa4000 	C:\WINDOWS\system32\api-ms-win-downlevel-version-l1-1-0.dll
0x000007fefd9e0000 - 0x000007fefd9e3000 	C:\WINDOWS\system32\api-ms-win-downlevel-normaliz-l1-1-0.dll
0x0000000077c70000 - 0x0000000077c73000 	C:\WINDOWS\system32\normaliz.DLL
0x000007fefeae0000 - 0x000007fefedaa000 	C:\WINDOWS\system32\iertutil.dll
0x000007fefdb00000 - 0x000007fefdb05000 	C:\WINDOWS\system32\api-ms-win-downlevel-advapi32-l1-1-0.dll
0x000007fefd7b0000 - 0x000007fefd91d000 	C:\WINDOWS\system32\CRYPT32.dll
0x000007fefd790000 - 0x000007fefd79f000 	C:\WINDOWS\system32\MSASN1.dll
0x000007fefb3c0000 - 0x000007fefb3d8000 	C:\WINDOWS\system32\dwmapi.dll
0x000007fefc3b0000 - 0x000007fefc4dc000 	C:\WINDOWS\system32\propsys.dll
0x000007fefedc0000 - 0x000007fefee59000 	C:\WINDOWS\system32\CLBCatQ.DLL
0x00000000024f0000 - 0x000000000250e000 	C:\Users\madhikar\.Xilinx\SDK\2016.2\org.eclipse.osgi\312\0\.cp\swt-gdip-win32-4527.dll
0x000007fefb600000 - 0x000007fefb816000 	C:\WINDOWS\WinSxS\amd64_microsoft.windows.gdiplus_6595b64144ccf1df_1.1.7601.23721_none_1457f4f68b936a93\gdiplus.dll
0x000007fef0160000 - 0x000007fef02c1000 	C:\WINDOWS\system32\WindowsCodecs.dll
0x0000000180000000 - 0x0000000180012000 	C:\Users\madhikar\.Xilinx\SDK\2016.2\org.eclipse.osgi\126\0\.cp\os\win32\x86_64\localfile_1_0_0.dll
0x000007fefabd0000 - 0x000007fefac24000 	C:\WINDOWS\system32\oleacc.dll
0x000007fefbef0000 - 0x000007fefbef7000 	C:\WINDOWS\system32\msimg32.dll
0x000007fefd640000 - 0x000007fefd654000 	C:\WINDOWS\system32\RpcRtRemote.dll
0x000007fefd590000 - 0x000007fefd5e7000 	C:\WINDOWS\system32\apphelp.dll
0x000007feeca30000 - 0x000007feeca41000 	C:\Users\madhikar\.Xilinx\SDK\2016.2\org.eclipse.osgi\129\0\.cp\jWinHttp-1.0.0.dll
0x000007fef5f90000 - 0x000007fef6001000 	C:\WINDOWS\system32\WINHTTP.dll
0x000007fef5f20000 - 0x000007fef5f85000 	C:\WINDOWS\system32\webio.dll
0x000007fefb410000 - 0x000007fefb41f000 	C:\Xilinx\SDK\2016.2\lib\win64.o\librdi_repo_manager.dll
0x000007feefc70000 - 0x000007feefc9a000 	C:\Xilinx\SDK\2016.2\lib\win64.o\libisl_sysinfo.dll
0x000007fef9ca0000 - 0x000007fef9d74000 	C:\WINDOWS\system32\MSVCR110.dll
0x000007fefa040000 - 0x000007fefa0e7000 	C:\WINDOWS\system32\MSVCP110.dll
0x000007febb200000 - 0x000007febbc40000 	C:\Xilinx\SDK\2016.2\lib\win64.o\librdi_common.dll
0x000007febd930000 - 0x000007febdc9e000 	C:\Xilinx\SDK\2016.2\lib\win64.o\libCOIN-all.dll
0x000007febd710000 - 0x000007febd92f000 	C:\Xilinx\SDK\2016.2\lib\win64.o\libXil_lmgr11.dll
0x000007fefbea0000 - 0x000007fefbeb6000 	C:\WINDOWS\system32\NETAPI32.dll
0x000007fefcbb0000 - 0x000007fefcbbc000 	C:\WINDOWS\system32\netutils.dll
0x000007fefd190000 - 0x000007fefd1b3000 	C:\WINDOWS\system32\srvcli.dll
0x000007fefbe60000 - 0x000007fefbe75000 	C:\WINDOWS\system32\wkscli.dll
0x000007fefd930000 - 0x000007fefd96b000 	C:\WINDOWS\system32\WINTRUST.dll
0x000007fefb120000 - 0x000007fefb130000 	C:\Xilinx\SDK\2016.2\lib\win64.o\libboost_date_time.dll
0x000007feefc40000 - 0x000007feefc64000 	C:\Xilinx\SDK\2016.2\lib\win64.o\libboost_filesystem.dll
0x000007fefafa0000 - 0x000007fefafa9000 	C:\Xilinx\SDK\2016.2\lib\win64.o\libboost_system.dll
0x000007feefad0000 - 0x000007feefb47000 	C:\Xilinx\SDK\2016.2\lib\win64.o\libboost_program_options.dll
0x000007febd600000 - 0x000007febd706000 	C:\Xilinx\SDK\2016.2\lib\win64.o\libboost_regex.dll
0x000007feefcc0000 - 0x000007feefcd3000 	C:\Xilinx\SDK\2016.2\lib\win64.o\libboost_signals.dll
0x000007feefc20000 - 0x000007feefc3d000 	C:\Xilinx\SDK\2016.2\lib\win64.o\libboost_thread.dll
0x000007fefa3a0000 - 0x000007fefa3ab000 	C:\Xilinx\SDK\2016.2\lib\win64.o\libboost_chrono.dll
0x000007fef9da0000 - 0x000007fef9dab000 	C:\Xilinx\SDK\2016.2\lib\win64.o\libboost_xilinx.dll
0x000007fee92c0000 - 0x000007fee9340000 	C:\Xilinx\SDK\2016.2\lib\win64.o\libhdlpsolve.dll
0x000007fee6c70000 - 0x000007fee6d0a000 	C:\Xilinx\SDK\2016.2\lib\win64.o\libhdxml.dll
0x000007febad90000 - 0x000007febb1f5e00 	C:\Xilinx\SDK\2016.2\lib\win64.o\libisl_iostreams.dll
0x000007feefab0000 - 0x000007feefac6000 	C:\Xilinx\SDK\2016.2\lib\win64.o\libboost_iostreams.dll
0x000007feecbd0000 - 0x000007feecbf3000 	C:\Xilinx\SDK\2016.2\lib\win64.o\librdizlib.dll
0x000007fee9100000 - 0x000007fee9123000 	C:\Xilinx\SDK\2016.2\lib\win64.o\libisl_iosutils.dll
0x000007feee290000 - 0x000007feee2a5000 	C:\Xilinx\SDK\2016.2\lib\win64.o\pthreadVC2.dll
0x000007fee8890000 - 0x000007fee88e4000 	C:\Xilinx\SDK\2016.2\lib\win64.o\librdi_commonxillic.dll
0x000007febfe50000 - 0x000007febff80000 	C:\Xilinx\SDK\2016.2\lib\win64.o\librdi_curl.dll
0x000007feee190000 - 0x000007feee1a8000 	C:\Xilinx\SDK\2016.2\lib\win64.o\librdiconfig.dll
0x000000005c820000 - 0x000000005c947000 	C:\Xilinx\SDK\2016.2\lib\win64.o\tcl85t.dll
0x0000000026b20000 - 0x0000000026d83000 	C:\Xilinx\SDK\2016.2\lib\win64.o\xerces-c_3_1.dll
0x000007feff540000 - 0x000007feff6c5000 	C:\WINDOWS\system32\urlmon.dll
0x000007fefd920000 - 0x000007fefd924000 	C:\WINDOWS\system32\api-ms-win-downlevel-ole32-l1-1-0.dll
0x000007fef99a0000 - 0x000007fef99c3000 	C:\WINDOWS\system32\VCOMP110.DLL
0x000007feb9070000 - 0x000007feb9262000 	C:\Xilinx\SDK\2016.2\lib\win64.o\librdi_hsm.dll
0x000007fee6fa0000 - 0x000007fee6fe3000 	C:\Xilinx\SDK\2016.2\lib\win64.o\librdi_hdf.dll
0x000007feb8de0000 - 0x000007feb9061000 	C:\Xilinx\SDK\2016.2\lib\win64.o\librdi_ippcw.dll
0x000007feed360000 - 0x000007feed376000 	C:\Xilinx\SDK\2016.2\eclipse\win64.o\plugins\org.eclipse.cdt.core.win32.x86_64_5.4.0.201509131935\os\win32\x86_64\spawner.dll
0x000007fefb5f0000 - 0x000007fefb5fa000 	C:\Xilinx\SDK\2016.2\lib\win64.o\librdi_jtag_settings.dll
0x000007fee6f30000 - 0x000007fee6f59000 	C:\Xilinx\SDK\2016.2\lib\win64.o\librdi_debug_dialog.dll
0x000007fef9990000 - 0x000007fef9998000 	C:\Xilinx\SDK\2016.2\lib\win64.o\librdi_target_manager.dll
0x000007fe9fb70000 - 0x000007fea0380000 	C:\Xilinx\SDK\2016.2\lib\win64.o\libXil_lmgr11FNP.dll
0x000007fef1610000 - 0x000007fef161b000 	C:\WINDOWS\system32\snmpapi.dll

VM Arguments:
jvm_args: -Dcom.xilinx.sdk.args.hwspec=H:/project_dft/project_dft.sdk/mcs_top.hdf -Xms64m -Xmx512m & 
java_command: <unknown>
java_class_path (initial): C:\Xilinx\SDK\2016.2\eclipse\win64.o\\plugins/org.eclipse.equinox.launcher_1.3.100.v20150511-1540.jar
Launcher Type: generic

Environment Variables:
USERNAME=madhikar
OS=Windows_NT
PROCESSOR_IDENTIFIER=Intel64 Family 6 Model 60 Stepping 3, GenuineIntel



---------------  S Y S T E M  ---------------

OS: Windows 7 , 64 bit Build 7601 (6.1.7601.23714)

CPU:total 8 (4 cores per cpu, 2 threads per core) family 6 model 60 stepping 3, cmov, cx8, fxsr, mmx, sse, sse2, sse3, ssse3, sse4.1, sse4.2, popcnt, avx, avx2, aes, clmul, erms, lzcnt, ht, tsc, tscinvbit, bmi1, bmi2

Memory: 4k page, physical 16717872k(6653956k free), swap 33433884k(21878192k free)

vm_info: Java HotSpot(TM) 64-Bit Server VM (25.66-b18) for windows-amd64 JRE (1.8.0_66-b18), built on Nov  9 2015 10:51:13 by "java_re" with MS VC++ 10.0 (VS2010)

time: Wed May 03 22:09:43 2017
elapsed time: 375 seconds (0d 0h 6m 15s)

