#-----------------------------------------------------------
# Vivado v2016.2 (64-bit)
# SW Build 1577090 on Thu Jun  2 16:32:40 MDT 2016
# IP Build 1577682 on Fri Jun  3 12:00:54 MDT 2016
# Start of session at: Wed May 03 12:45:32 2017
# Process ID: 7708
# Current directory: H:/project_dft
# Command line: vivado.exe -gui_launcher_event rodinguilauncherevent6880 H:\project_dft\project_dft.xpr
# Log file: H:/project_dft/vivado.log
# Journal file: H:/project_dft\vivado.jou
#-----------------------------------------------------------
start_gui
open_project H:/project_dft/project_dft.xpr
INFO: [Project 1-313] Project file moved from 'C:/Users/madhikar/project_dft' since last save.
Scanning sources...
Finished scanning sources
INFO: [IP_Flow 19-234] Refreshing IP repositories
INFO: [IP_Flow 19-1704] No user IP repositories specified
INFO: [IP_Flow 19-2313] Loaded Vivado IP repository 'C:/Xilinx/Vivado/2016.2/data/ip'.
open_project: Time (s): cpu = 00:00:09 ; elapsed = 00:00:06 . Memory (MB): peak = 728.406 ; gain = 86.703
update_compile_order -fileset sources_1
update_compile_order -fileset sources_1
update_compile_order -fileset sim_1
update_compile_order -fileset sources_1
update_compile_order -fileset sources_1
update_compile_order -fileset sim_1
update_compile_order -fileset sources_1
update_compile_order -fileset sim_1
update_compile_order -fileset sources_1
create_ip -name microblaze_mcs -vendor xilinx.com -library ip -version 3.0 -module_name microblaze_mcs_0
set_property -dict [list CONFIG.MEMSIZE {32768} CONFIG.USE_IO_BUS {1} CONFIG.USE_UART_RX {1} CONFIG.USE_UART_TX {1}] [get_ips microblaze_mcs_0]
INFO: [Device 21-403] Loading part xc7a100tcsg324-1
create_bd_cell: Time (s): cpu = 00:00:04 ; elapsed = 00:00:06 . Memory (MB): peak = 1056.242 ; gain = 215.320
generate_target {instantiation_template} [get_files h:/project_dft/project_dft.srcs/sources_1/ip/microblaze_mcs_0/microblaze_mcs_0.xci]
INFO: [IP_Flow 19-1686] Generating 'Instantiation Template' target for IP 'microblaze_mcs_0'...
update_compile_order -fileset sources_1
generate_target all [get_files  h:/project_dft/project_dft.srcs/sources_1/ip/microblaze_mcs_0/microblaze_mcs_0.xci]
INFO: [IP_Flow 19-1686] Generating 'Synthesis' target for IP 'microblaze_mcs_0'...
INFO: [IP_Flow 19-1686] Generating 'Simulation' target for IP 'microblaze_mcs_0'...
INFO: [IP_Flow 19-1686] Generating 'Implementation' target for IP 'microblaze_mcs_0'...
INFO: [IP_Flow 19-1686] Generating 'Change Log' target for IP 'microblaze_mcs_0'...
Exporting to file h:/project_dft/project_dft.srcs/sources_1/ip/microblaze_mcs_0/bd_0/hw_handoff/microblaze_mcs_0.hwh
Generated Block Design Tcl file h:/project_dft/project_dft.srcs/sources_1/ip/microblaze_mcs_0/bd_0/hw_handoff/microblaze_mcs_0_bd.tcl
Generated Hardware Definition File h:/project_dft/project_dft.srcs/sources_1/ip/microblaze_mcs_0/bd_0/hdl/microblaze_mcs_0.hwdef
generate_target: Time (s): cpu = 00:00:04 ; elapsed = 00:00:21 . Memory (MB): peak = 1063.465 ; gain = 7.223
export_ip_user_files -of_objects [get_files h:/project_dft/project_dft.srcs/sources_1/ip/microblaze_mcs_0/microblaze_mcs_0.xci] -no_script -force -quiet
create_ip_run [get_files -of_objects [get_fileset sources_1] h:/project_dft/project_dft.srcs/sources_1/ip/microblaze_mcs_0/microblaze_mcs_0.xci]
launch_run -jobs 4 microblaze_mcs_0_synth_1
[Wed May 03 13:29:06 2017] Launched bd_fc5c_0_microblaze_I_0_synth_1, bd_fc5c_0_rst_0_0_synth_1, bd_fc5c_0_ilmb_0_synth_1, bd_fc5c_0_dlmb_0_synth_1, bd_fc5c_0_dlmb_cntlr_0_synth_1, bd_fc5c_0_ilmb_cntlr_0_synth_1, bd_fc5c_0_lmb_bram_I_0_synth_1, bd_fc5c_0_iomodule_0_0_synth_1...
Run output will be captured here:
bd_fc5c_0_microblaze_I_0_synth_1: H:/project_dft/project_dft.runs/bd_fc5c_0_microblaze_I_0_synth_1/runme.log
bd_fc5c_0_rst_0_0_synth_1: H:/project_dft/project_dft.runs/bd_fc5c_0_rst_0_0_synth_1/runme.log
bd_fc5c_0_ilmb_0_synth_1: H:/project_dft/project_dft.runs/bd_fc5c_0_ilmb_0_synth_1/runme.log
bd_fc5c_0_dlmb_0_synth_1: H:/project_dft/project_dft.runs/bd_fc5c_0_dlmb_0_synth_1/runme.log
bd_fc5c_0_dlmb_cntlr_0_synth_1: H:/project_dft/project_dft.runs/bd_fc5c_0_dlmb_cntlr_0_synth_1/runme.log
bd_fc5c_0_ilmb_cntlr_0_synth_1: H:/project_dft/project_dft.runs/bd_fc5c_0_ilmb_cntlr_0_synth_1/runme.log
bd_fc5c_0_lmb_bram_I_0_synth_1: H:/project_dft/project_dft.runs/bd_fc5c_0_lmb_bram_I_0_synth_1/runme.log
bd_fc5c_0_iomodule_0_0_synth_1: H:/project_dft/project_dft.runs/bd_fc5c_0_iomodule_0_0_synth_1/runme.log
[Wed May 03 13:29:07 2017] Launched microblaze_mcs_0_synth_1...
Run output will be captured here: H:/project_dft/project_dft.runs/microblaze_mcs_0_synth_1/runme.log
launch_runs: Time (s): cpu = 00:00:02 ; elapsed = 00:00:16 . Memory (MB): peak = 1069.398 ; gain = 5.934
export_simulation -of_objects [get_files h:/project_dft/project_dft.srcs/sources_1/ip/microblaze_mcs_0/microblaze_mcs_0.xci] -directory H:/project_dft/project_dft.ip_user_files/sim_scripts -ip_user_files_dir H:/project_dft/project_dft.ip_user_files -ipstatic_source_dir H:/project_dft/project_dft.ip_user_files/ipstatic -force -quiet
file mkdir H:/project_dft/project_dft.srcs/constrs_1
file mkdir H:/project_dft/project_dft.srcs/constrs_1/new
close [ open H:/project_dft/project_dft.srcs/constrs_1/new/constt.xdc w ]
add_files -fileset constrs_1 H:/project_dft/project_dft.srcs/constrs_1/new/constt.xdc
launch_runs impl_1 -to_step write_bitstream -jobs 4
[Wed May 03 13:34:36 2017] Launched synth_1...
Run output will be captured here: H:/project_dft/project_dft.runs/synth_1/runme.log
[Wed May 03 13:34:36 2017] Launched impl_1...
Run output will be captured here: H:/project_dft/project_dft.runs/impl_1/runme.log
launch_runs: Time (s): cpu = 00:00:00 ; elapsed = 00:00:15 . Memory (MB): peak = 1140.516 ; gain = 0.000
file mkdir H:/project_dft/project_dft.sdk
file copy -force H:/project_dft/project_dft.runs/impl_1/mcs_top.sysdef H:/project_dft/project_dft.sdk/mcs_top.hdf

launch_sdk -workspace H:/project_dft/project_dft.sdk -hwspec H:/project_dft/project_dft.sdk/mcs_top.hdf
INFO: [Vivado 12-393] Launching SDK...
INFO: [Vivado 12-417] Running xsdk -workspace H:/project_dft/project_dft.sdk -hwspec H:/project_dft/project_dft.sdk/mcs_top.hdf
INFO: [Vivado 12-3157] SDK launch initiated. Please check console for any further messages.
exit
INFO: [Common 17-206] Exiting Vivado at Wed May 03 13:57:52 2017...
