#-----------------------------------------------------------
# Vivado v2016.2 (64-bit)
# SW Build 1577090 on Thu Jun  2 16:32:40 MDT 2016
# IP Build 1577682 on Fri Jun  3 12:00:54 MDT 2016
# Start of session at: Sun Feb 26 16:02:09 2017
# Process ID: 5952
# Current directory: H:/Xilinxprojects/project_meminitialize
# Command line: vivado.exe -gui_launcher_event rodinguilauncherevent832 H:\Xilinxprojects\project_meminitialize\project_meminitialize.xpr
# Log file: H:/Xilinxprojects/project_meminitialize/vivado.log
# Journal file: H:/Xilinxprojects/project_meminitialize\vivado.jou
#-----------------------------------------------------------
start_gui
open_project H:/Xilinxprojects/project_meminitialize/project_meminitialize.xpr
Scanning sources...
Finished scanning sources
INFO: [IP_Flow 19-234] Refreshing IP repositories
INFO: [IP_Flow 19-1704] No user IP repositories specified
INFO: [IP_Flow 19-2313] Loaded Vivado IP repository 'C:/Xilinx/Vivado/2016.2/data/ip'.
open_project: Time (s): cpu = 00:00:11 ; elapsed = 00:00:11 . Memory (MB): peak = 747.457 ; gain = 115.672
update_compile_order -fileset sources_1
exit
INFO: [Common 17-206] Exiting Vivado at Sun Feb 26 16:04:56 2017...
