#-----------------------------------------------------------
# Vivado v2016.2 (64-bit)
# SW Build 1577090 on Thu Jun  2 16:32:40 MDT 2016
# IP Build 1577682 on Fri Jun  3 12:00:54 MDT 2016
# Start of session at: Thu Mar 09 20:57:41 2017
# Process ID: 2264
# Current directory: H:/project_awgv3
# Command line: vivado.exe -gui_launcher_event rodinguilauncherevent4880 H:\project_awgv3\project_awgv3.xpr
# Log file: H:/project_awgv3/vivado.log
# Journal file: H:/project_awgv3\vivado.jou
#-----------------------------------------------------------
start_gui
open_project H:/project_awgv3/project_awgv3.xpr
Scanning sources...
Finished scanning sources
INFO: [IP_Flow 19-234] Refreshing IP repositories
INFO: [IP_Flow 19-1704] No user IP repositories specified
INFO: [IP_Flow 19-2313] Loaded Vivado IP repository 'C:/Xilinx/Vivado/2016.2/data/ip'.
open_project: Time (s): cpu = 00:00:12 ; elapsed = 00:00:08 . Memory (MB): peak = 797.098 ; gain = 136.746
update_compile_order -fileset sources_1
exit
INFO: [Common 17-206] Exiting Vivado at Thu Mar 09 21:34:09 2017...
