#-----------------------------------------------------------
# Vivado v2015.2 (64-bit)
# SW Build 1266856 on Fri Jun 26 16:35:25 MDT 2015
# IP Build 1264090 on Wed Jun 24 14:22:01 MDT 2015
# Start of session at: Mon May 01 11:55:48 2017
# Process ID: 7980
# Log file: V:/EECS 700-FPGA/New folder/project_awgv3/vivado.log
# Journal file: V:/EECS 700-FPGA/New folder/project_awgv3\vivado.jou
#-----------------------------------------------------------
start_gui
open_project {V:/EECS 700-FPGA/New folder/project_awgv3/project_awgv3.xpr}
INFO: [Project 1-313] Project file moved from 'H:/project_awgv3' since last save.
CRITICAL WARNING: [Project 1-311] Could not find the file 'V:/EECS 700-FPGA/New folder/Backup/project_awg_v2/project_2.srcs/sources_1/new/addrcounter.vhd', nor could it be found using path 'H:/Backup/project_awg_v2/project_2.srcs/sources_1/new/addrcounter.vhd'.
CRITICAL WARNING: [Project 1-311] Could not find the file 'V:/EECS 700-FPGA/New folder/Backup/project_awg_v2/project_2.srcs/sources_1/new/runmodule.vhd', nor could it be found using path 'H:/Backup/project_awg_v2/project_2.srcs/sources_1/new/runmodule.vhd'.
CRITICAL WARNING: [Project 1-311] Could not find the file 'V:/EECS 700-FPGA/New folder/Backup/project_awg_v2/project_2.srcs/sources_1/new/pdm.vhd', nor could it be found using path 'H:/Backup/project_awg_v2/project_2.srcs/sources_1/new/pdm.vhd'.
CRITICAL WARNING: [Project 1-311] Could not find the file 'V:/EECS 700-FPGA/New folder/Backup/project_awg_v2/project_2.srcs/sources_1/new/counter4.vhd', nor could it be found using path 'H:/Backup/project_awg_v2/project_2.srcs/sources_1/new/counter4.vhd'.
CRITICAL WARNING: [Project 1-311] Could not find the file 'V:/EECS 700-FPGA/New folder/Backup/project_awg_v2/project_2.srcs/sources_1/new/addrcounterreal.vhd', nor could it be found using path 'H:/Backup/project_awg_v2/project_2.srcs/sources_1/new/addrcounterreal.vhd'.
CRITICAL WARNING: [Project 1-311] Could not find the file 'V:/EECS 700-FPGA/New folder/Backup/project_awg_v2/project_2.srcs/sources_1/new/volume.vhd', nor could it be found using path 'H:/Backup/project_awg_v2/project_2.srcs/sources_1/new/volume.vhd'.
CRITICAL WARNING: [Project 1-311] Could not find the file 'V:/EECS 700-FPGA/New folder/Backup/project_awg_v2/project_2.srcs/sources_1/new/knightrider.vhd', nor could it be found using path 'H:/Backup/project_awg_v2/project_2.srcs/sources_1/new/knightrider.vhd'.
CRITICAL WARNING: [Project 1-311] Could not find the file 'V:/EECS 700-FPGA/New folder/Backup/project_awg_v2/project_2.srcs/constrs_1/new/constraintsssss.xdc', nor could it be found using path 'H:/Backup/project_awg_v2/project_2.srcs/constrs_1/new/constraintsssss.xdc'.
CRITICAL WARNING: [Project 1-311] Could not find the file 'V:/EECS 700-FPGA/New folder/Backup/project_awg_v2/project_2.srcs/sim_1/new/simfile1111.vhd', nor could it be found using path 'H:/Backup/project_awg_v2/project_2.srcs/sim_1/new/simfile1111.vhd'.
CRITICAL WARNING: [Project 1-311] Could not find the file 'V:/EECS 700-FPGA/New folder/Backup/project_awg_v2/project_2.srcs/sim_1/new/volsim.vhd', nor could it be found using path 'H:/Backup/project_awg_v2/project_2.srcs/sim_1/new/volsim.vhd'.
Scanning sources...
Finished scanning sources
CRITICAL WARNING: [Project 1-192] Failed to load run synth_1. Strategy Vivado Synthesis Defaults (Vivado Synthesis 2016) not recognized by Vivado. 

CRITICAL WARNING: [Project 1-192] Failed to load run impl_1. Strategy Vivado Implementation Defaults (Vivado Implementation 2016) not recognized by Vivado. 

CRITICAL WARNING: [Project 1-532] XML ERROR: Project Option CompiledLibDirXSim has no valid value
CRITICAL WARNING: [Project 1-505] Unrecognized Option Name CompiledLibDirModelSim
CRITICAL WARNING: [Project 1-505] Unrecognized Option Name CompiledLibDirQuesta
CRITICAL WARNING: [Project 1-505] Unrecognized Option Name CompiledLibDirIES
CRITICAL WARNING: [Project 1-505] Unrecognized Option Name CompiledLibDirVCS
CRITICAL WARNING: [Project 1-505] Unrecognized Option Name CompiledLibDirRiviera
CRITICAL WARNING: [Project 1-505] Unrecognized Option Name CompiledLibDirActivehdl
CRITICAL WARNING: [Project 1-505] Unrecognized Option Name CreateRefXciForCoreContainers
CRITICAL WARNING: [Project 1-505] Unrecognized Option Name IPUserFilesDir
CRITICAL WARNING: [Project 1-505] Unrecognized Option Name IPStaticSourceDir
CRITICAL WARNING: [Project 1-505] Unrecognized Option Name EnableBDX
CRITICAL WARNING: [Project 1-505] Unrecognized Option Name WTXSimLaunchSim
CRITICAL WARNING: [Project 1-505] Unrecognized Option Name WTModelSimLaunchSim
CRITICAL WARNING: [Project 1-505] Unrecognized Option Name WTQuestaLaunchSim
CRITICAL WARNING: [Project 1-505] Unrecognized Option Name WTIesLaunchSim
CRITICAL WARNING: [Project 1-505] Unrecognized Option Name WTVcsLaunchSim
CRITICAL WARNING: [Project 1-505] Unrecognized Option Name WTRivieraLaunchSim
CRITICAL WARNING: [Project 1-505] Unrecognized Option Name WTActivehdlLaunchSim
CRITICAL WARNING: [Project 1-505] Unrecognized Option Name WTXSimExportSim
CRITICAL WARNING: [Project 1-505] Unrecognized Option Name WTModelSimExportSim
CRITICAL WARNING: [Project 1-505] Unrecognized Option Name WTQuestaExportSim
CRITICAL WARNING: [Project 1-505] Unrecognized Option Name WTIesExportSim
CRITICAL WARNING: [Project 1-505] Unrecognized Option Name WTVcsExportSim
CRITICAL WARNING: [Project 1-505] Unrecognized Option Name WTRivieraExportSim
CRITICAL WARNING: [Project 1-505] Unrecognized Option Name WTActivehdlExportSim
WARNING: [Project 1-231] Project 'project_awgv3.xpr' was created with a future version and may or may not perform reliably with this version of Vivado. It has been opened in read-only mode for the protection of unrecognized data. Use 'File | Save Project As...' if you wish to alter a copy of the project.
INFO: [IP_Flow 19-234] Refreshing IP repositories
INFO: [IP_Flow 19-1704] No user IP repositories specified
INFO: [IP_Flow 19-2313] Loaded Vivado IP repository 'C:/Xilinx/Vivado/2015.2/data/ip'.
update_compile_order -fileset sources_1
update_compile_order -fileset sim_1
update_compile_order -fileset sources_1
update_compile_order -fileset sim_1
exit
INFO: [Common 17-206] Exiting Vivado at Mon May 01 11:56:25 2017...
